WARNING: This is a development server. Do not use it in a production deployment. Use a production WSGI server instead.
 * Running on http://127.0.0.1:5055
Press CTRL+C to quit
127.0.0.1 - - [17/Apr/2026 16:46:09] "GET /api/monitor/live HTTP/1.1" 403 -
127.0.0.1 - - [17/Apr/2026 16:46:09] "GET /login HTTP/1.1" 200 -
127.0.0.1 - - [17/Apr/2026 16:46:39] "GET /api/monitor/live HTTP/1.1" 403 -
127.0.0.1 - - [17/Apr/2026 16:47:09] "GET /api/monitor/live HTTP/1.1" 403 -
127.0.0.1 - - [17/Apr/2026 16:47:39] "GET /api/monitor/live HTTP/1.1" 403 -
127.0.0.1 - - [17/Apr/2026 16:48:09] "GET /api/monitor/live HTTP/1.1" 403 -
127.0.0.1 - - [17/Apr/2026 16:48:39] "GET /api/monitor/live HTTP/1.1" 403 -
127.0.0.1 - - [17/Apr/2026 16:49:09] "GET /api/monitor/live HTTP/1.1" 403 -
127.0.0.1 - - [17/Apr/2026 16:49:57] "GET /api/monitor/live HTTP/1.1" 403 -
127.0.0.1 - - [17/Apr/2026 16:50:57] "GET /api/monitor/live HTTP/1.1" 403 -
127.0.0.1 - - [17/Apr/2026 16:51:57] "GET /api/monitor/live HTTP/1.1" 403 -
127.0.0.1 - - [17/Apr/2026 16:52:57] "GET /api/monitor/live HTTP/1.1" 403 -
127.0.0.1 - - [17/Apr/2026 16:53:57] "GET /api/monitor/live HTTP/1.1" 403 -
127.0.0.1 - - [17/Apr/2026 16:54:57] "GET /api/monitor/live HTTP/1.1" 403 -
127.0.0.1 - - [17/Apr/2026 16:55:57] "GET /api/monitor/live HTTP/1.1" 403 -
127.0.0.1 - - [17/Apr/2026 16:56:57] "GET /api/monitor/live HTTP/1.1" 403 -
127.0.0.1 - - [17/Apr/2026 16:57:57] "GET /api/monitor/live HTTP/1.1" 403 -
127.0.0.1 - - [17/Apr/2026 16:58:57] "GET /api/monitor/live HTTP/1.1" 403 -
127.0.0.1 - - [17/Apr/2026 16:59:57] "GET /api/monitor/live HTTP/1.1" 403 -
127.0.0.1 - - [17/Apr/2026 17:00:57] "GET /api/monitor/live HTTP/1.1" 403 -
127.0.0.1 - - [17/Apr/2026 17:01:57] "GET /api/monitor/live HTTP/1.1" 403 -
127.0.0.1 - - [17/Apr/2026 17:02:57] "GET /api/monitor/live HTTP/1.1" 403 -
127.0.0.1 - - [17/Apr/2026 17:03:57] "GET /api/monitor/live HTTP/1.1" 403 -
127.0.0.1 - - [17/Apr/2026 17:04:57] "GET /api/monitor/live HTTP/1.1" 403 -
127.0.0.1 - - [17/Apr/2026 17:05:57] "GET /api/monitor/live HTTP/1.1" 403 -
127.0.0.1 - - [17/Apr/2026 17:06:57] "GET /api/monitor/live HTTP/1.1" 403 -
127.0.0.1 - - [17/Apr/2026 17:07:57] "GET /api/monitor/live HTTP/1.1" 403 -
127.0.0.1 - - [17/Apr/2026 17:08:57] "GET /api/monitor/live HTTP/1.1" 403 -
127.0.0.1 - - [17/Apr/2026 17:09:57] "GET /api/monitor/live HTTP/1.1" 403 -
127.0.0.1 - - [17/Apr/2026 17:10:57] "GET /api/monitor/live HTTP/1.1" 403 -
127.0.0.1 - - [17/Apr/2026 17:11:57] "GET /api/monitor/live HTTP/1.1" 403 -
127.0.0.1 - - [17/Apr/2026 17:12:57] "GET /api/monitor/live HTTP/1.1" 403 -
127.0.0.1 - - [17/Apr/2026 17:13:57] "GET /api/monitor/live HTTP/1.1" 403 -
127.0.0.1 - - [17/Apr/2026 17:14:57] "GET /api/monitor/live HTTP/1.1" 403 -
127.0.0.1 - - [17/Apr/2026 17:15:57] "GET /api/monitor/live HTTP/1.1" 403 -
127.0.0.1 - - [17/Apr/2026 17:16:57] "GET /api/monitor/live HTTP/1.1" 403 -
127.0.0.1 - - [17/Apr/2026 17:17:57] "GET /api/monitor/live HTTP/1.1" 403 -
127.0.0.1 - - [17/Apr/2026 17:18:57] "GET /api/monitor/live HTTP/1.1" 403 -
127.0.0.1 - - [17/Apr/2026 17:19:57] "GET /api/monitor/live HTTP/1.1" 403 -
127.0.0.1 - - [17/Apr/2026 17:20:57] "GET /api/monitor/live HTTP/1.1" 403 -
127.0.0.1 - - [17/Apr/2026 17:21:57] "GET /api/monitor/live HTTP/1.1" 403 -
127.0.0.1 - - [17/Apr/2026 17:22:57] "GET /api/monitor/live HTTP/1.1" 403 -
127.0.0.1 - - [17/Apr/2026 17:23:57] "GET /api/monitor/live HTTP/1.1" 403 -
127.0.0.1 - - [17/Apr/2026 17:24:57] "GET /api/monitor/live HTTP/1.1" 403 -
127.0.0.1 - - [17/Apr/2026 17:25:57] "GET /api/monitor/live HTTP/1.1" 403 -
127.0.0.1 - - [17/Apr/2026 17:26:57] "GET /api/monitor/live HTTP/1.1" 403 -
127.0.0.1 - - [17/Apr/2026 17:27:57] "GET /api/monitor/live HTTP/1.1" 403 -
127.0.0.1 - - [17/Apr/2026 17:28:57] "GET /api/monitor/live HTTP/1.1" 403 -
127.0.0.1 - - [17/Apr/2026 17:29:57] "GET /api/monitor/live HTTP/1.1" 403 -
127.0.0.1 - - [17/Apr/2026 17:30:57] "GET /api/monitor/live HTTP/1.1" 403 -
127.0.0.1 - - [17/Apr/2026 17:31:57] "GET /api/monitor/live HTTP/1.1" 403 -
127.0.0.1 - - [17/Apr/2026 17:32:57] "GET /api/monitor/live HTTP/1.1" 403 -
127.0.0.1 - - [17/Apr/2026 17:33:57] "GET /api/monitor/live HTTP/1.1" 403 -
127.0.0.1 - - [17/Apr/2026 17:34:57] "GET /api/monitor/live HTTP/1.1" 403 -
127.0.0.1 - - [17/Apr/2026 17:35:57] "GET /api/monitor/live HTTP/1.1" 403 -
127.0.0.1 - - [17/Apr/2026 17:36:57] "GET /api/monitor/live HTTP/1.1" 403 -
127.0.0.1 - - [17/Apr/2026 17:37:57] "GET /api/monitor/live HTTP/1.1" 403 -
127.0.0.1 - - [17/Apr/2026 17:38:57] "GET /api/monitor/live HTTP/1.1" 403 -
127.0.0.1 - - [17/Apr/2026 17:39:57] "GET /api/monitor/live HTTP/1.1" 403 -
127.0.0.1 - - [17/Apr/2026 17:40:57] "GET /api/monitor/live HTTP/1.1" 403 -
127.0.0.1 - - [17/Apr/2026 17:41:57] "GET /api/monitor/live HTTP/1.1" 403 -
127.0.0.1 - - [17/Apr/2026 17:42:57] "GET /api/monitor/live HTTP/1.1" 403 -
127.0.0.1 - - [17/Apr/2026 17:43:57] "GET /api/monitor/live HTTP/1.1" 403 -
127.0.0.1 - - [17/Apr/2026 17:44:57] "GET /api/monitor/live HTTP/1.1" 403 -
127.0.0.1 - - [17/Apr/2026 20:29:43] "GET /api/monitor/live HTTP/1.1" 403 -
127.0.0.1 - - [17/Apr/2026 20:30:09] "GET /api/monitor/live HTTP/1.1" 403 -
127.0.0.1 - - [17/Apr/2026 20:32:51] "GET /api/monitor/live HTTP/1.1" 403 -
127.0.0.1 - - [17/Apr/2026 20:33:09] "GET /api/monitor/live HTTP/1.1" 403 -
127.0.0.1 - - [17/Apr/2026 20:46:05] "GET /api/monitor/live HTTP/1.1" 403 -
127.0.0.1 - - [17/Apr/2026 20:46:09] "GET /api/monitor/live HTTP/1.1" 403 -
127.0.0.1 - - [17/Apr/2026 20:46:12] "GET /api/monitor/live HTTP/1.1" 403 -
127.0.0.1 - - [17/Apr/2026 20:49:49] "GET /api/monitor/live HTTP/1.1" 403 -
127.0.0.1 - - [17/Apr/2026 20:50:09] "GET /api/monitor/live HTTP/1.1" 403 -
127.0.0.1 - - [17/Apr/2026 22:34:49] "GET / HTTP/1.1" 302 -
[2026-04-17 22:34:49,700] ERROR in app: Exception on /dashboard [GET]
Traceback (most recent call last):
  File "c:\Users\shenc\Desktop\feddiffsecure_minimal\.venv\lib\site-packages\flask\app.py", line 1511, in wsgi_app
    response = self.full_dispatch_request()
  File "c:\Users\shenc\Desktop\feddiffsecure_minimal\.venv\lib\site-packages\flask\app.py", line 919, in full_dispatch_request
    rv = self.handle_user_exception(e)
  File "c:\Users\shenc\Desktop\feddiffsecure_minimal\.venv\lib\site-packages\flask\app.py", line 917, in full_dispatch_request
    rv = self.dispatch_request()
  File "c:\Users\shenc\Desktop\feddiffsecure_minimal\.venv\lib\site-packages\flask\app.py", line 902, in dispatch_request
    return self.ensure_sync(self.view_functions[rule.endpoint])(**view_args)  # type: ignore[no-any-return]
  File "c:\Users\shenc\Desktop\feddiffsecure_minimal\demo_portal\auth.py", line 25, in wrapped
    return view_func(*args, **kwargs)
  File "c:\Users\shenc\Desktop\feddiffsecure_minimal\demo_portal\app.py", line 57, in dashboard
    return render_template("dashboard.html", overview=get_overview(), live_monitor=get_live_monitor())
  File "c:\Users\shenc\Desktop\feddiffsecure_minimal\.venv\lib\site-packages\flask\templating.py", line 151, in render_template
    return _render(app, template, context)
  File "c:\Users\shenc\Desktop\feddiffsecure_minimal\.venv\lib\site-packages\flask\templating.py", line 132, in _render
    rv = template.render(context)
  File "c:\Users\shenc\Desktop\feddiffsecure_minimal\.venv\lib\site-packages\jinja2\environment.py", line 1295, in render
    self.environment.handle_exception()
  File "c:\Users\shenc\Desktop\feddiffsecure_minimal\.venv\lib\site-packages\jinja2\environment.py", line 942, in handle_exception
    raise rewrite_traceback_stack(source=source)
  File "c:\Users\shenc\Desktop\feddiffsecure_minimal\demo_portal\templates\dashboard.html", line 1, in top-level template code
    {% extends "base.html" %}
  File "c:\Users\shenc\Desktop\feddiffsecure_minimal\demo_portal\templates\base.html", line 40, in top-level template code
    </form>
  File "c:\Users\shenc\Desktop\feddiffsecure_minimal\demo_portal\templates\dashboard.html", line 13, in block 'content'
    <a class="inline-link" href="{{ url_for('results') }}">˝řČë˝áąűŐąĘľÖĐĐÄ</a>
  File "c:\Users\shenc\Desktop\feddiffsecure_minimal\.venv\lib\site-packages\flask\app.py", line 1121, in url_for
    return self.handle_url_build_error(error, endpoint, values)
  File "c:\Users\shenc\Desktop\feddiffsecure_minimal\.venv\lib\site-packages\flask\app.py", line 1110, in url_for
    rv = url_adapter.build(  # type: ignore[union-attr]
  File "c:\Users\shenc\Desktop\feddiffsecure_minimal\.venv\lib\site-packages\werkzeug\routing\map.py", line 901, in build
    raise BuildError(endpoint, values, method, self)
werkzeug.routing.exceptions.BuildError: Could not build url for endpoint 'results'. Did you mean 'api_runs' instead?
127.0.0.1 - - [17/Apr/2026 22:34:49] "GET /dashboard HTTP/1.1" 500 -
[2026-04-17 22:34:56,279] ERROR in app: Exception on /dashboard [GET]
Traceback (most recent call last):
  File "c:\Users\shenc\Desktop\feddiffsecure_minimal\.venv\lib\site-packages\flask\app.py", line 1511, in wsgi_app
    response = self.full_dispatch_request()
  File "c:\Users\shenc\Desktop\feddiffsecure_minimal\.venv\lib\site-packages\flask\app.py", line 919, in full_dispatch_request
    rv = self.handle_user_exception(e)
  File "c:\Users\shenc\Desktop\feddiffsecure_minimal\.venv\lib\site-packages\flask\app.py", line 917, in full_dispatch_request
    rv = self.dispatch_request()
  File "c:\Users\shenc\Desktop\feddiffsecure_minimal\.venv\lib\site-packages\flask\app.py", line 902, in dispatch_request
    return self.ensure_sync(self.view_functions[rule.endpoint])(**view_args)  # type: ignore[no-any-return]
  File "c:\Users\shenc\Desktop\feddiffsecure_minimal\demo_portal\auth.py", line 25, in wrapped
    return view_func(*args, **kwargs)
  File "c:\Users\shenc\Desktop\feddiffsecure_minimal\demo_portal\app.py", line 57, in dashboard
    return render_template("dashboard.html", overview=get_overview(), live_monitor=get_live_monitor())
  File "c:\Users\shenc\Desktop\feddiffsecure_minimal\.venv\lib\site-packages\flask\templating.py", line 151, in render_template
    return _render(app, template, context)
  File "c:\Users\shenc\Desktop\feddiffsecure_minimal\.venv\lib\site-packages\flask\templating.py", line 132, in _render
    rv = template.render(context)
  File "c:\Users\shenc\Desktop\feddiffsecure_minimal\.venv\lib\site-packages\jinja2\environment.py", line 1295, in render
    self.environment.handle_exception()
  File "c:\Users\shenc\Desktop\feddiffsecure_minimal\.venv\lib\site-packages\jinja2\environment.py", line 942, in handle_exception
    raise rewrite_traceback_stack(source=source)
  File "c:\Users\shenc\Desktop\feddiffsecure_minimal\demo_portal\templates\dashboard.html", line 1, in top-level template code
    {% extends "base.html" %}
  File "c:\Users\shenc\Desktop\feddiffsecure_minimal\demo_portal\templates\base.html", line 40, in top-level template code
    </form>
  File "c:\Users\shenc\Desktop\feddiffsecure_minimal\demo_portal\templates\dashboard.html", line 13, in block 'content'
    <a class="inline-link" href="{{ url_for('results') }}">˝řČë˝áąűŐąĘľÖĐĐÄ</a>
  File "c:\Users\shenc\Desktop\feddiffsecure_minimal\.venv\lib\site-packages\flask\app.py", line 1121, in url_for
    return self.handle_url_build_error(error, endpoint, values)
  File "c:\Users\shenc\Desktop\feddiffsecure_minimal\.venv\lib\site-packages\flask\app.py", line 1110, in url_for
    rv = url_adapter.build(  # type: ignore[union-attr]
  File "c:\Users\shenc\Desktop\feddiffsecure_minimal\.venv\lib\site-packages\werkzeug\routing\map.py", line 901, in build
    raise BuildError(endpoint, values, method, self)
werkzeug.routing.exceptions.BuildError: Could not build url for endpoint 'results'. Did you mean 'api_runs' instead?
127.0.0.1 - - [17/Apr/2026 22:34:56] "GET /dashboard HTTP/1.1" 500 -
[2026-04-17 22:34:56,818] ERROR in app: Exception on /dashboard [GET]
Traceback (most recent call last):
  File "c:\Users\shenc\Desktop\feddiffsecure_minimal\.venv\lib\site-packages\flask\app.py", line 1511, in wsgi_app
    response = self.full_dispatch_request()
  File "c:\Users\shenc\Desktop\feddiffsecure_minimal\.venv\lib\site-packages\flask\app.py", line 919, in full_dispatch_request
    rv = self.handle_user_exception(e)
  File "c:\Users\shenc\Desktop\feddiffsecure_minimal\.venv\lib\site-packages\flask\app.py", line 917, in full_dispatch_request
    rv = self.dispatch_request()
  File "c:\Users\shenc\Desktop\feddiffsecure_minimal\.venv\lib\site-packages\flask\app.py", line 902, in dispatch_request
    return self.ensure_sync(self.view_functions[rule.endpoint])(**view_args)  # type: ignore[no-any-return]
  File "c:\Users\shenc\Desktop\feddiffsecure_minimal\demo_portal\auth.py", line 25, in wrapped
    return view_func(*args, **kwargs)
  File "c:\Users\shenc\Desktop\feddiffsecure_minimal\demo_portal\app.py", line 57, in dashboard
    return render_template("dashboard.html", overview=get_overview(), live_monitor=get_live_monitor())
  File "c:\Users\shenc\Desktop\feddiffsecure_minimal\.venv\lib\site-packages\flask\templating.py", line 151, in render_template
    return _render(app, template, context)
  File "c:\Users\shenc\Desktop\feddiffsecure_minimal\.venv\lib\site-packages\flask\templating.py", line 132, in _render
    rv = template.render(context)
  File "c:\Users\shenc\Desktop\feddiffsecure_minimal\.venv\lib\site-packages\jinja2\environment.py", line 1295, in render
    self.environment.handle_exception()
  File "c:\Users\shenc\Desktop\feddiffsecure_minimal\.venv\lib\site-packages\jinja2\environment.py", line 942, in handle_exception
    raise rewrite_traceback_stack(source=source)
  File "c:\Users\shenc\Desktop\feddiffsecure_minimal\demo_portal\templates\dashboard.html", line 1, in top-level template code
    {% extends "base.html" %}
  File "c:\Users\shenc\Desktop\feddiffsecure_minimal\demo_portal\templates\base.html", line 40, in top-level template code
    </form>
  File "c:\Users\shenc\Desktop\feddiffsecure_minimal\demo_portal\templates\dashboard.html", line 13, in block 'content'
    <a class="inline-link" href="{{ url_for('results') }}">˝řČë˝áąűŐąĘľÖĐĐÄ</a>
  File "c:\Users\shenc\Desktop\feddiffsecure_minimal\.venv\lib\site-packages\flask\app.py", line 1121, in url_for
    return self.handle_url_build_error(error, endpoint, values)
  File "c:\Users\shenc\Desktop\feddiffsecure_minimal\.venv\lib\site-packages\flask\app.py", line 1110, in url_for
    rv = url_adapter.build(  # type: ignore[union-attr]
  File "c:\Users\shenc\Desktop\feddiffsecure_minimal\.venv\lib\site-packages\werkzeug\routing\map.py", line 901, in build
    raise BuildError(endpoint, values, method, self)
werkzeug.routing.exceptions.BuildError: Could not build url for endpoint 'results'. Did you mean 'api_runs' instead?
127.0.0.1 - - [17/Apr/2026 22:34:56] "GET /dashboard HTTP/1.1" 500 -
[2026-04-17 22:34:57,244] ERROR in app: Exception on /dashboard [GET]
Traceback (most recent call last):
  File "c:\Users\shenc\Desktop\feddiffsecure_minimal\.venv\lib\site-packages\flask\app.py", line 1511, in wsgi_app
    response = self.full_dispatch_request()
  File "c:\Users\shenc\Desktop\feddiffsecure_minimal\.venv\lib\site-packages\flask\app.py", line 919, in full_dispatch_request
    rv = self.handle_user_exception(e)
  File "c:\Users\shenc\Desktop\feddiffsecure_minimal\.venv\lib\site-packages\flask\app.py", line 917, in full_dispatch_request
    rv = self.dispatch_request()
  File "c:\Users\shenc\Desktop\feddiffsecure_minimal\.venv\lib\site-packages\flask\app.py", line 902, in dispatch_request
    return self.ensure_sync(self.view_functions[rule.endpoint])(**view_args)  # type: ignore[no-any-return]
  File "c:\Users\shenc\Desktop\feddiffsecure_minimal\demo_portal\auth.py", line 25, in wrapped
    return view_func(*args, **kwargs)
  File "c:\Users\shenc\Desktop\feddiffsecure_minimal\demo_portal\app.py", line 57, in dashboard
    return render_template("dashboard.html", overview=get_overview(), live_monitor=get_live_monitor())
  File "c:\Users\shenc\Desktop\feddiffsecure_minimal\.venv\lib\site-packages\flask\templating.py", line 151, in render_template
    return _render(app, template, context)
  File "c:\Users\shenc\Desktop\feddiffsecure_minimal\.venv\lib\site-packages\flask\templating.py", line 132, in _render
    rv = template.render(context)
  File "c:\Users\shenc\Desktop\feddiffsecure_minimal\.venv\lib\site-packages\jinja2\environment.py", line 1295, in render
    self.environment.handle_exception()
  File "c:\Users\shenc\Desktop\feddiffsecure_minimal\.venv\lib\site-packages\jinja2\environment.py", line 942, in handle_exception
    raise rewrite_traceback_stack(source=source)
  File "c:\Users\shenc\Desktop\feddiffsecure_minimal\demo_portal\templates\dashboard.html", line 1, in top-level template code
    {% extends "base.html" %}
  File "c:\Users\shenc\Desktop\feddiffsecure_minimal\demo_portal\templates\base.html", line 40, in top-level template code
    </form>
  File "c:\Users\shenc\Desktop\feddiffsecure_minimal\demo_portal\templates\dashboard.html", line 13, in block 'content'
    <a class="inline-link" href="{{ url_for('results') }}">˝řČë˝áąűŐąĘľÖĐĐÄ</a>
  File "c:\Users\shenc\Desktop\feddiffsecure_minimal\.venv\lib\site-packages\flask\app.py", line 1121, in url_for
    return self.handle_url_build_error(error, endpoint, values)
  File "c:\Users\shenc\Desktop\feddiffsecure_minimal\.venv\lib\site-packages\flask\app.py", line 1110, in url_for
    rv = url_adapter.build(  # type: ignore[union-attr]
  File "c:\Users\shenc\Desktop\feddiffsecure_minimal\.venv\lib\site-packages\werkzeug\routing\map.py", line 901, in build
    raise BuildError(endpoint, values, method, self)
werkzeug.routing.exceptions.BuildError: Could not build url for endpoint 'results'. Did you mean 'api_runs' instead?
127.0.0.1 - - [17/Apr/2026 22:34:57] "GET /dashboard HTTP/1.1" 500 -
[2026-04-17 22:34:57,800] ERROR in app: Exception on /dashboard [GET]
Traceback (most recent call last):
  File "c:\Users\shenc\Desktop\feddiffsecure_minimal\.venv\lib\site-packages\flask\app.py", line 1511, in wsgi_app
    response = self.full_dispatch_request()
  File "c:\Users\shenc\Desktop\feddiffsecure_minimal\.venv\lib\site-packages\flask\app.py", line 919, in full_dispatch_request
    rv = self.handle_user_exception(e)
  File "c:\Users\shenc\Desktop\feddiffsecure_minimal\.venv\lib\site-packages\flask\app.py", line 917, in full_dispatch_request
    rv = self.dispatch_request()
  File "c:\Users\shenc\Desktop\feddiffsecure_minimal\.venv\lib\site-packages\flask\app.py", line 902, in dispatch_request
    return self.ensure_sync(self.view_functions[rule.endpoint])(**view_args)  # type: ignore[no-any-return]
  File "c:\Users\shenc\Desktop\feddiffsecure_minimal\demo_portal\auth.py", line 25, in wrapped
    return view_func(*args, **kwargs)
  File "c:\Users\shenc\Desktop\feddiffsecure_minimal\demo_portal\app.py", line 57, in dashboard
    return render_template("dashboard.html", overview=get_overview(), live_monitor=get_live_monitor())
  File "c:\Users\shenc\Desktop\feddiffsecure_minimal\.venv\lib\site-packages\flask\templating.py", line 151, in render_template
    return _render(app, template, context)
  File "c:\Users\shenc\Desktop\feddiffsecure_minimal\.venv\lib\site-packages\flask\templating.py", line 132, in _render
    rv = template.render(context)
  File "c:\Users\shenc\Desktop\feddiffsecure_minimal\.venv\lib\site-packages\jinja2\environment.py", line 1295, in render
    self.environment.handle_exception()
  File "c:\Users\shenc\Desktop\feddiffsecure_minimal\.venv\lib\site-packages\jinja2\environment.py", line 942, in handle_exception
    raise rewrite_traceback_stack(source=source)
  File "c:\Users\shenc\Desktop\feddiffsecure_minimal\demo_portal\templates\dashboard.html", line 1, in top-level template code
    {% extends "base.html" %}
  File "c:\Users\shenc\Desktop\feddiffsecure_minimal\demo_portal\templates\base.html", line 40, in top-level template code
    </form>
  File "c:\Users\shenc\Desktop\feddiffsecure_minimal\demo_portal\templates\dashboard.html", line 13, in block 'content'
    <a class="inline-link" href="{{ url_for('results') }}">˝řČë˝áąűŐąĘľÖĐĐÄ</a>
  File "c:\Users\shenc\Desktop\feddiffsecure_minimal\.venv\lib\site-packages\flask\app.py", line 1121, in url_for
    return self.handle_url_build_error(error, endpoint, values)
  File "c:\Users\shenc\Desktop\feddiffsecure_minimal\.venv\lib\site-packages\flask\app.py", line 1110, in url_for
    rv = url_adapter.build(  # type: ignore[union-attr]
  File "c:\Users\shenc\Desktop\feddiffsecure_minimal\.venv\lib\site-packages\werkzeug\routing\map.py", line 901, in build
    raise BuildError(endpoint, values, method, self)
werkzeug.routing.exceptions.BuildError: Could not build url for endpoint 'results'. Did you mean 'api_runs' instead?
127.0.0.1 - - [17/Apr/2026 22:34:57] "GET /dashboard HTTP/1.1" 500 -
127.0.0.1 - - [17/Apr/2026 22:37:01] "GET / HTTP/1.1" 302 -
[2026-04-17 22:37:01,390] ERROR in app: Exception on /dashboard [GET]
Traceback (most recent call last):
  File "c:\Users\shenc\Desktop\feddiffsecure_minimal\.venv\lib\site-packages\flask\app.py", line 1511, in wsgi_app
    response = self.full_dispatch_request()
  File "c:\Users\shenc\Desktop\feddiffsecure_minimal\.venv\lib\site-packages\flask\app.py", line 919, in full_dispatch_request
    rv = self.handle_user_exception(e)
  File "c:\Users\shenc\Desktop\feddiffsecure_minimal\.venv\lib\site-packages\flask\app.py", line 917, in full_dispatch_request
    rv = self.dispatch_request()
  File "c:\Users\shenc\Desktop\feddiffsecure_minimal\.venv\lib\site-packages\flask\app.py", line 902, in dispatch_request
    return self.ensure_sync(self.view_functions[rule.endpoint])(**view_args)  # type: ignore[no-any-return]
  File "c:\Users\shenc\Desktop\feddiffsecure_minimal\demo_portal\auth.py", line 25, in wrapped
    return view_func(*args, **kwargs)
  File "c:\Users\shenc\Desktop\feddiffsecure_minimal\demo_portal\app.py", line 57, in dashboard
    return render_template("dashboard.html", overview=get_overview(), live_monitor=get_live_monitor())
  File "c:\Users\shenc\Desktop\feddiffsecure_minimal\.venv\lib\site-packages\flask\templating.py", line 151, in render_template
    return _render(app, template, context)
  File "c:\Users\shenc\Desktop\feddiffsecure_minimal\.venv\lib\site-packages\flask\templating.py", line 132, in _render
    rv = template.render(context)
  File "c:\Users\shenc\Desktop\feddiffsecure_minimal\.venv\lib\site-packages\jinja2\environment.py", line 1295, in render
    self.environment.handle_exception()
  File "c:\Users\shenc\Desktop\feddiffsecure_minimal\.venv\lib\site-packages\jinja2\environment.py", line 942, in handle_exception
    raise rewrite_traceback_stack(source=source)
  File "c:\Users\shenc\Desktop\feddiffsecure_minimal\demo_portal\templates\dashboard.html", line 1, in top-level template code
    {% extends "base.html" %}
  File "c:\Users\shenc\Desktop\feddiffsecure_minimal\demo_portal\templates\base.html", line 40, in top-level template code
    </form>
  File "c:\Users\shenc\Desktop\feddiffsecure_minimal\demo_portal\templates\dashboard.html", line 13, in block 'content'
    <a class="inline-link" href="{{ url_for('results') }}">˝řČë˝áąűŐąĘľÖĐĐÄ</a>
  File "c:\Users\shenc\Desktop\feddiffsecure_minimal\.venv\lib\site-packages\flask\app.py", line 1121, in url_for
    return self.handle_url_build_error(error, endpoint, values)
  File "c:\Users\shenc\Desktop\feddiffsecure_minimal\.venv\lib\site-packages\flask\app.py", line 1110, in url_for
    rv = url_adapter.build(  # type: ignore[union-attr]
  File "c:\Users\shenc\Desktop\feddiffsecure_minimal\.venv\lib\site-packages\werkzeug\routing\map.py", line 901, in build
    raise BuildError(endpoint, values, method, self)
werkzeug.routing.exceptions.BuildError: Could not build url for endpoint 'results'. Did you mean 'api_runs' instead?
127.0.0.1 - - [17/Apr/2026 22:37:01] "GET /dashboard HTTP/1.1" 500 -
[2026-04-17 22:37:03,240] ERROR in app: Exception on /dashboard [GET]
Traceback (most recent call last):
  File "c:\Users\shenc\Desktop\feddiffsecure_minimal\.venv\lib\site-packages\flask\app.py", line 1511, in wsgi_app
    response = self.full_dispatch_request()
  File "c:\Users\shenc\Desktop\feddiffsecure_minimal\.venv\lib\site-packages\flask\app.py", line 919, in full_dispatch_request
    rv = self.handle_user_exception(e)
  File "c:\Users\shenc\Desktop\feddiffsecure_minimal\.venv\lib\site-packages\flask\app.py", line 917, in full_dispatch_request
    rv = self.dispatch_request()
  File "c:\Users\shenc\Desktop\feddiffsecure_minimal\.venv\lib\site-packages\flask\app.py", line 902, in dispatch_request
    return self.ensure_sync(self.view_functions[rule.endpoint])(**view_args)  # type: ignore[no-any-return]
  File "c:\Users\shenc\Desktop\feddiffsecure_minimal\demo_portal\auth.py", line 25, in wrapped
    return view_func(*args, **kwargs)
  File "c:\Users\shenc\Desktop\feddiffsecure_minimal\demo_portal\app.py", line 57, in dashboard
    return render_template("dashboard.html", overview=get_overview(), live_monitor=get_live_monitor())
  File "c:\Users\shenc\Desktop\feddiffsecure_minimal\.venv\lib\site-packages\flask\templating.py", line 151, in render_template
    return _render(app, template, context)
  File "c:\Users\shenc\Desktop\feddiffsecure_minimal\.venv\lib\site-packages\flask\templating.py", line 132, in _render
    rv = template.render(context)
  File "c:\Users\shenc\Desktop\feddiffsecure_minimal\.venv\lib\site-packages\jinja2\environment.py", line 1295, in render
    self.environment.handle_exception()
  File "c:\Users\shenc\Desktop\feddiffsecure_minimal\.venv\lib\site-packages\jinja2\environment.py", line 942, in handle_exception
    raise rewrite_traceback_stack(source=source)
  File "c:\Users\shenc\Desktop\feddiffsecure_minimal\demo_portal\templates\dashboard.html", line 1, in top-level template code
    {% extends "base.html" %}
  File "c:\Users\shenc\Desktop\feddiffsecure_minimal\demo_portal\templates\base.html", line 40, in top-level template code
    </form>
  File "c:\Users\shenc\Desktop\feddiffsecure_minimal\demo_portal\templates\dashboard.html", line 13, in block 'content'
    <a class="inline-link" href="{{ url_for('results') }}">˝řČë˝áąűŐąĘľÖĐĐÄ</a>
  File "c:\Users\shenc\Desktop\feddiffsecure_minimal\.venv\lib\site-packages\flask\app.py", line 1121, in url_for
    return self.handle_url_build_error(error, endpoint, values)
  File "c:\Users\shenc\Desktop\feddiffsecure_minimal\.venv\lib\site-packages\flask\app.py", line 1110, in url_for
    rv = url_adapter.build(  # type: ignore[union-attr]
  File "c:\Users\shenc\Desktop\feddiffsecure_minimal\.venv\lib\site-packages\werkzeug\routing\map.py", line 901, in build
    raise BuildError(endpoint, values, method, self)
werkzeug.routing.exceptions.BuildError: Could not build url for endpoint 'results'. Did you mean 'api_runs' instead?
127.0.0.1 - - [17/Apr/2026 22:37:03] "GET /dashboard HTTP/1.1" 500 -
[2026-04-17 22:37:03,509] ERROR in app: Exception on /dashboard [GET]
Traceback (most recent call last):
  File "c:\Users\shenc\Desktop\feddiffsecure_minimal\.venv\lib\site-packages\flask\app.py", line 1511, in wsgi_app
    response = self.full_dispatch_request()
  File "c:\Users\shenc\Desktop\feddiffsecure_minimal\.venv\lib\site-packages\flask\app.py", line 919, in full_dispatch_request
    rv = self.handle_user_exception(e)
  File "c:\Users\shenc\Desktop\feddiffsecure_minimal\.venv\lib\site-packages\flask\app.py", line 917, in full_dispatch_request
    rv = self.dispatch_request()
  File "c:\Users\shenc\Desktop\feddiffsecure_minimal\.venv\lib\site-packages\flask\app.py", line 902, in dispatch_request
    return self.ensure_sync(self.view_functions[rule.endpoint])(**view_args)  # type: ignore[no-any-return]
  File "c:\Users\shenc\Desktop\feddiffsecure_minimal\demo_portal\auth.py", line 25, in wrapped
    return view_func(*args, **kwargs)
  File "c:\Users\shenc\Desktop\feddiffsecure_minimal\demo_portal\app.py", line 57, in dashboard
    return render_template("dashboard.html", overview=get_overview(), live_monitor=get_live_monitor())
  File "c:\Users\shenc\Desktop\feddiffsecure_minimal\.venv\lib\site-packages\flask\templating.py", line 151, in render_template
    return _render(app, template, context)
  File "c:\Users\shenc\Desktop\feddiffsecure_minimal\.venv\lib\site-packages\flask\templating.py", line 132, in _render
    rv = template.render(context)
  File "c:\Users\shenc\Desktop\feddiffsecure_minimal\.venv\lib\site-packages\jinja2\environment.py", line 1295, in render
    self.environment.handle_exception()
  File "c:\Users\shenc\Desktop\feddiffsecure_minimal\.venv\lib\site-packages\jinja2\environment.py", line 942, in handle_exception
    raise rewrite_traceback_stack(source=source)
  File "c:\Users\shenc\Desktop\feddiffsecure_minimal\demo_portal\templates\dashboard.html", line 1, in top-level template code
    {% extends "base.html" %}
  File "c:\Users\shenc\Desktop\feddiffsecure_minimal\demo_portal\templates\base.html", line 40, in top-level template code
    </form>
  File "c:\Users\shenc\Desktop\feddiffsecure_minimal\demo_portal\templates\dashboard.html", line 13, in block 'content'
    <a class="inline-link" href="{{ url_for('results') }}">˝řČë˝áąűŐąĘľÖĐĐÄ</a>
  File "c:\Users\shenc\Desktop\feddiffsecure_minimal\.venv\lib\site-packages\flask\app.py", line 1121, in url_for
    return self.handle_url_build_error(error, endpoint, values)
  File "c:\Users\shenc\Desktop\feddiffsecure_minimal\.venv\lib\site-packages\flask\app.py", line 1110, in url_for
    rv = url_adapter.build(  # type: ignore[union-attr]
  File "c:\Users\shenc\Desktop\feddiffsecure_minimal\.venv\lib\site-packages\werkzeug\routing\map.py", line 901, in build
    raise BuildError(endpoint, values, method, self)
werkzeug.routing.exceptions.BuildError: Could not build url for endpoint 'results'. Did you mean 'api_runs' instead?
127.0.0.1 - - [17/Apr/2026 22:37:03] "GET /dashboard HTTP/1.1" 500 -
[2026-04-17 22:37:03,755] ERROR in app: Exception on /dashboard [GET]
Traceback (most recent call last):
  File "c:\Users\shenc\Desktop\feddiffsecure_minimal\.venv\lib\site-packages\flask\app.py", line 1511, in wsgi_app
    response = self.full_dispatch_request()
  File "c:\Users\shenc\Desktop\feddiffsecure_minimal\.venv\lib\site-packages\flask\app.py", line 919, in full_dispatch_request
    rv = self.handle_user_exception(e)
  File "c:\Users\shenc\Desktop\feddiffsecure_minimal\.venv\lib\site-packages\flask\app.py", line 917, in full_dispatch_request
    rv = self.dispatch_request()
  File "c:\Users\shenc\Desktop\feddiffsecure_minimal\.venv\lib\site-packages\flask\app.py", line 902, in dispatch_request
    return self.ensure_sync(self.view_functions[rule.endpoint])(**view_args)  # type: ignore[no-any-return]
  File "c:\Users\shenc\Desktop\feddiffsecure_minimal\demo_portal\auth.py", line 25, in wrapped
    return view_func(*args, **kwargs)
  File "c:\Users\shenc\Desktop\feddiffsecure_minimal\demo_portal\app.py", line 57, in dashboard
    return render_template("dashboard.html", overview=get_overview(), live_monitor=get_live_monitor())
  File "c:\Users\shenc\Desktop\feddiffsecure_minimal\.venv\lib\site-packages\flask\templating.py", line 151, in render_template
    return _render(app, template, context)
  File "c:\Users\shenc\Desktop\feddiffsecure_minimal\.venv\lib\site-packages\flask\templating.py", line 132, in _render
    rv = template.render(context)
  File "c:\Users\shenc\Desktop\feddiffsecure_minimal\.venv\lib\site-packages\jinja2\environment.py", line 1295, in render
    self.environment.handle_exception()
  File "c:\Users\shenc\Desktop\feddiffsecure_minimal\.venv\lib\site-packages\jinja2\environment.py", line 942, in handle_exception
    raise rewrite_traceback_stack(source=source)
  File "c:\Users\shenc\Desktop\feddiffsecure_minimal\demo_portal\templates\dashboard.html", line 1, in top-level template code
    {% extends "base.html" %}
  File "c:\Users\shenc\Desktop\feddiffsecure_minimal\demo_portal\templates\base.html", line 40, in top-level template code
    </form>
  File "c:\Users\shenc\Desktop\feddiffsecure_minimal\demo_portal\templates\dashboard.html", line 13, in block 'content'
    <a class="inline-link" href="{{ url_for('results') }}">˝řČë˝áąűŐąĘľÖĐĐÄ</a>
  File "c:\Users\shenc\Desktop\feddiffsecure_minimal\.venv\lib\site-packages\flask\app.py", line 1121, in url_for
    return self.handle_url_build_error(error, endpoint, values)
  File "c:\Users\shenc\Desktop\feddiffsecure_minimal\.venv\lib\site-packages\flask\app.py", line 1110, in url_for
    rv = url_adapter.build(  # type: ignore[union-attr]
  File "c:\Users\shenc\Desktop\feddiffsecure_minimal\.venv\lib\site-packages\werkzeug\routing\map.py", line 901, in build
    raise BuildError(endpoint, values, method, self)
werkzeug.routing.exceptions.BuildError: Could not build url for endpoint 'results'. Did you mean 'api_runs' instead?
127.0.0.1 - - [17/Apr/2026 22:37:03] "GET /dashboard HTTP/1.1" 500 -
[2026-04-17 22:37:04,464] ERROR in app: Exception on /dashboard [GET]
Traceback (most recent call last):
  File "c:\Users\shenc\Desktop\feddiffsecure_minimal\.venv\lib\site-packages\flask\app.py", line 1511, in wsgi_app
    response = self.full_dispatch_request()
  File "c:\Users\shenc\Desktop\feddiffsecure_minimal\.venv\lib\site-packages\flask\app.py", line 919, in full_dispatch_request
    rv = self.handle_user_exception(e)
  File "c:\Users\shenc\Desktop\feddiffsecure_minimal\.venv\lib\site-packages\flask\app.py", line 917, in full_dispatch_request
    rv = self.dispatch_request()
  File "c:\Users\shenc\Desktop\feddiffsecure_minimal\.venv\lib\site-packages\flask\app.py", line 902, in dispatch_request
    return self.ensure_sync(self.view_functions[rule.endpoint])(**view_args)  # type: ignore[no-any-return]
  File "c:\Users\shenc\Desktop\feddiffsecure_minimal\demo_portal\auth.py", line 25, in wrapped
    return view_func(*args, **kwargs)
  File "c:\Users\shenc\Desktop\feddiffsecure_minimal\demo_portal\app.py", line 57, in dashboard
    return render_template("dashboard.html", overview=get_overview(), live_monitor=get_live_monitor())
  File "c:\Users\shenc\Desktop\feddiffsecure_minimal\.venv\lib\site-packages\flask\templating.py", line 151, in render_template
    return _render(app, template, context)
  File "c:\Users\shenc\Desktop\feddiffsecure_minimal\.venv\lib\site-packages\flask\templating.py", line 132, in _render
    rv = template.render(context)
  File "c:\Users\shenc\Desktop\feddiffsecure_minimal\.venv\lib\site-packages\jinja2\environment.py", line 1295, in render
    self.environment.handle_exception()
  File "c:\Users\shenc\Desktop\feddiffsecure_minimal\.venv\lib\site-packages\jinja2\environment.py", line 942, in handle_exception
    raise rewrite_traceback_stack(source=source)
  File "c:\Users\shenc\Desktop\feddiffsecure_minimal\demo_portal\templates\dashboard.html", line 1, in top-level template code
    {% extends "base.html" %}
  File "c:\Users\shenc\Desktop\feddiffsecure_minimal\demo_portal\templates\base.html", line 40, in top-level template code
    </form>
  File "c:\Users\shenc\Desktop\feddiffsecure_minimal\demo_portal\templates\dashboard.html", line 13, in block 'content'
    <a class="inline-link" href="{{ url_for('results') }}">˝řČë˝áąűŐąĘľÖĐĐÄ</a>
  File "c:\Users\shenc\Desktop\feddiffsecure_minimal\.venv\lib\site-packages\flask\app.py", line 1121, in url_for
    return self.handle_url_build_error(error, endpoint, values)
  File "c:\Users\shenc\Desktop\feddiffsecure_minimal\.venv\lib\site-packages\flask\app.py", line 1110, in url_for
    rv = url_adapter.build(  # type: ignore[union-attr]
  File "c:\Users\shenc\Desktop\feddiffsecure_minimal\.venv\lib\site-packages\werkzeug\routing\map.py", line 901, in build
    raise BuildError(endpoint, values, method, self)
werkzeug.routing.exceptions.BuildError: Could not build url for endpoint 'results'. Did you mean 'api_runs' instead?
127.0.0.1 - - [17/Apr/2026 22:37:04] "GET /dashboard HTTP/1.1" 500 -
[2026-04-17 22:37:04,673] ERROR in app: Exception on /dashboard [GET]
Traceback (most recent call last):
  File "c:\Users\shenc\Desktop\feddiffsecure_minimal\.venv\lib\site-packages\flask\app.py", line 1511, in wsgi_app
    response = self.full_dispatch_request()
  File "c:\Users\shenc\Desktop\feddiffsecure_minimal\.venv\lib\site-packages\flask\app.py", line 919, in full_dispatch_request
    rv = self.handle_user_exception(e)
  File "c:\Users\shenc\Desktop\feddiffsecure_minimal\.venv\lib\site-packages\flask\app.py", line 917, in full_dispatch_request
    rv = self.dispatch_request()
  File "c:\Users\shenc\Desktop\feddiffsecure_minimal\.venv\lib\site-packages\flask\app.py", line 902, in dispatch_request
    return self.ensure_sync(self.view_functions[rule.endpoint])(**view_args)  # type: ignore[no-any-return]
  File "c:\Users\shenc\Desktop\feddiffsecure_minimal\demo_portal\auth.py", line 25, in wrapped
    return view_func(*args, **kwargs)
  File "c:\Users\shenc\Desktop\feddiffsecure_minimal\demo_portal\app.py", line 57, in dashboard
    return render_template("dashboard.html", overview=get_overview(), live_monitor=get_live_monitor())
  File "c:\Users\shenc\Desktop\feddiffsecure_minimal\.venv\lib\site-packages\flask\templating.py", line 151, in render_template
    return _render(app, template, context)
  File "c:\Users\shenc\Desktop\feddiffsecure_minimal\.venv\lib\site-packages\flask\templating.py", line 132, in _render
    rv = template.render(context)
  File "c:\Users\shenc\Desktop\feddiffsecure_minimal\.venv\lib\site-packages\jinja2\environment.py", line 1295, in render
    self.environment.handle_exception()
  File "c:\Users\shenc\Desktop\feddiffsecure_minimal\.venv\lib\site-packages\jinja2\environment.py", line 942, in handle_exception
    raise rewrite_traceback_stack(source=source)
  File "c:\Users\shenc\Desktop\feddiffsecure_minimal\demo_portal\templates\dashboard.html", line 1, in top-level template code
    {% extends "base.html" %}
  File "c:\Users\shenc\Desktop\feddiffsecure_minimal\demo_portal\templates\base.html", line 40, in top-level template code
    </form>
  File "c:\Users\shenc\Desktop\feddiffsecure_minimal\demo_portal\templates\dashboard.html", line 13, in block 'content'
    <a class="inline-link" href="{{ url_for('results') }}">˝řČë˝áąűŐąĘľÖĐĐÄ</a>
  File "c:\Users\shenc\Desktop\feddiffsecure_minimal\.venv\lib\site-packages\flask\app.py", line 1121, in url_for
    return self.handle_url_build_error(error, endpoint, values)
  File "c:\Users\shenc\Desktop\feddiffsecure_minimal\.venv\lib\site-packages\flask\app.py", line 1110, in url_for
    rv = url_adapter.build(  # type: ignore[union-attr]
  File "c:\Users\shenc\Desktop\feddiffsecure_minimal\.venv\lib\site-packages\werkzeug\routing\map.py", line 901, in build
    raise BuildError(endpoint, values, method, self)
werkzeug.routing.exceptions.BuildError: Could not build url for endpoint 'results'. Did you mean 'api_runs' instead?
127.0.0.1 - - [17/Apr/2026 22:37:04] "GET /dashboard HTTP/1.1" 500 -
[2026-04-17 22:37:04,821] ERROR in app: Exception on /dashboard [GET]
Traceback (most recent call last):
  File "c:\Users\shenc\Desktop\feddiffsecure_minimal\.venv\lib\site-packages\flask\app.py", line 1511, in wsgi_app
    response = self.full_dispatch_request()
  File "c:\Users\shenc\Desktop\feddiffsecure_minimal\.venv\lib\site-packages\flask\app.py", line 919, in full_dispatch_request
    rv = self.handle_user_exception(e)
  File "c:\Users\shenc\Desktop\feddiffsecure_minimal\.venv\lib\site-packages\flask\app.py", line 917, in full_dispatch_request
    rv = self.dispatch_request()
  File "c:\Users\shenc\Desktop\feddiffsecure_minimal\.venv\lib\site-packages\flask\app.py", line 902, in dispatch_request
    return self.ensure_sync(self.view_functions[rule.endpoint])(**view_args)  # type: ignore[no-any-return]
  File "c:\Users\shenc\Desktop\feddiffsecure_minimal\demo_portal\auth.py", line 25, in wrapped
    return view_func(*args, **kwargs)
  File "c:\Users\shenc\Desktop\feddiffsecure_minimal\demo_portal\app.py", line 57, in dashboard
    return render_template("dashboard.html", overview=get_overview(), live_monitor=get_live_monitor())
  File "c:\Users\shenc\Desktop\feddiffsecure_minimal\.venv\lib\site-packages\flask\templating.py", line 151, in render_template
    return _render(app, template, context)
  File "c:\Users\shenc\Desktop\feddiffsecure_minimal\.venv\lib\site-packages\flask\templating.py", line 132, in _render
    rv = template.render(context)
  File "c:\Users\shenc\Desktop\feddiffsecure_minimal\.venv\lib\site-packages\jinja2\environment.py", line 1295, in render
    self.environment.handle_exception()
  File "c:\Users\shenc\Desktop\feddiffsecure_minimal\.venv\lib\site-packages\jinja2\environment.py", line 942, in handle_exception
    raise rewrite_traceback_stack(source=source)
  File "c:\Users\shenc\Desktop\feddiffsecure_minimal\demo_portal\templates\dashboard.html", line 1, in top-level template code
    {% extends "base.html" %}
  File "c:\Users\shenc\Desktop\feddiffsecure_minimal\demo_portal\templates\base.html", line 40, in top-level template code
    </form>
  File "c:\Users\shenc\Desktop\feddiffsecure_minimal\demo_portal\templates\dashboard.html", line 13, in block 'content'
    <a class="inline-link" href="{{ url_for('results') }}">˝řČë˝áąűŐąĘľÖĐĐÄ</a>
  File "c:\Users\shenc\Desktop\feddiffsecure_minimal\.venv\lib\site-packages\flask\app.py", line 1121, in url_for
    return self.handle_url_build_error(error, endpoint, values)
  File "c:\Users\shenc\Desktop\feddiffsecure_minimal\.venv\lib\site-packages\flask\app.py", line 1110, in url_for
    rv = url_adapter.build(  # type: ignore[union-attr]
  File "c:\Users\shenc\Desktop\feddiffsecure_minimal\.venv\lib\site-packages\werkzeug\routing\map.py", line 901, in build
    raise BuildError(endpoint, values, method, self)
werkzeug.routing.exceptions.BuildError: Could not build url for endpoint 'results'. Did you mean 'api_runs' instead?
127.0.0.1 - - [17/Apr/2026 22:37:04] "GET /dashboard HTTP/1.1" 500 -
[2026-04-17 22:37:05,061] ERROR in app: Exception on /dashboard [GET]
Traceback (most recent call last):
  File "c:\Users\shenc\Desktop\feddiffsecure_minimal\.venv\lib\site-packages\flask\app.py", line 1511, in wsgi_app
    response = self.full_dispatch_request()
  File "c:\Users\shenc\Desktop\feddiffsecure_minimal\.venv\lib\site-packages\flask\app.py", line 919, in full_dispatch_request
    rv = self.handle_user_exception(e)
  File "c:\Users\shenc\Desktop\feddiffsecure_minimal\.venv\lib\site-packages\flask\app.py", line 917, in full_dispatch_request
    rv = self.dispatch_request()
  File "c:\Users\shenc\Desktop\feddiffsecure_minimal\.venv\lib\site-packages\flask\app.py", line 902, in dispatch_request
    return self.ensure_sync(self.view_functions[rule.endpoint])(**view_args)  # type: ignore[no-any-return]
  File "c:\Users\shenc\Desktop\feddiffsecure_minimal\demo_portal\auth.py", line 25, in wrapped
    return view_func(*args, **kwargs)
  File "c:\Users\shenc\Desktop\feddiffsecure_minimal\demo_portal\app.py", line 57, in dashboard
    return render_template("dashboard.html", overview=get_overview(), live_monitor=get_live_monitor())
  File "c:\Users\shenc\Desktop\feddiffsecure_minimal\.venv\lib\site-packages\flask\templating.py", line 151, in render_template
    return _render(app, template, context)
  File "c:\Users\shenc\Desktop\feddiffsecure_minimal\.venv\lib\site-packages\flask\templating.py", line 132, in _render
    rv = template.render(context)
  File "c:\Users\shenc\Desktop\feddiffsecure_minimal\.venv\lib\site-packages\jinja2\environment.py", line 1295, in render
    self.environment.handle_exception()
  File "c:\Users\shenc\Desktop\feddiffsecure_minimal\.venv\lib\site-packages\jinja2\environment.py", line 942, in handle_exception
    raise rewrite_traceback_stack(source=source)
  File "c:\Users\shenc\Desktop\feddiffsecure_minimal\demo_portal\templates\dashboard.html", line 1, in top-level template code
    {% extends "base.html" %}
  File "c:\Users\shenc\Desktop\feddiffsecure_minimal\demo_portal\templates\base.html", line 40, in top-level template code
    </form>
  File "c:\Users\shenc\Desktop\feddiffsecure_minimal\demo_portal\templates\dashboard.html", line 13, in block 'content'
    <a class="inline-link" href="{{ url_for('results') }}">˝řČë˝áąűŐąĘľÖĐĐÄ</a>
  File "c:\Users\shenc\Desktop\feddiffsecure_minimal\.venv\lib\site-packages\flask\app.py", line 1121, in url_for
    return self.handle_url_build_error(error, endpoint, values)
  File "c:\Users\shenc\Desktop\feddiffsecure_minimal\.venv\lib\site-packages\flask\app.py", line 1110, in url_for
    rv = url_adapter.build(  # type: ignore[union-attr]
  File "c:\Users\shenc\Desktop\feddiffsecure_minimal\.venv\lib\site-packages\werkzeug\routing\map.py", line 901, in build
    raise BuildError(endpoint, values, method, self)
werkzeug.routing.exceptions.BuildError: Could not build url for endpoint 'results'. Did you mean 'api_runs' instead?
127.0.0.1 - - [17/Apr/2026 22:37:05] "GET /dashboard HTTP/1.1" 500 -
[2026-04-17 22:37:05,274] ERROR in app: Exception on /dashboard [GET]
Traceback (most recent call last):
  File "c:\Users\shenc\Desktop\feddiffsecure_minimal\.venv\lib\site-packages\flask\app.py", line 1511, in wsgi_app
    response = self.full_dispatch_request()
  File "c:\Users\shenc\Desktop\feddiffsecure_minimal\.venv\lib\site-packages\flask\app.py", line 919, in full_dispatch_request
    rv = self.handle_user_exception(e)
  File "c:\Users\shenc\Desktop\feddiffsecure_minimal\.venv\lib\site-packages\flask\app.py", line 917, in full_dispatch_request
    rv = self.dispatch_request()
  File "c:\Users\shenc\Desktop\feddiffsecure_minimal\.venv\lib\site-packages\flask\app.py", line 902, in dispatch_request
    return self.ensure_sync(self.view_functions[rule.endpoint])(**view_args)  # type: ignore[no-any-return]
  File "c:\Users\shenc\Desktop\feddiffsecure_minimal\demo_portal\auth.py", line 25, in wrapped
    return view_func(*args, **kwargs)
  File "c:\Users\shenc\Desktop\feddiffsecure_minimal\demo_portal\app.py", line 57, in dashboard
    return render_template("dashboard.html", overview=get_overview(), live_monitor=get_live_monitor())
  File "c:\Users\shenc\Desktop\feddiffsecure_minimal\.venv\lib\site-packages\flask\templating.py", line 151, in render_template
    return _render(app, template, context)
  File "c:\Users\shenc\Desktop\feddiffsecure_minimal\.venv\lib\site-packages\flask\templating.py", line 132, in _render
    rv = template.render(context)
  File "c:\Users\shenc\Desktop\feddiffsecure_minimal\.venv\lib\site-packages\jinja2\environment.py", line 1295, in render
    self.environment.handle_exception()
  File "c:\Users\shenc\Desktop\feddiffsecure_minimal\.venv\lib\site-packages\jinja2\environment.py", line 942, in handle_exception
    raise rewrite_traceback_stack(source=source)
  File "c:\Users\shenc\Desktop\feddiffsecure_minimal\demo_portal\templates\dashboard.html", line 1, in top-level template code
    {% extends "base.html" %}
  File "c:\Users\shenc\Desktop\feddiffsecure_minimal\demo_portal\templates\base.html", line 40, in top-level template code
    </form>
  File "c:\Users\shenc\Desktop\feddiffsecure_minimal\demo_portal\templates\dashboard.html", line 13, in block 'content'
    <a class="inline-link" href="{{ url_for('results') }}">˝řČë˝áąűŐąĘľÖĐĐÄ</a>
  File "c:\Users\shenc\Desktop\feddiffsecure_minimal\.venv\lib\site-packages\flask\app.py", line 1121, in url_for
    return self.handle_url_build_error(error, endpoint, values)
  File "c:\Users\shenc\Desktop\feddiffsecure_minimal\.venv\lib\site-packages\flask\app.py", line 1110, in url_for
    rv = url_adapter.build(  # type: ignore[union-attr]
  File "c:\Users\shenc\Desktop\feddiffsecure_minimal\.venv\lib\site-packages\werkzeug\routing\map.py", line 901, in build
    raise BuildError(endpoint, values, method, self)
werkzeug.routing.exceptions.BuildError: Could not build url for endpoint 'results'. Did you mean 'api_runs' instead?
127.0.0.1 - - [17/Apr/2026 22:37:05] "GET /dashboard HTTP/1.1" 500 -
[2026-04-17 22:37:05,374] ERROR in app: Exception on /dashboard [GET]
Traceback (most recent call last):
  File "c:\Users\shenc\Desktop\feddiffsecure_minimal\.venv\lib\site-packages\flask\app.py", line 1511, in wsgi_app
    response = self.full_dispatch_request()
  File "c:\Users\shenc\Desktop\feddiffsecure_minimal\.venv\lib\site-packages\flask\app.py", line 919, in full_dispatch_request
    rv = self.handle_user_exception(e)
  File "c:\Users\shenc\Desktop\feddiffsecure_minimal\.venv\lib\site-packages\flask\app.py", line 917, in full_dispatch_request
    rv = self.dispatch_request()
  File "c:\Users\shenc\Desktop\feddiffsecure_minimal\.venv\lib\site-packages\flask\app.py", line 902, in dispatch_request
    return self.ensure_sync(self.view_functions[rule.endpoint])(**view_args)  # type: ignore[no-any-return]
  File "c:\Users\shenc\Desktop\feddiffsecure_minimal\demo_portal\auth.py", line 25, in wrapped
    return view_func(*args, **kwargs)
  File "c:\Users\shenc\Desktop\feddiffsecure_minimal\demo_portal\app.py", line 57, in dashboard
    return render_template("dashboard.html", overview=get_overview(), live_monitor=get_live_monitor())
  File "c:\Users\shenc\Desktop\feddiffsecure_minimal\.venv\lib\site-packages\flask\templating.py", line 151, in render_template
    return _render(app, template, context)
  File "c:\Users\shenc\Desktop\feddiffsecure_minimal\.venv\lib\site-packages\flask\templating.py", line 132, in _render
    rv = template.render(context)
  File "c:\Users\shenc\Desktop\feddiffsecure_minimal\.venv\lib\site-packages\jinja2\environment.py", line 1295, in render
    self.environment.handle_exception()
  File "c:\Users\shenc\Desktop\feddiffsecure_minimal\.venv\lib\site-packages\jinja2\environment.py", line 942, in handle_exception
    raise rewrite_traceback_stack(source=source)
  File "c:\Users\shenc\Desktop\feddiffsecure_minimal\demo_portal\templates\dashboard.html", line 1, in top-level template code
    {% extends "base.html" %}
  File "c:\Users\shenc\Desktop\feddiffsecure_minimal\demo_portal\templates\base.html", line 40, in top-level template code
    </form>
  File "c:\Users\shenc\Desktop\feddiffsecure_minimal\demo_portal\templates\dashboard.html", line 13, in block 'content'
    <a class="inline-link" href="{{ url_for('results') }}">˝řČë˝áąűŐąĘľÖĐĐÄ</a>
  File "c:\Users\shenc\Desktop\feddiffsecure_minimal\.venv\lib\site-packages\flask\app.py", line 1121, in url_for
    return self.handle_url_build_error(error, endpoint, values)
  File "c:\Users\shenc\Desktop\feddiffsecure_minimal\.venv\lib\site-packages\flask\app.py", line 1110, in url_for
    rv = url_adapter.build(  # type: ignore[union-attr]
  File "c:\Users\shenc\Desktop\feddiffsecure_minimal\.venv\lib\site-packages\werkzeug\routing\map.py", line 901, in build
    raise BuildError(endpoint, values, method, self)
werkzeug.routing.exceptions.BuildError: Could not build url for endpoint 'results'. Did you mean 'api_runs' instead?
127.0.0.1 - - [17/Apr/2026 22:37:05] "GET /dashboard HTTP/1.1" 500 -
[2026-04-17 22:37:05,635] ERROR in app: Exception on /dashboard [GET]
Traceback (most recent call last):
  File "c:\Users\shenc\Desktop\feddiffsecure_minimal\.venv\lib\site-packages\flask\app.py", line 1511, in wsgi_app
    response = self.full_dispatch_request()
  File "c:\Users\shenc\Desktop\feddiffsecure_minimal\.venv\lib\site-packages\flask\app.py", line 919, in full_dispatch_request
    rv = self.handle_user_exception(e)
  File "c:\Users\shenc\Desktop\feddiffsecure_minimal\.venv\lib\site-packages\flask\app.py", line 917, in full_dispatch_request
    rv = self.dispatch_request()
  File "c:\Users\shenc\Desktop\feddiffsecure_minimal\.venv\lib\site-packages\flask\app.py", line 902, in dispatch_request
    return self.ensure_sync(self.view_functions[rule.endpoint])(**view_args)  # type: ignore[no-any-return]
  File "c:\Users\shenc\Desktop\feddiffsecure_minimal\demo_portal\auth.py", line 25, in wrapped
    return view_func(*args, **kwargs)
  File "c:\Users\shenc\Desktop\feddiffsecure_minimal\demo_portal\app.py", line 57, in dashboard
    return render_template("dashboard.html", overview=get_overview(), live_monitor=get_live_monitor())
  File "c:\Users\shenc\Desktop\feddiffsecure_minimal\.venv\lib\site-packages\flask\templating.py", line 151, in render_template
    return _render(app, template, context)
  File "c:\Users\shenc\Desktop\feddiffsecure_minimal\.venv\lib\site-packages\flask\templating.py", line 132, in _render
    rv = template.render(context)
  File "c:\Users\shenc\Desktop\feddiffsecure_minimal\.venv\lib\site-packages\jinja2\environment.py", line 1295, in render
    self.environment.handle_exception()
  File "c:\Users\shenc\Desktop\feddiffsecure_minimal\.venv\lib\site-packages\jinja2\environment.py", line 942, in handle_exception
    raise rewrite_traceback_stack(source=source)
  File "c:\Users\shenc\Desktop\feddiffsecure_minimal\demo_portal\templates\dashboard.html", line 1, in top-level template code
    {% extends "base.html" %}
  File "c:\Users\shenc\Desktop\feddiffsecure_minimal\demo_portal\templates\base.html", line 40, in top-level template code
    </form>
  File "c:\Users\shenc\Desktop\feddiffsecure_minimal\demo_portal\templates\dashboard.html", line 13, in block 'content'
    <a class="inline-link" href="{{ url_for('results') }}">˝řČë˝áąűŐąĘľÖĐĐÄ</a>
  File "c:\Users\shenc\Desktop\feddiffsecure_minimal\.venv\lib\site-packages\flask\app.py", line 1121, in url_for
    return self.handle_url_build_error(error, endpoint, values)
  File "c:\Users\shenc\Desktop\feddiffsecure_minimal\.venv\lib\site-packages\flask\app.py", line 1110, in url_for
    rv = url_adapter.build(  # type: ignore[union-attr]
  File "c:\Users\shenc\Desktop\feddiffsecure_minimal\.venv\lib\site-packages\werkzeug\routing\map.py", line 901, in build
    raise BuildError(endpoint, values, method, self)
werkzeug.routing.exceptions.BuildError: Could not build url for endpoint 'results'. Did you mean 'api_runs' instead?
127.0.0.1 - - [17/Apr/2026 22:37:05] "GET /dashboard HTTP/1.1" 500 -
127.0.0.1 - - [17/Apr/2026 22:38:07] "GET / HTTP/1.1" 302 -
[2026-04-17 22:38:08,279] ERROR in app: Exception on /dashboard [GET]
Traceback (most recent call last):
  File "c:\Users\shenc\Desktop\feddiffsecure_minimal\.venv\lib\site-packages\flask\app.py", line 1511, in wsgi_app
    response = self.full_dispatch_request()
  File "c:\Users\shenc\Desktop\feddiffsecure_minimal\.venv\lib\site-packages\flask\app.py", line 919, in full_dispatch_request
    rv = self.handle_user_exception(e)
  File "c:\Users\shenc\Desktop\feddiffsecure_minimal\.venv\lib\site-packages\flask\app.py", line 917, in full_dispatch_request
    rv = self.dispatch_request()
  File "c:\Users\shenc\Desktop\feddiffsecure_minimal\.venv\lib\site-packages\flask\app.py", line 902, in dispatch_request
    return self.ensure_sync(self.view_functions[rule.endpoint])(**view_args)  # type: ignore[no-any-return]
  File "c:\Users\shenc\Desktop\feddiffsecure_minimal\demo_portal\auth.py", line 25, in wrapped
    return view_func(*args, **kwargs)
  File "c:\Users\shenc\Desktop\feddiffsecure_minimal\demo_portal\app.py", line 57, in dashboard
    return render_template("dashboard.html", overview=get_overview(), live_monitor=get_live_monitor())
  File "c:\Users\shenc\Desktop\feddiffsecure_minimal\.venv\lib\site-packages\flask\templating.py", line 151, in render_template
    return _render(app, template, context)
  File "c:\Users\shenc\Desktop\feddiffsecure_minimal\.venv\lib\site-packages\flask\templating.py", line 132, in _render
    rv = template.render(context)
  File "c:\Users\shenc\Desktop\feddiffsecure_minimal\.venv\lib\site-packages\jinja2\environment.py", line 1295, in render
    self.environment.handle_exception()
  File "c:\Users\shenc\Desktop\feddiffsecure_minimal\.venv\lib\site-packages\jinja2\environment.py", line 942, in handle_exception
    raise rewrite_traceback_stack(source=source)
  File "c:\Users\shenc\Desktop\feddiffsecure_minimal\demo_portal\templates\dashboard.html", line 1, in top-level template code
    {% extends "base.html" %}
  File "c:\Users\shenc\Desktop\feddiffsecure_minimal\demo_portal\templates\base.html", line 40, in top-level template code
    </form>
  File "c:\Users\shenc\Desktop\feddiffsecure_minimal\demo_portal\templates\dashboard.html", line 13, in block 'content'
    <a class="inline-link" href="{{ url_for('results') }}">˝řČë˝áąűŐąĘľÖĐĐÄ</a>
  File "c:\Users\shenc\Desktop\feddiffsecure_minimal\.venv\lib\site-packages\flask\app.py", line 1121, in url_for
    return self.handle_url_build_error(error, endpoint, values)
  File "c:\Users\shenc\Desktop\feddiffsecure_minimal\.venv\lib\site-packages\flask\app.py", line 1110, in url_for
    rv = url_adapter.build(  # type: ignore[union-attr]
  File "c:\Users\shenc\Desktop\feddiffsecure_minimal\.venv\lib\site-packages\werkzeug\routing\map.py", line 901, in build
    raise BuildError(endpoint, values, method, self)
werkzeug.routing.exceptions.BuildError: Could not build url for endpoint 'results'. Did you mean 'api_runs' instead?
127.0.0.1 - - [17/Apr/2026 22:38:08] "GET /dashboard HTTP/1.1" 500 -
[2026-04-17 22:38:10,382] ERROR in app: Exception on /dashboard [GET]
Traceback (most recent call last):
  File "c:\Users\shenc\Desktop\feddiffsecure_minimal\.venv\lib\site-packages\flask\app.py", line 1511, in wsgi_app
    response = self.full_dispatch_request()
  File "c:\Users\shenc\Desktop\feddiffsecure_minimal\.venv\lib\site-packages\flask\app.py", line 919, in full_dispatch_request
    rv = self.handle_user_exception(e)
  File "c:\Users\shenc\Desktop\feddiffsecure_minimal\.venv\lib\site-packages\flask\app.py", line 917, in full_dispatch_request
    rv = self.dispatch_request()
  File "c:\Users\shenc\Desktop\feddiffsecure_minimal\.venv\lib\site-packages\flask\app.py", line 902, in dispatch_request
    return self.ensure_sync(self.view_functions[rule.endpoint])(**view_args)  # type: ignore[no-any-return]
  File "c:\Users\shenc\Desktop\feddiffsecure_minimal\demo_portal\auth.py", line 25, in wrapped
    return view_func(*args, **kwargs)
  File "c:\Users\shenc\Desktop\feddiffsecure_minimal\demo_portal\app.py", line 57, in dashboard
    return render_template("dashboard.html", overview=get_overview(), live_monitor=get_live_monitor())
  File "c:\Users\shenc\Desktop\feddiffsecure_minimal\.venv\lib\site-packages\flask\templating.py", line 151, in render_template
    return _render(app, template, context)
  File "c:\Users\shenc\Desktop\feddiffsecure_minimal\.venv\lib\site-packages\flask\templating.py", line 132, in _render
    rv = template.render(context)
  File "c:\Users\shenc\Desktop\feddiffsecure_minimal\.venv\lib\site-packages\jinja2\environment.py", line 1295, in render
    self.environment.handle_exception()
  File "c:\Users\shenc\Desktop\feddiffsecure_minimal\.venv\lib\site-packages\jinja2\environment.py", line 942, in handle_exception
    raise rewrite_traceback_stack(source=source)
  File "c:\Users\shenc\Desktop\feddiffsecure_minimal\demo_portal\templates\dashboard.html", line 1, in top-level template code
    {% extends "base.html" %}
  File "c:\Users\shenc\Desktop\feddiffsecure_minimal\demo_portal\templates\base.html", line 40, in top-level template code
    </form>
  File "c:\Users\shenc\Desktop\feddiffsecure_minimal\demo_portal\templates\dashboard.html", line 13, in block 'content'
    <a class="inline-link" href="{{ url_for('results') }}">˝řČë˝áąűŐąĘľÖĐĐÄ</a>
  File "c:\Users\shenc\Desktop\feddiffsecure_minimal\.venv\lib\site-packages\flask\app.py", line 1121, in url_for
    return self.handle_url_build_error(error, endpoint, values)
  File "c:\Users\shenc\Desktop\feddiffsecure_minimal\.venv\lib\site-packages\flask\app.py", line 1110, in url_for
    rv = url_adapter.build(  # type: ignore[union-attr]
  File "c:\Users\shenc\Desktop\feddiffsecure_minimal\.venv\lib\site-packages\werkzeug\routing\map.py", line 901, in build
    raise BuildError(endpoint, values, method, self)
werkzeug.routing.exceptions.BuildError: Could not build url for endpoint 'results'. Did you mean 'api_runs' instead?
127.0.0.1 - - [17/Apr/2026 22:38:10] "GET /dashboard HTTP/1.1" 500 -
[2026-04-17 22:38:10,783] ERROR in app: Exception on /dashboard [GET]
Traceback (most recent call last):
  File "c:\Users\shenc\Desktop\feddiffsecure_minimal\.venv\lib\site-packages\flask\app.py", line 1511, in wsgi_app
    response = self.full_dispatch_request()
  File "c:\Users\shenc\Desktop\feddiffsecure_minimal\.venv\lib\site-packages\flask\app.py", line 919, in full_dispatch_request
    rv = self.handle_user_exception(e)
  File "c:\Users\shenc\Desktop\feddiffsecure_minimal\.venv\lib\site-packages\flask\app.py", line 917, in full_dispatch_request
    rv = self.dispatch_request()
  File "c:\Users\shenc\Desktop\feddiffsecure_minimal\.venv\lib\site-packages\flask\app.py", line 902, in dispatch_request
    return self.ensure_sync(self.view_functions[rule.endpoint])(**view_args)  # type: ignore[no-any-return]
  File "c:\Users\shenc\Desktop\feddiffsecure_minimal\demo_portal\auth.py", line 25, in wrapped
    return view_func(*args, **kwargs)
  File "c:\Users\shenc\Desktop\feddiffsecure_minimal\demo_portal\app.py", line 57, in dashboard
    return render_template("dashboard.html", overview=get_overview(), live_monitor=get_live_monitor())
  File "c:\Users\shenc\Desktop\feddiffsecure_minimal\.venv\lib\site-packages\flask\templating.py", line 151, in render_template
    return _render(app, template, context)
  File "c:\Users\shenc\Desktop\feddiffsecure_minimal\.venv\lib\site-packages\flask\templating.py", line 132, in _render
    rv = template.render(context)
  File "c:\Users\shenc\Desktop\feddiffsecure_minimal\.venv\lib\site-packages\jinja2\environment.py", line 1295, in render
    self.environment.handle_exception()
  File "c:\Users\shenc\Desktop\feddiffsecure_minimal\.venv\lib\site-packages\jinja2\environment.py", line 942, in handle_exception
    raise rewrite_traceback_stack(source=source)
  File "c:\Users\shenc\Desktop\feddiffsecure_minimal\demo_portal\templates\dashboard.html", line 1, in top-level template code
    {% extends "base.html" %}
  File "c:\Users\shenc\Desktop\feddiffsecure_minimal\demo_portal\templates\base.html", line 40, in top-level template code
    </form>
  File "c:\Users\shenc\Desktop\feddiffsecure_minimal\demo_portal\templates\dashboard.html", line 13, in block 'content'
    <a class="inline-link" href="{{ url_for('results') }}">˝řČë˝áąűŐąĘľÖĐĐÄ</a>
  File "c:\Users\shenc\Desktop\feddiffsecure_minimal\.venv\lib\site-packages\flask\app.py", line 1121, in url_for
    return self.handle_url_build_error(error, endpoint, values)
  File "c:\Users\shenc\Desktop\feddiffsecure_minimal\.venv\lib\site-packages\flask\app.py", line 1110, in url_for
    rv = url_adapter.build(  # type: ignore[union-attr]
  File "c:\Users\shenc\Desktop\feddiffsecure_minimal\.venv\lib\site-packages\werkzeug\routing\map.py", line 901, in build
    raise BuildError(endpoint, values, method, self)
werkzeug.routing.exceptions.BuildError: Could not build url for endpoint 'results'. Did you mean 'api_runs' instead?
127.0.0.1 - - [17/Apr/2026 22:38:10] "GET /dashboard HTTP/1.1" 500 -
127.0.0.1 - - [17/Apr/2026 22:42:38] "GET /login HTTP/1.1" 200 -
127.0.0.1 - - [17/Apr/2026 22:42:38] "POST /login HTTP/1.1" 302 -
[2026-04-17 22:42:38,667] ERROR in app: Exception on /dashboard [GET]
Traceback (most recent call last):
  File "c:\Users\shenc\Desktop\feddiffsecure_minimal\.venv\lib\site-packages\flask\app.py", line 1511, in wsgi_app
    response = self.full_dispatch_request()
  File "c:\Users\shenc\Desktop\feddiffsecure_minimal\.venv\lib\site-packages\flask\app.py", line 919, in full_dispatch_request
    rv = self.handle_user_exception(e)
  File "c:\Users\shenc\Desktop\feddiffsecure_minimal\.venv\lib\site-packages\flask\app.py", line 917, in full_dispatch_request
    rv = self.dispatch_request()
  File "c:\Users\shenc\Desktop\feddiffsecure_minimal\.venv\lib\site-packages\flask\app.py", line 902, in dispatch_request
    return self.ensure_sync(self.view_functions[rule.endpoint])(**view_args)  # type: ignore[no-any-return]
  File "c:\Users\shenc\Desktop\feddiffsecure_minimal\demo_portal\auth.py", line 25, in wrapped
    return view_func(*args, **kwargs)
  File "c:\Users\shenc\Desktop\feddiffsecure_minimal\demo_portal\app.py", line 57, in dashboard
    return render_template("dashboard.html", overview=get_overview(), live_monitor=get_live_monitor())
  File "c:\Users\shenc\Desktop\feddiffsecure_minimal\.venv\lib\site-packages\flask\templating.py", line 151, in render_template
    return _render(app, template, context)
  File "c:\Users\shenc\Desktop\feddiffsecure_minimal\.venv\lib\site-packages\flask\templating.py", line 132, in _render
    rv = template.render(context)
  File "c:\Users\shenc\Desktop\feddiffsecure_minimal\.venv\lib\site-packages\jinja2\environment.py", line 1295, in render
    self.environment.handle_exception()
  File "c:\Users\shenc\Desktop\feddiffsecure_minimal\.venv\lib\site-packages\jinja2\environment.py", line 942, in handle_exception
    raise rewrite_traceback_stack(source=source)
  File "c:\Users\shenc\Desktop\feddiffsecure_minimal\demo_portal\templates\dashboard.html", line 1, in top-level template code
    {% extends "base.html" %}
  File "c:\Users\shenc\Desktop\feddiffsecure_minimal\demo_portal\templates\base.html", line 40, in top-level template code
    </form>
  File "c:\Users\shenc\Desktop\feddiffsecure_minimal\demo_portal\templates\dashboard.html", line 13, in block 'content'
    <a class="inline-link" href="{{ url_for('results') }}">˝řČë˝áąűŐąĘľÖĐĐÄ</a>
  File "c:\Users\shenc\Desktop\feddiffsecure_minimal\.venv\lib\site-packages\flask\app.py", line 1121, in url_for
    return self.handle_url_build_error(error, endpoint, values)
  File "c:\Users\shenc\Desktop\feddiffsecure_minimal\.venv\lib\site-packages\flask\app.py", line 1110, in url_for
    rv = url_adapter.build(  # type: ignore[union-attr]
  File "c:\Users\shenc\Desktop\feddiffsecure_minimal\.venv\lib\site-packages\werkzeug\routing\map.py", line 901, in build
    raise BuildError(endpoint, values, method, self)
werkzeug.routing.exceptions.BuildError: Could not build url for endpoint 'results'. Did you mean 'api_runs' instead?
127.0.0.1 - - [17/Apr/2026 22:42:38] "GET /dashboard HTTP/1.1" 500 -
127.0.0.1 - - [17/Apr/2026 22:43:11] "GET /login HTTP/1.1" 200 -
127.0.0.1 - - [17/Apr/2026 22:43:11] "POST /login HTTP/1.1" 302 -
[2026-04-17 22:43:11,508] ERROR in app: Exception on /dashboard [GET]
Traceback (most recent call last):
  File "c:\Users\shenc\Desktop\feddiffsecure_minimal\.venv\lib\site-packages\flask\app.py", line 1511, in wsgi_app
    response = self.full_dispatch_request()
  File "c:\Users\shenc\Desktop\feddiffsecure_minimal\.venv\lib\site-packages\flask\app.py", line 919, in full_dispatch_request
    rv = self.handle_user_exception(e)
  File "c:\Users\shenc\Desktop\feddiffsecure_minimal\.venv\lib\site-packages\flask\app.py", line 917, in full_dispatch_request
    rv = self.dispatch_request()
  File "c:\Users\shenc\Desktop\feddiffsecure_minimal\.venv\lib\site-packages\flask\app.py", line 902, in dispatch_request
    return self.ensure_sync(self.view_functions[rule.endpoint])(**view_args)  # type: ignore[no-any-return]
  File "c:\Users\shenc\Desktop\feddiffsecure_minimal\demo_portal\auth.py", line 25, in wrapped
    return view_func(*args, **kwargs)
  File "c:\Users\shenc\Desktop\feddiffsecure_minimal\demo_portal\app.py", line 57, in dashboard
    return render_template("dashboard.html", overview=get_overview(), live_monitor=get_live_monitor())
  File "c:\Users\shenc\Desktop\feddiffsecure_minimal\.venv\lib\site-packages\flask\templating.py", line 151, in render_template
    return _render(app, template, context)
  File "c:\Users\shenc\Desktop\feddiffsecure_minimal\.venv\lib\site-packages\flask\templating.py", line 132, in _render
    rv = template.render(context)
  File "c:\Users\shenc\Desktop\feddiffsecure_minimal\.venv\lib\site-packages\jinja2\environment.py", line 1295, in render
    self.environment.handle_exception()
  File "c:\Users\shenc\Desktop\feddiffsecure_minimal\.venv\lib\site-packages\jinja2\environment.py", line 942, in handle_exception
    raise rewrite_traceback_stack(source=source)
  File "c:\Users\shenc\Desktop\feddiffsecure_minimal\demo_portal\templates\dashboard.html", line 1, in top-level template code
    {% extends "base.html" %}
  File "c:\Users\shenc\Desktop\feddiffsecure_minimal\demo_portal\templates\base.html", line 40, in top-level template code
    </form>
  File "c:\Users\shenc\Desktop\feddiffsecure_minimal\demo_portal\templates\dashboard.html", line 13, in block 'content'
    <a class="inline-link" href="{{ url_for('results') }}">˝řČë˝áąűŐąĘľÖĐĐÄ</a>
  File "c:\Users\shenc\Desktop\feddiffsecure_minimal\.venv\lib\site-packages\flask\app.py", line 1121, in url_for
    return self.handle_url_build_error(error, endpoint, values)
  File "c:\Users\shenc\Desktop\feddiffsecure_minimal\.venv\lib\site-packages\flask\app.py", line 1110, in url_for
    rv = url_adapter.build(  # type: ignore[union-attr]
  File "c:\Users\shenc\Desktop\feddiffsecure_minimal\.venv\lib\site-packages\werkzeug\routing\map.py", line 901, in build
    raise BuildError(endpoint, values, method, self)
werkzeug.routing.exceptions.BuildError: Could not build url for endpoint 'results'. Did you mean 'api_runs' instead?
127.0.0.1 - - [17/Apr/2026 22:43:11] "GET /dashboard HTTP/1.1" 500 -
127.0.0.1 - - [17/Apr/2026 22:45:44] "GET /login HTTP/1.1" 200 -
127.0.0.1 - - [17/Apr/2026 22:45:44] "POST /login HTTP/1.1" 302 -
[2026-04-17 22:45:44,973] ERROR in app: Exception on /dashboard [GET]
Traceback (most recent call last):
  File "c:\Users\shenc\Desktop\feddiffsecure_minimal\.venv\lib\site-packages\flask\app.py", line 1511, in wsgi_app
    response = self.full_dispatch_request()
  File "c:\Users\shenc\Desktop\feddiffsecure_minimal\.venv\lib\site-packages\flask\app.py", line 919, in full_dispatch_request
    rv = self.handle_user_exception(e)
  File "c:\Users\shenc\Desktop\feddiffsecure_minimal\.venv\lib\site-packages\flask\app.py", line 917, in full_dispatch_request
    rv = self.dispatch_request()
  File "c:\Users\shenc\Desktop\feddiffsecure_minimal\.venv\lib\site-packages\flask\app.py", line 902, in dispatch_request
    return self.ensure_sync(self.view_functions[rule.endpoint])(**view_args)  # type: ignore[no-any-return]
  File "c:\Users\shenc\Desktop\feddiffsecure_minimal\demo_portal\auth.py", line 25, in wrapped
    return view_func(*args, **kwargs)
  File "c:\Users\shenc\Desktop\feddiffsecure_minimal\demo_portal\app.py", line 57, in dashboard
    return render_template("dashboard.html", overview=get_overview(), live_monitor=get_live_monitor())
  File "c:\Users\shenc\Desktop\feddiffsecure_minimal\.venv\lib\site-packages\flask\templating.py", line 151, in render_template
    return _render(app, template, context)
  File "c:\Users\shenc\Desktop\feddiffsecure_minimal\.venv\lib\site-packages\flask\templating.py", line 132, in _render
    rv = template.render(context)
  File "c:\Users\shenc\Desktop\feddiffsecure_minimal\.venv\lib\site-packages\jinja2\environment.py", line 1295, in render
    self.environment.handle_exception()
  File "c:\Users\shenc\Desktop\feddiffsecure_minimal\.venv\lib\site-packages\jinja2\environment.py", line 942, in handle_exception
    raise rewrite_traceback_stack(source=source)
  File "c:\Users\shenc\Desktop\feddiffsecure_minimal\demo_portal\templates\dashboard.html", line 1, in top-level template code
    {% extends "base.html" %}
  File "c:\Users\shenc\Desktop\feddiffsecure_minimal\demo_portal\templates\base.html", line 40, in top-level template code
    </form>
  File "c:\Users\shenc\Desktop\feddiffsecure_minimal\demo_portal\templates\dashboard.html", line 13, in block 'content'
    <a class="inline-link" href="{{ url_for('results') }}">˝řČë˝áąűŐąĘľÖĐĐÄ</a>
  File "c:\Users\shenc\Desktop\feddiffsecure_minimal\.venv\lib\site-packages\flask\app.py", line 1121, in url_for
    return self.handle_url_build_error(error, endpoint, values)
  File "c:\Users\shenc\Desktop\feddiffsecure_minimal\.venv\lib\site-packages\flask\app.py", line 1110, in url_for
    rv = url_adapter.build(  # type: ignore[union-attr]
  File "c:\Users\shenc\Desktop\feddiffsecure_minimal\.venv\lib\site-packages\werkzeug\routing\map.py", line 901, in build
    raise BuildError(endpoint, values, method, self)
werkzeug.routing.exceptions.BuildError: Could not build url for endpoint 'results'. Did you mean 'api_runs' instead?
127.0.0.1 - - [17/Apr/2026 22:45:44] "GET /dashboard HTTP/1.1" 500 -
127.0.0.1 - - [17/Apr/2026 22:46:07] "GET / HTTP/1.1" 302 -
127.0.0.1 - - [17/Apr/2026 22:46:07] "GET /login HTTP/1.1" 200 -
