================================================================================
Centralized diffusion baseline
{
  "config_path": "C:\\Users\\shenc\\Desktop\\feddiffsecure_minimal\\configs\\fashion_central_long100_portal.yaml",
  "started_at": "2026-04-18T16:57:30.981681+08:00",
  "training_mode": "centralized",
  "device": "cuda",
  "dataset": "fashion_mnist",
  "model_params_total": 18745,
  "model_params_trainable": 4816,
  "num_clients": 1,
  "rounds": 100,
  "clients_per_round": 1,
  "local_epochs": 1,
  "max_steps_per_epoch": 35,
  "dirichlet_alpha": 0.0,
  "lr": 0.001,
  "batch_size": 128,
  "ema_decay": 0.0,
  "x0_loss_weight": 0.0,
  "semantic_eval_every": 0,
  "trainable_param_tensors": 66,
  "unfreeze_param_prefixes": [],
  "enabled_extra_params": 0,
  "train_examples": 60000,
  "resume_count": 0
}
================================================================================
[Round 1] avg_loss=1.0104, proxy_fid=26.9529, total_samples=4480, round_sec=2.0
[Round 2] avg_loss=0.7546, proxy_fid=30.3339, total_samples=4480, round_sec=1.0
[Round 3] avg_loss=0.5697, proxy_fid=31.6854, total_samples=4480, round_sec=1.0
[Round 4] avg_loss=0.4708, proxy_fid=30.0519, total_samples=4480, round_sec=1.0
[Round 5] avg_loss=0.4033, proxy_fid=28.0772, total_samples=4480, round_sec=1.0
[Round 6] avg_loss=0.3717, proxy_fid=28.2417, total_samples=4480, round_sec=1.0
[Round 7] avg_loss=0.3525, proxy_fid=27.6374, total_samples=4480, round_sec=1.0
[Round 8] avg_loss=0.3209, proxy_fid=28.1987, total_samples=4480, round_sec=1.0
[Round 9] avg_loss=0.3105, proxy_fid=26.8505, total_samples=4480, round_sec=1.1
[Round 10] avg_loss=0.3050, proxy_fid=26.9392, total_samples=4480, round_sec=1.0
[Round 11] avg_loss=0.2921, proxy_fid=27.9672, total_samples=4480, round_sec=1.0
[Round 12] avg_loss=0.2827, proxy_fid=27.2071, total_samples=4480, round_sec=1.0
[Round 13] avg_loss=0.2800, proxy_fid=25.9296, total_samples=4480, round_sec=1.0
[Round 14] avg_loss=0.2651, proxy_fid=26.8780, total_samples=4480, round_sec=1.0
[Round 15] avg_loss=0.2660, proxy_fid=25.4506, total_samples=4480, round_sec=0.9
[Round 16] avg_loss=0.2613, proxy_fid=27.1020, total_samples=4480, round_sec=1.1
[Round 17] avg_loss=0.2539, proxy_fid=26.6521, total_samples=4480, round_sec=1.0
[Round 18] avg_loss=0.2511, proxy_fid=25.8432, total_samples=4480, round_sec=1.0
[Round 19] avg_loss=0.2430, proxy_fid=26.3761, total_samples=4480, round_sec=1.0
[Round 20] avg_loss=0.2416, proxy_fid=25.0434, total_samples=4480, round_sec=1.2
[Round 21] avg_loss=0.2327, proxy_fid=25.6224, total_samples=4480, round_sec=1.0
[Round 22] avg_loss=0.2424, proxy_fid=26.2525, total_samples=4480, round_sec=1.0
[Round 23] avg_loss=0.2390, proxy_fid=26.7599, total_samples=4480, round_sec=1.0
[Round 24] avg_loss=0.2328, proxy_fid=27.2506, total_samples=4480, round_sec=1.0
[Round 25] avg_loss=0.2302, proxy_fid=26.5262, total_samples=4480, round_sec=1.1
[Round 26] avg_loss=0.2266, proxy_fid=26.7897, total_samples=4480, round_sec=1.0
[Round 27] avg_loss=0.2283, proxy_fid=25.5177, total_samples=4480, round_sec=1.0
[Round 28] avg_loss=0.2245, proxy_fid=26.2955, total_samples=4480, round_sec=1.0
[Round 29] avg_loss=0.2220, proxy_fid=26.8585, total_samples=4480, round_sec=1.5
[Round 30] avg_loss=0.2185, proxy_fid=26.4521, total_samples=4480, round_sec=1.0
[Round 31] avg_loss=0.2191, proxy_fid=26.0689, total_samples=4480, round_sec=1.0
[Round 32] avg_loss=0.2160, proxy_fid=26.5888, total_samples=4480, round_sec=1.0
[Round 33] avg_loss=0.2173, proxy_fid=26.8020, total_samples=4480, round_sec=1.1
[Round 34] avg_loss=0.2162, proxy_fid=25.6952, total_samples=4480, round_sec=1.0
[Round 35] avg_loss=0.2103, proxy_fid=27.3096, total_samples=4480, round_sec=1.0
[Round 36] avg_loss=0.2129, proxy_fid=26.7984, total_samples=4480, round_sec=1.0
[Round 37] avg_loss=0.2095, proxy_fid=26.4417, total_samples=4480, round_sec=1.1
[Round 38] avg_loss=0.2086, proxy_fid=27.0337, total_samples=4480, round_sec=1.0
[Round 39] avg_loss=0.2087, proxy_fid=27.3129, total_samples=4480, round_sec=1.0
[Round 40] avg_loss=0.2100, proxy_fid=26.9295, total_samples=4480, round_sec=1.0
[Round 41] avg_loss=0.2103, proxy_fid=25.7615, total_samples=4480, round_sec=1.0
[Round 42] avg_loss=0.2064, proxy_fid=26.8961, total_samples=4480, round_sec=1.1
[Round 43] avg_loss=0.2084, proxy_fid=27.0982, total_samples=4480, round_sec=1.2
[Round 44] avg_loss=0.2065, proxy_fid=27.6553, total_samples=4480, round_sec=1.2
[Round 45] avg_loss=0.2031, proxy_fid=26.8210, total_samples=4480, round_sec=1.1
[Round 46] avg_loss=0.2032, proxy_fid=26.7589, total_samples=4480, round_sec=1.0
[Round 47] avg_loss=0.2050, proxy_fid=28.3919, total_samples=4480, round_sec=1.1
[Round 48] avg_loss=0.2074, proxy_fid=27.1224, total_samples=4480, round_sec=1.1
[Round 49] avg_loss=0.2093, proxy_fid=28.2053, total_samples=4480, round_sec=1.0
[Round 50] avg_loss=0.2057, proxy_fid=26.2570, total_samples=4480, round_sec=1.2
[Round 51] avg_loss=0.2032, proxy_fid=27.3152, total_samples=4480, round_sec=1.2
[Round 52] avg_loss=0.2021, proxy_fid=27.3601, total_samples=4480, round_sec=1.1
[Round 53] avg_loss=0.2002, proxy_fid=26.3104, total_samples=4480, round_sec=1.1
[Round 54] avg_loss=0.1998, proxy_fid=26.9193, total_samples=4480, round_sec=1.0
[Round 55] avg_loss=0.1988, proxy_fid=27.6929, total_samples=4480, round_sec=1.0
[Round 56] avg_loss=0.1941, proxy_fid=26.6092, total_samples=4480, round_sec=1.5
[Round 57] avg_loss=0.2012, proxy_fid=27.2709, total_samples=4480, round_sec=1.1
[Round 58] avg_loss=0.1962, proxy_fid=26.1190, total_samples=4480, round_sec=1.0
[Round 59] avg_loss=0.2043, proxy_fid=27.3015, total_samples=4480, round_sec=1.0
[Round 60] avg_loss=0.1972, proxy_fid=27.2342, total_samples=4480, round_sec=1.0
[Round 61] avg_loss=0.2003, proxy_fid=26.7971, total_samples=4480, round_sec=1.0
[Round 62] avg_loss=0.1943, proxy_fid=26.6312, total_samples=4480, round_sec=1.2
[Round 63] avg_loss=0.1970, proxy_fid=27.5298, total_samples=4480, round_sec=1.2
[Round 64] avg_loss=0.1960, proxy_fid=26.9693, total_samples=4480, round_sec=1.2
[Round 65] avg_loss=0.1947, proxy_fid=26.5024, total_samples=4480, round_sec=1.2
[Round 66] avg_loss=0.1935, proxy_fid=28.2725, total_samples=4480, round_sec=1.3
[Round 67] avg_loss=0.1959, proxy_fid=27.3283, total_samples=4480, round_sec=1.3
[Round 68] avg_loss=0.1952, proxy_fid=26.8822, total_samples=4480, round_sec=1.5
[Round 69] avg_loss=0.1973, proxy_fid=27.9276, total_samples=4480, round_sec=1.2
[Round 70] avg_loss=0.1939, proxy_fid=26.9905, total_samples=4480, round_sec=1.1
[Round 71] avg_loss=0.1972, proxy_fid=27.5988, total_samples=4480, round_sec=1.1
[Round 72] avg_loss=0.1974, proxy_fid=26.0718, total_samples=4480, round_sec=1.1
[Round 73] avg_loss=0.1901, proxy_fid=27.9436, total_samples=4480, round_sec=1.0
[Round 74] avg_loss=0.1901, proxy_fid=25.3967, total_samples=4480, round_sec=1.3
[Round 75] avg_loss=0.1991, proxy_fid=27.0207, total_samples=4480, round_sec=1.2
[Round 76] avg_loss=0.1890, proxy_fid=26.4993, total_samples=4480, round_sec=1.4
[Round 77] avg_loss=0.1960, proxy_fid=27.7976, total_samples=4480, round_sec=1.5
[Round 78] avg_loss=0.1933, proxy_fid=26.8592, total_samples=4480, round_sec=1.1
[Round 79] avg_loss=0.1953, proxy_fid=26.5935, total_samples=4480, round_sec=1.1
[Round 80] avg_loss=0.1922, proxy_fid=27.3351, total_samples=4480, round_sec=1.1
[Round 81] avg_loss=0.1958, proxy_fid=27.0110, total_samples=4480, round_sec=1.1
[Round 82] avg_loss=0.1942, proxy_fid=26.2807, total_samples=4480, round_sec=1.0
[Round 83] avg_loss=0.1883, proxy_fid=26.5852, total_samples=4480, round_sec=1.0
[Round 84] avg_loss=0.1890, proxy_fid=27.2372, total_samples=4480, round_sec=1.0
[Round 85] avg_loss=0.1882, proxy_fid=25.8708, total_samples=4480, round_sec=1.5
[Round 86] avg_loss=0.1876, proxy_fid=26.7268, total_samples=4480, round_sec=1.2
[Round 87] avg_loss=0.1866, proxy_fid=27.6960, total_samples=4480, round_sec=1.0
[Round 88] avg_loss=0.1937, proxy_fid=28.8071, total_samples=4480, round_sec=1.0
[Round 89] avg_loss=0.1865, proxy_fid=26.9198, total_samples=4480, round_sec=1.0
[Round 90] avg_loss=0.1887, proxy_fid=27.3859, total_samples=4480, round_sec=1.0
[Round 91] avg_loss=0.1872, proxy_fid=26.8382, total_samples=4480, round_sec=1.0
[Round 92] avg_loss=0.1857, proxy_fid=26.6578, total_samples=4480, round_sec=1.0
[Round 93] avg_loss=0.1899, proxy_fid=26.0773, total_samples=4480, round_sec=1.1
[Round 94] avg_loss=0.1889, proxy_fid=27.8628, total_samples=4480, round_sec=1.1
[Round 95] avg_loss=0.1881, proxy_fid=27.9390, total_samples=4480, round_sec=1.1
[Round 96] avg_loss=0.1889, proxy_fid=28.3709, total_samples=4480, round_sec=1.8
[Round 97] avg_loss=0.1839, proxy_fid=26.8435, total_samples=4480, round_sec=1.2
[Round 98] avg_loss=0.1898, proxy_fid=26.9162, total_samples=4480, round_sec=1.0
[Round 99] avg_loss=0.1849, proxy_fid=27.9422, total_samples=4480, round_sec=1.0
[Round 100] avg_loss=0.1873, proxy_fid=27.1580, total_samples=4480, round_sec=1.1

Done.
{
  "last_round": {
    "round": 100,
    "avg_client_loss": 0.187337,
    "proxy_fid": 27.158004,
    "total_samples": 4480,
    "aggregated_clients": 1,
    "round_duration_sec": 1.085
  },
  "best_proxy_fid_round": {
    "round": 20,
    "avg_client_loss": 0.241595,
    "proxy_fid": 25.043355,
    "total_samples": 4480,
    "aggregated_clients": 1,
    "round_duration_sec": 1.198
  },
  "best_checkpoint_metric": "proxy_fid",
  "best_checkpoint_path": "C:\\Users\\shenc\\Desktop\\feddiffsecure_minimal\\outputs\\fashion_central_long100_portal_run\\global_model_best.pt",
  "best_proxy_checkpoint_path": "C:\\Users\\shenc\\Desktop\\feddiffsecure_minimal\\outputs\\fashion_central_long100_portal_run\\global_model_best_proxy.pt",
  "wall_clock_seconds": 117.303,
  "avg_round_seconds": 1.1,
  "max_round_seconds": 2.031
}
Artifacts saved to: outputs\fashion_central_long100_portal_run
