================================================================================
FedDiffSecure minimal prototype
{
  "config_path": "C:\\Users\\shenc\\Desktop\\feddiffsecure_minimal\\configs\\fashion_fed_stable_long100_portal.yaml",
  "started_at": "2026-04-18T17:12:11.848244+08:00",
  "device": "cuda",
  "dataset": "fashion_mnist",
  "model_params_total": 18745,
  "model_params_trainable": 4816,
  "num_clients": 4,
  "rounds": 100,
  "clients_per_round": 2,
  "local_epochs": 1,
  "max_steps_per_epoch": 20,
  "dirichlet_alpha": 1.0,
  "lr": 0.0005,
  "batch_size": 128,
  "ema_decay": 0.995,
  "x0_loss_weight": 0.0,
  "semantic_eval_every": 0,
  "trainable_param_tensors": 66,
  "unfreeze_param_prefixes": [],
  "enabled_extra_params": 0,
  "save_carriers": true
}
================================================================================

[Round 1] selected clients: [0, 3]
  client=0 loss=1.1121 samples=10421 payload=38557B verified=True
  client=3 loss=1.1121 samples=16060 payload=38557B verified=True
[Round 1] avg_client_loss=1.1121, proxy_fid=26.0487, total_samples=26481, aggregated_clients=2, round_sec=10.3

[Round 2] selected clients: [2, 0]
  client=2 loss=1.0186 samples=18193 payload=38557B verified=True
  client=0 loss=1.0189 samples=10421 payload=38557B verified=True
[Round 2] avg_client_loss=1.0188, proxy_fid=26.4780, total_samples=28614, aggregated_clients=2, round_sec=4.1

[Round 3] selected clients: [1, 0]
  client=1 loss=0.9371 samples=15326 payload=38557B verified=True
  client=0 loss=0.9349 samples=10421 payload=38557B verified=True
[Round 3] avg_client_loss=0.9360, proxy_fid=27.1524, total_samples=25747, aggregated_clients=2, round_sec=4.1

[Round 4] selected clients: [0, 2]
  client=0 loss=0.8613 samples=10421 payload=38557B verified=True
  client=2 loss=0.8617 samples=18193 payload=38557B verified=True
[Round 4] avg_client_loss=0.8615, proxy_fid=27.7082, total_samples=28614, aggregated_clients=2, round_sec=4.3

[Round 5] selected clients: [0, 2]
  client=0 loss=0.7897 samples=10421 payload=38557B verified=True
  client=2 loss=0.7917 samples=18193 payload=38557B verified=True
[Round 5] avg_client_loss=0.7907, proxy_fid=28.1962, total_samples=28614, aggregated_clients=2, round_sec=4.0

[Round 6] selected clients: [3, 0]
  client=3 loss=0.7250 samples=16060 payload=38557B verified=True
  client=0 loss=0.7201 samples=10421 payload=38557B verified=True
[Round 6] avg_client_loss=0.7225, proxy_fid=29.2811, total_samples=26481, aggregated_clients=2, round_sec=4.4

[Round 7] selected clients: [0, 3]
  client=0 loss=0.6696 samples=10421 payload=38557B verified=True
  client=3 loss=0.6691 samples=16060 payload=38557B verified=True
[Round 7] avg_client_loss=0.6693, proxy_fid=30.6450, total_samples=26481, aggregated_clients=2, round_sec=3.9

[Round 8] selected clients: [1, 0]
  client=1 loss=0.6255 samples=15326 payload=38557B verified=True
  client=0 loss=0.6088 samples=10421 payload=38557B verified=True
[Round 8] avg_client_loss=0.6171, proxy_fid=32.2190, total_samples=25747, aggregated_clients=2, round_sec=3.8

[Round 9] selected clients: [0, 2]
  client=0 loss=0.5697 samples=10421 payload=38557B verified=True
  client=2 loss=0.5774 samples=18193 payload=38557B verified=True
[Round 9] avg_client_loss=0.5736, proxy_fid=32.5463, total_samples=28614, aggregated_clients=2, round_sec=4.2

[Round 10] selected clients: [1, 2]
  client=1 loss=0.5316 samples=15326 payload=38557B verified=True
  client=2 loss=0.5272 samples=18193 payload=38557B verified=True
[Round 10] avg_client_loss=0.5294, proxy_fid=32.2929, total_samples=33519, aggregated_clients=2, round_sec=3.6

[Round 11] selected clients: [3, 0]
  client=3 loss=0.4914 samples=16060 payload=38557B verified=True
  client=0 loss=0.4844 samples=10421 payload=38557B verified=True
[Round 11] avg_client_loss=0.4879, proxy_fid=31.5280, total_samples=26481, aggregated_clients=2, round_sec=3.9

[Round 12] selected clients: [3, 2]
  client=3 loss=0.4618 samples=16060 payload=38557B verified=True
  client=2 loss=0.4643 samples=18193 payload=38557B verified=True
[Round 12] avg_client_loss=0.4630, proxy_fid=28.7463, total_samples=34253, aggregated_clients=2, round_sec=3.6

[Round 13] selected clients: [2, 0]
  client=2 loss=0.4443 samples=18193 payload=38557B verified=True
  client=0 loss=0.4330 samples=10421 payload=38557B verified=True
[Round 13] avg_client_loss=0.4387, proxy_fid=28.5591, total_samples=28614, aggregated_clients=2, round_sec=3.6

[Round 14] selected clients: [1, 2]
  client=1 loss=0.4212 samples=15326 payload=38557B verified=True
  client=2 loss=0.4188 samples=18193 payload=38557B verified=True
[Round 14] avg_client_loss=0.4200, proxy_fid=26.8285, total_samples=33519, aggregated_clients=2, round_sec=4.0

[Round 15] selected clients: [3, 1]
  client=3 loss=0.4056 samples=16060 payload=38557B verified=True
  client=1 loss=0.4112 samples=15326 payload=38557B verified=True
[Round 15] avg_client_loss=0.4084, proxy_fid=27.4569, total_samples=31386, aggregated_clients=2, round_sec=3.6

[Round 16] selected clients: [2, 0]
  client=2 loss=0.3861 samples=18193 payload=38557B verified=True
  client=0 loss=0.3894 samples=10421 payload=38557B verified=True
[Round 16] avg_client_loss=0.3878, proxy_fid=26.6452, total_samples=28614, aggregated_clients=2, round_sec=3.7

[Round 17] selected clients: [1, 3]
  client=1 loss=0.3795 samples=15326 payload=38557B verified=True
  client=3 loss=0.3750 samples=16060 payload=38557B verified=True
[Round 17] avg_client_loss=0.3772, proxy_fid=26.4308, total_samples=31386, aggregated_clients=2, round_sec=3.8

[Round 18] selected clients: [0, 3]
  client=0 loss=0.3650 samples=10421 payload=38557B verified=True
  client=3 loss=0.3586 samples=16060 payload=38557B verified=True
[Round 18] avg_client_loss=0.3618, proxy_fid=24.7186, total_samples=26481, aggregated_clients=2, round_sec=3.9

[Round 19] selected clients: [3, 0]
  client=3 loss=0.3466 samples=16060 payload=38557B verified=True
  client=0 loss=0.3550 samples=10421 payload=38557B verified=True
[Round 19] avg_client_loss=0.3508, proxy_fid=26.6526, total_samples=26481, aggregated_clients=2, round_sec=3.9

[Round 20] selected clients: [2, 1]
  client=2 loss=0.3423 samples=18193 payload=38557B verified=True
  client=1 loss=0.3542 samples=15326 payload=38557B verified=True
[Round 20] avg_client_loss=0.3482, proxy_fid=25.9311, total_samples=33519, aggregated_clients=2, round_sec=3.6

[Round 21] selected clients: [2, 0]
  client=2 loss=0.3454 samples=18193 payload=38557B verified=True
  client=0 loss=0.3324 samples=10421 payload=38557B verified=True
[Round 21] avg_client_loss=0.3389, proxy_fid=27.5504, total_samples=28614, aggregated_clients=2, round_sec=3.7

[Round 22] selected clients: [3, 2]
  client=3 loss=0.3398 samples=16060 payload=38557B verified=True
  client=2 loss=0.3309 samples=18193 payload=38557B verified=True
[Round 22] avg_client_loss=0.3353, proxy_fid=26.3524, total_samples=34253, aggregated_clients=2, round_sec=4.1

[Round 23] selected clients: [0, 1]
  client=0 loss=0.3265 samples=10421 payload=38557B verified=True
  client=1 loss=0.3162 samples=15326 payload=38557B verified=True
[Round 23] avg_client_loss=0.3214, proxy_fid=26.8076, total_samples=25747, aggregated_clients=2, round_sec=3.6

[Round 24] selected clients: [0, 2]
  client=0 loss=0.3212 samples=10421 payload=38557B verified=True
  client=2 loss=0.3147 samples=18193 payload=38557B verified=True
[Round 24] avg_client_loss=0.3180, proxy_fid=26.6336, total_samples=28614, aggregated_clients=2, round_sec=3.8

[Round 25] selected clients: [2, 3]
  client=2 loss=0.3240 samples=18193 payload=38557B verified=True
  client=3 loss=0.3136 samples=16060 payload=38557B verified=True
[Round 25] avg_client_loss=0.3188, proxy_fid=26.7985, total_samples=34253, aggregated_clients=2, round_sec=3.7

[Round 26] selected clients: [2, 3]
  client=2 loss=0.3117 samples=18193 payload=38557B verified=True
  client=3 loss=0.3122 samples=16060 payload=38557B verified=True
[Round 26] avg_client_loss=0.3120, proxy_fid=25.3058, total_samples=34253, aggregated_clients=2, round_sec=3.7

[Round 27] selected clients: [1, 2]
  client=1 loss=0.3117 samples=15326 payload=38557B verified=True
  client=2 loss=0.3053 samples=18193 payload=38557B verified=True
[Round 27] avg_client_loss=0.3085, proxy_fid=26.6070, total_samples=33519, aggregated_clients=2, round_sec=3.9

[Round 28] selected clients: [0, 3]
  client=0 loss=0.2963 samples=10421 payload=38557B verified=True
  client=3 loss=0.2977 samples=16060 payload=38557B verified=True
[Round 28] avg_client_loss=0.2970, proxy_fid=26.3576, total_samples=26481, aggregated_clients=2, round_sec=4.0

[Round 29] selected clients: [1, 3]
  client=1 loss=0.2970 samples=15326 payload=38557B verified=True
  client=3 loss=0.2928 samples=16060 payload=38557B verified=True
[Round 29] avg_client_loss=0.2949, proxy_fid=25.6217, total_samples=31386, aggregated_clients=2, round_sec=3.6

[Round 30] selected clients: [0, 3]
  client=0 loss=0.2889 samples=10421 payload=38557B verified=True
  client=3 loss=0.2848 samples=16060 payload=38557B verified=True
[Round 30] avg_client_loss=0.2869, proxy_fid=26.2435, total_samples=26481, aggregated_clients=2, round_sec=3.9

[Round 31] selected clients: [0, 1]
  client=0 loss=0.2827 samples=10421 payload=38557B verified=True
  client=1 loss=0.2933 samples=15326 payload=38557B verified=True
[Round 31] avg_client_loss=0.2880, proxy_fid=26.0652, total_samples=25747, aggregated_clients=2, round_sec=3.7

[Round 32] selected clients: [2, 1]
  client=2 loss=0.2880 samples=18193 payload=38557B verified=True
  client=1 loss=0.2869 samples=15326 payload=38557B verified=True
[Round 32] avg_client_loss=0.2874, proxy_fid=26.0538, total_samples=33519, aggregated_clients=2, round_sec=3.9

[Round 33] selected clients: [2, 0]
  client=2 loss=0.2777 samples=18193 payload=38557B verified=True
  client=0 loss=0.2817 samples=10421 payload=38557B verified=True
[Round 33] avg_client_loss=0.2797, proxy_fid=26.0489, total_samples=28614, aggregated_clients=2, round_sec=3.8

[Round 34] selected clients: [2, 1]
  client=2 loss=0.2724 samples=18193 payload=38557B verified=True
  client=1 loss=0.2798 samples=15326 payload=38557B verified=True
[Round 34] avg_client_loss=0.2761, proxy_fid=25.8041, total_samples=33519, aggregated_clients=2, round_sec=3.9

[Round 35] selected clients: [1, 2]
  client=1 loss=0.2713 samples=15326 payload=38557B verified=True
  client=2 loss=0.2612 samples=18193 payload=38557B verified=True
[Round 35] avg_client_loss=0.2662, proxy_fid=25.5867, total_samples=33519, aggregated_clients=2, round_sec=4.1

[Round 36] selected clients: [2, 3]
  client=2 loss=0.2669 samples=18193 payload=38557B verified=True
  client=3 loss=0.2735 samples=16060 payload=38557B verified=True
[Round 36] avg_client_loss=0.2702, proxy_fid=25.9966, total_samples=34253, aggregated_clients=2, round_sec=3.8

[Round 37] selected clients: [0, 2]
  client=0 loss=0.2651 samples=10421 payload=38557B verified=True
  client=2 loss=0.2695 samples=18193 payload=38557B verified=True
[Round 37] avg_client_loss=0.2673, proxy_fid=26.5600, total_samples=28614, aggregated_clients=2, round_sec=4.0

[Round 38] selected clients: [1, 2]
  client=1 loss=0.2666 samples=15326 payload=38557B verified=True
  client=2 loss=0.2736 samples=18193 payload=38557B verified=True
[Round 38] avg_client_loss=0.2701, proxy_fid=25.6565, total_samples=33519, aggregated_clients=2, round_sec=4.0

[Round 39] selected clients: [1, 0]
  client=1 loss=0.2636 samples=15326 payload=38557B verified=True
  client=0 loss=0.2569 samples=10421 payload=38557B verified=True
[Round 39] avg_client_loss=0.2603, proxy_fid=25.2654, total_samples=25747, aggregated_clients=2, round_sec=3.7

[Round 40] selected clients: [3, 1]
  client=3 loss=0.2580 samples=16060 payload=38557B verified=True
  client=1 loss=0.2547 samples=15326 payload=38557B verified=True
[Round 40] avg_client_loss=0.2563, proxy_fid=26.6768, total_samples=31386, aggregated_clients=2, round_sec=4.0

[Round 41] selected clients: [2, 3]
  client=2 loss=0.2604 samples=18193 payload=38557B verified=True
  client=3 loss=0.2622 samples=16060 payload=38557B verified=True
[Round 41] avg_client_loss=0.2613, proxy_fid=26.0100, total_samples=34253, aggregated_clients=2, round_sec=3.7

[Round 42] selected clients: [1, 2]
  client=1 loss=0.2521 samples=15326 payload=38557B verified=True
  client=2 loss=0.2558 samples=18193 payload=38557B verified=True
[Round 42] avg_client_loss=0.2539, proxy_fid=25.6825, total_samples=33519, aggregated_clients=2, round_sec=3.9

[Round 43] selected clients: [2, 0]
  client=2 loss=0.2529 samples=18193 payload=38557B verified=True
  client=0 loss=0.2557 samples=10421 payload=38557B verified=True
[Round 43] avg_client_loss=0.2543, proxy_fid=25.8729, total_samples=28614, aggregated_clients=2, round_sec=4.0

[Round 44] selected clients: [1, 0]
  client=1 loss=0.2459 samples=15326 payload=38557B verified=True
  client=0 loss=0.2617 samples=10421 payload=38557B verified=True
[Round 44] avg_client_loss=0.2538, proxy_fid=26.9404, total_samples=25747, aggregated_clients=2, round_sec=3.6

[Round 45] selected clients: [2, 1]
  client=2 loss=0.2562 samples=18193 payload=38557B verified=True
  client=1 loss=0.2468 samples=15326 payload=38557B verified=True
[Round 45] avg_client_loss=0.2515, proxy_fid=26.3616, total_samples=33519, aggregated_clients=2, round_sec=3.9

[Round 46] selected clients: [2, 0]
  client=2 loss=0.2534 samples=18193 payload=38557B verified=True
  client=0 loss=0.2589 samples=10421 payload=38557B verified=True
[Round 46] avg_client_loss=0.2561, proxy_fid=26.3047, total_samples=28614, aggregated_clients=2, round_sec=3.7

[Round 47] selected clients: [1, 2]
  client=1 loss=0.2493 samples=15326 payload=38557B verified=True
  client=2 loss=0.2498 samples=18193 payload=38557B verified=True
[Round 47] avg_client_loss=0.2495, proxy_fid=26.2327, total_samples=33519, aggregated_clients=2, round_sec=3.7

[Round 48] selected clients: [2, 0]
  client=2 loss=0.2459 samples=18193 payload=38557B verified=True
  client=0 loss=0.2537 samples=10421 payload=38557B verified=True
[Round 48] avg_client_loss=0.2498, proxy_fid=25.8060, total_samples=28614, aggregated_clients=2, round_sec=4.0

[Round 49] selected clients: [3, 1]
  client=3 loss=0.2454 samples=16060 payload=38557B verified=True
  client=1 loss=0.2425 samples=15326 payload=38557B verified=True
[Round 49] avg_client_loss=0.2439, proxy_fid=27.0294, total_samples=31386, aggregated_clients=2, round_sec=3.7

[Round 50] selected clients: [3, 0]
  client=3 loss=0.2435 samples=16060 payload=38557B verified=True
  client=0 loss=0.2427 samples=10421 payload=38557B verified=True
[Round 50] avg_client_loss=0.2431, proxy_fid=25.9574, total_samples=26481, aggregated_clients=2, round_sec=3.9

[Round 51] selected clients: [2, 0]
  client=2 loss=0.2385 samples=18193 payload=38557B verified=True
  client=0 loss=0.2493 samples=10421 payload=38557B verified=True
[Round 51] avg_client_loss=0.2439, proxy_fid=25.9912, total_samples=28614, aggregated_clients=2, round_sec=3.8

[Round 52] selected clients: [1, 2]
  client=1 loss=0.2407 samples=15326 payload=38557B verified=True
  client=2 loss=0.2355 samples=18193 payload=38557B verified=True
[Round 52] avg_client_loss=0.2381, proxy_fid=26.4739, total_samples=33519, aggregated_clients=2, round_sec=3.8

[Round 53] selected clients: [2, 3]
  client=2 loss=0.2385 samples=18193 payload=38557B verified=True
  client=3 loss=0.2373 samples=16060 payload=38557B verified=True
[Round 53] avg_client_loss=0.2379, proxy_fid=24.3822, total_samples=34253, aggregated_clients=2, round_sec=4.2

[Round 54] selected clients: [3, 2]
  client=3 loss=0.2391 samples=16060 payload=38557B verified=True
  client=2 loss=0.2394 samples=18193 payload=38557B verified=True
[Round 54] avg_client_loss=0.2393, proxy_fid=25.7589, total_samples=34253, aggregated_clients=2, round_sec=3.8

[Round 55] selected clients: [3, 1]
  client=3 loss=0.2308 samples=16060 payload=38557B verified=True
  client=1 loss=0.2357 samples=15326 payload=38557B verified=True
[Round 55] avg_client_loss=0.2332, proxy_fid=24.9079, total_samples=31386, aggregated_clients=2, round_sec=3.8

[Round 56] selected clients: [1, 0]
  client=1 loss=0.2472 samples=15326 payload=38557B verified=True
  client=0 loss=0.2446 samples=10421 payload=38557B verified=True
[Round 56] avg_client_loss=0.2459, proxy_fid=26.0649, total_samples=25747, aggregated_clients=2, round_sec=3.8

[Round 57] selected clients: [3, 0]
  client=3 loss=0.2385 samples=16060 payload=38557B verified=True
  client=0 loss=0.2355 samples=10421 payload=38557B verified=True
[Round 57] avg_client_loss=0.2370, proxy_fid=27.1902, total_samples=26481, aggregated_clients=2, round_sec=3.8

[Round 58] selected clients: [0, 3]
  client=0 loss=0.2347 samples=10421 payload=38557B verified=True
  client=3 loss=0.2333 samples=16060 payload=38557B verified=True
[Round 58] avg_client_loss=0.2340, proxy_fid=26.1538, total_samples=26481, aggregated_clients=2, round_sec=4.2

[Round 59] selected clients: [1, 2]
  client=1 loss=0.2330 samples=15326 payload=38557B verified=True
  client=2 loss=0.2363 samples=18193 payload=38557B verified=True
[Round 59] avg_client_loss=0.2346, proxy_fid=24.3774, total_samples=33519, aggregated_clients=2, round_sec=3.9

[Round 60] selected clients: [1, 2]
  client=1 loss=0.2337 samples=15326 payload=38557B verified=True
  client=2 loss=0.2289 samples=18193 payload=38557B verified=True
[Round 60] avg_client_loss=0.2313, proxy_fid=26.1455, total_samples=33519, aggregated_clients=2, round_sec=3.7

[Round 61] selected clients: [3, 2]
  client=3 loss=0.2307 samples=16060 payload=38557B verified=True
  client=2 loss=0.2431 samples=18193 payload=38557B verified=True
[Round 61] avg_client_loss=0.2369, proxy_fid=26.2110, total_samples=34253, aggregated_clients=2, round_sec=4.0

[Round 62] selected clients: [0, 1]
  client=0 loss=0.2403 samples=10421 payload=38557B verified=True
  client=1 loss=0.2279 samples=15326 payload=38557B verified=True
[Round 62] avg_client_loss=0.2341, proxy_fid=26.2273, total_samples=25747, aggregated_clients=2, round_sec=3.8

[Round 63] selected clients: [3, 2]
  client=3 loss=0.2298 samples=16060 payload=38557B verified=True
  client=2 loss=0.2253 samples=18193 payload=38557B verified=True
[Round 63] avg_client_loss=0.2276, proxy_fid=26.8404, total_samples=34253, aggregated_clients=2, round_sec=4.1

[Round 64] selected clients: [3, 2]
  client=3 loss=0.2277 samples=16060 payload=38557B verified=True
  client=2 loss=0.2311 samples=18193 payload=38557B verified=True
[Round 64] avg_client_loss=0.2294, proxy_fid=25.1451, total_samples=34253, aggregated_clients=2, round_sec=3.8

[Round 65] selected clients: [2, 3]
  client=2 loss=0.2323 samples=18193 payload=38557B verified=True
  client=3 loss=0.2241 samples=16060 payload=38557B verified=True
[Round 65] avg_client_loss=0.2282, proxy_fid=26.9274, total_samples=34253, aggregated_clients=2, round_sec=4.1

[Round 66] selected clients: [0, 2]
  client=0 loss=0.2329 samples=10421 payload=38557B verified=True
  client=2 loss=0.2301 samples=18193 payload=38557B verified=True
[Round 66] avg_client_loss=0.2315, proxy_fid=25.9961, total_samples=28614, aggregated_clients=2, round_sec=4.3

[Round 67] selected clients: [0, 2]
  client=0 loss=0.2344 samples=10421 payload=38557B verified=True
  client=2 loss=0.2331 samples=18193 payload=38557B verified=True
[Round 67] avg_client_loss=0.2337, proxy_fid=25.2838, total_samples=28614, aggregated_clients=2, round_sec=4.4

[Round 68] selected clients: [2, 3]
  client=2 loss=0.2309 samples=18193 payload=38557B verified=True
  client=3 loss=0.2307 samples=16060 payload=38557B verified=True
[Round 68] avg_client_loss=0.2308, proxy_fid=25.5266, total_samples=34253, aggregated_clients=2, round_sec=4.5

[Round 69] selected clients: [2, 0]
  client=2 loss=0.2232 samples=18193 payload=38557B verified=True
  client=0 loss=0.2253 samples=10421 payload=38557B verified=True
[Round 69] avg_client_loss=0.2242, proxy_fid=26.3925, total_samples=28614, aggregated_clients=2, round_sec=4.3

[Round 70] selected clients: [2, 1]
  client=2 loss=0.2276 samples=18193 payload=38557B verified=True
  client=1 loss=0.2245 samples=15326 payload=38557B verified=True
[Round 70] avg_client_loss=0.2260, proxy_fid=26.5316, total_samples=33519, aggregated_clients=2, round_sec=4.4

[Round 71] selected clients: [1, 3]
  client=1 loss=0.2276 samples=15326 payload=38557B verified=True
  client=3 loss=0.2243 samples=16060 payload=38557B verified=True
[Round 71] avg_client_loss=0.2259, proxy_fid=26.1703, total_samples=31386, aggregated_clients=2, round_sec=3.9

[Round 72] selected clients: [0, 2]
  client=0 loss=0.2248 samples=10421 payload=38557B verified=True
  client=2 loss=0.2321 samples=18193 payload=38557B verified=True
[Round 72] avg_client_loss=0.2284, proxy_fid=26.1071, total_samples=28614, aggregated_clients=2, round_sec=3.7

[Round 73] selected clients: [2, 3]
  client=2 loss=0.2223 samples=18193 payload=38557B verified=True
  client=3 loss=0.2203 samples=16060 payload=38557B verified=True
[Round 73] avg_client_loss=0.2213, proxy_fid=26.2574, total_samples=34253, aggregated_clients=2, round_sec=4.0

[Round 74] selected clients: [1, 2]
  client=1 loss=0.2244 samples=15326 payload=38557B verified=True
  client=2 loss=0.2306 samples=18193 payload=38557B verified=True
[Round 74] avg_client_loss=0.2275, proxy_fid=25.1745, total_samples=33519, aggregated_clients=2, round_sec=3.5

[Round 75] selected clients: [0, 2]
  client=0 loss=0.2321 samples=10421 payload=38557B verified=True
  client=2 loss=0.2223 samples=18193 payload=38557B verified=True
[Round 75] avg_client_loss=0.2272, proxy_fid=26.6189, total_samples=28614, aggregated_clients=2, round_sec=3.9

[Round 76] selected clients: [2, 3]
  client=2 loss=0.2275 samples=18193 payload=38557B verified=True
  client=3 loss=0.2270 samples=16060 payload=38557B verified=True
[Round 76] avg_client_loss=0.2273, proxy_fid=26.2370, total_samples=34253, aggregated_clients=2, round_sec=3.7

[Round 77] selected clients: [1, 0]
  client=1 loss=0.2198 samples=15326 payload=38557B verified=True
  client=0 loss=0.2191 samples=10421 payload=38557B verified=True
[Round 77] avg_client_loss=0.2195, proxy_fid=26.5066, total_samples=25747, aggregated_clients=2, round_sec=3.8

[Round 78] selected clients: [2, 0]
  client=2 loss=0.2221 samples=18193 payload=38557B verified=True
  client=0 loss=0.2244 samples=10421 payload=38557B verified=True
[Round 78] avg_client_loss=0.2232, proxy_fid=25.9970, total_samples=28614, aggregated_clients=2, round_sec=3.8

[Round 79] selected clients: [0, 2]
  client=0 loss=0.2266 samples=10421 payload=38557B verified=True
  client=2 loss=0.2291 samples=18193 payload=38557B verified=True
[Round 79] avg_client_loss=0.2278, proxy_fid=27.0451, total_samples=28614, aggregated_clients=2, round_sec=3.6

[Round 80] selected clients: [2, 1]
  client=2 loss=0.2184 samples=18193 payload=38557B verified=True
  client=1 loss=0.2186 samples=15326 payload=38557B verified=True
[Round 80] avg_client_loss=0.2185, proxy_fid=24.3006, total_samples=33519, aggregated_clients=2, round_sec=3.7

[Round 81] selected clients: [0, 3]
  client=0 loss=0.2236 samples=10421 payload=38557B verified=True
  client=3 loss=0.2134 samples=16060 payload=38557B verified=True
[Round 81] avg_client_loss=0.2185, proxy_fid=25.8578, total_samples=26481, aggregated_clients=2, round_sec=4.1

[Round 82] selected clients: [2, 1]
  client=2 loss=0.2206 samples=18193 payload=38557B verified=True
  client=1 loss=0.2204 samples=15326 payload=38557B verified=True
[Round 82] avg_client_loss=0.2205, proxy_fid=26.5421, total_samples=33519, aggregated_clients=2, round_sec=3.5

[Round 83] selected clients: [1, 0]
  client=1 loss=0.2170 samples=15326 payload=38557B verified=True
  client=0 loss=0.2339 samples=10421 payload=38557B verified=True
[Round 83] avg_client_loss=0.2255, proxy_fid=27.7868, total_samples=25747, aggregated_clients=2, round_sec=3.7

[Round 84] selected clients: [1, 2]
  client=1 loss=0.2158 samples=15326 payload=38557B verified=True
  client=2 loss=0.2200 samples=18193 payload=38557B verified=True
[Round 84] avg_client_loss=0.2179, proxy_fid=26.5717, total_samples=33519, aggregated_clients=2, round_sec=4.1

[Round 85] selected clients: [0, 3]
  client=0 loss=0.2222 samples=10421 payload=38557B verified=True
  client=3 loss=0.2179 samples=16060 payload=38557B verified=True
[Round 85] avg_client_loss=0.2200, proxy_fid=27.1428, total_samples=26481, aggregated_clients=2, round_sec=3.6

[Round 86] selected clients: [3, 0]
  client=3 loss=0.2165 samples=16060 payload=38557B verified=True
  client=0 loss=0.2180 samples=10421 payload=38557B verified=True
[Round 86] avg_client_loss=0.2173, proxy_fid=27.3233, total_samples=26481, aggregated_clients=2, round_sec=3.8

[Round 87] selected clients: [1, 0]
  client=1 loss=0.2159 samples=15326 payload=38557B verified=True
  client=0 loss=0.2188 samples=10421 payload=38557B verified=True
[Round 87] avg_client_loss=0.2174, proxy_fid=26.5685, total_samples=25747, aggregated_clients=2, round_sec=3.6

[Round 88] selected clients: [3, 2]
  client=3 loss=0.2179 samples=16060 payload=38557B verified=True
  client=2 loss=0.2216 samples=18193 payload=38557B verified=True
[Round 88] avg_client_loss=0.2198, proxy_fid=25.7763, total_samples=34253, aggregated_clients=2, round_sec=3.6

[Round 89] selected clients: [1, 3]
  client=1 loss=0.2149 samples=15326 payload=38557B verified=True
  client=3 loss=0.2086 samples=16060 payload=38557B verified=True
[Round 89] avg_client_loss=0.2118, proxy_fid=26.8777, total_samples=31386, aggregated_clients=2, round_sec=4.0

[Round 90] selected clients: [3, 0]
  client=3 loss=0.2201 samples=16060 payload=38557B verified=True
  client=0 loss=0.2270 samples=10421 payload=38557B verified=True
[Round 90] avg_client_loss=0.2236, proxy_fid=26.4664, total_samples=26481, aggregated_clients=2, round_sec=3.6

[Round 91] selected clients: [1, 2]
  client=1 loss=0.2175 samples=15326 payload=38557B verified=True
  client=2 loss=0.2219 samples=18193 payload=38557B verified=True
[Round 91] avg_client_loss=0.2197, proxy_fid=26.5873, total_samples=33519, aggregated_clients=2, round_sec=4.0

[Round 92] selected clients: [2, 1]
  client=2 loss=0.2099 samples=18193 payload=38557B verified=True
  client=1 loss=0.2174 samples=15326 payload=38557B verified=True
[Round 92] avg_client_loss=0.2137, proxy_fid=26.7322, total_samples=33519, aggregated_clients=2, round_sec=3.7

[Round 93] selected clients: [2, 1]
  client=2 loss=0.2146 samples=18193 payload=38557B verified=True
  client=1 loss=0.2114 samples=15326 payload=38557B verified=True
[Round 93] avg_client_loss=0.2130, proxy_fid=25.6374, total_samples=33519, aggregated_clients=2, round_sec=3.6

[Round 94] selected clients: [3, 0]
  client=3 loss=0.2117 samples=16060 payload=38557B verified=True
  client=0 loss=0.2131 samples=10421 payload=38557B verified=True
[Round 94] avg_client_loss=0.2124, proxy_fid=27.2125, total_samples=26481, aggregated_clients=2, round_sec=3.9

[Round 95] selected clients: [1, 0]
  client=1 loss=0.2178 samples=15326 payload=38557B verified=True
  client=0 loss=0.2152 samples=10421 payload=38557B verified=True
[Round 95] avg_client_loss=0.2165, proxy_fid=25.9623, total_samples=25747, aggregated_clients=2, round_sec=3.7

[Round 96] selected clients: [0, 1]
  client=0 loss=0.2246 samples=10421 payload=38557B verified=True
  client=1 loss=0.2178 samples=15326 payload=38557B verified=True
[Round 96] avg_client_loss=0.2212, proxy_fid=26.2196, total_samples=25747, aggregated_clients=2, round_sec=3.7

[Round 97] selected clients: [0, 2]
  client=0 loss=0.2103 samples=10421 payload=38557B verified=True
  client=2 loss=0.2164 samples=18193 payload=38557B verified=True
[Round 97] avg_client_loss=0.2133, proxy_fid=25.6343, total_samples=28614, aggregated_clients=2, round_sec=4.3

[Round 98] selected clients: [1, 2]
  client=1 loss=0.2104 samples=15326 payload=38557B verified=True
  client=2 loss=0.2146 samples=18193 payload=38557B verified=True
[Round 98] avg_client_loss=0.2125, proxy_fid=25.5831, total_samples=33519, aggregated_clients=2, round_sec=3.6

[Round 99] selected clients: [1, 0]
  client=1 loss=0.2111 samples=15326 payload=38557B verified=True
  client=0 loss=0.2222 samples=10421 payload=38557B verified=True
[Round 99] avg_client_loss=0.2167, proxy_fid=26.1458, total_samples=25747, aggregated_clients=2, round_sec=4.1

[Round 100] selected clients: [0, 2]
  client=0 loss=0.2201 samples=10421 payload=38557B verified=True
  client=2 loss=0.2137 samples=18193 payload=38557B verified=True
[Round 100] avg_client_loss=0.2169, proxy_fid=27.2684, total_samples=28614, aggregated_clients=2, round_sec=4.0

Done.
{
  "records": 200,
  "verified": 200,
  "failed": 0
}
Artifacts saved to: outputs\fashion_fed_stable_long100_portal_run
