================================================================================
Centralized diffusion baseline
{
  "config_path": "C:\\Users\\shenc\\Desktop\\feddiffsecure_minimal\\configs\\mnist_b40x5_decoder_x0_centralized_fulltrain150_v2.yaml",
  "started_at": "2026-04-15T10:47:34.554549+08:00",
  "training_mode": "centralized",
  "device": "cuda",
  "dataset": "mnist",
  "model_params_total": 22444929,
  "model_params_trainable": 22444929,
  "num_clients": 1,
  "rounds": 150,
  "clients_per_round": 1,
  "local_epochs": 1,
  "max_steps_per_epoch": 80,
  "dirichlet_alpha": 0.0,
  "lr": 0.0001,
  "batch_size": 128,
  "ema_decay": 0.999,
  "x0_loss_weight": 0.1,
  "semantic_eval_every": 5,
  "trainable_param_tensors": 342,
  "unfreeze_param_prefixes": [
    "*"
  ],
  "enabled_extra_params": 342,
  "train_examples": 60000
}
================================================================================
[Round 1] avg_loss=0.3498, proxy_fid=9.5180, total_samples=10240, round_sec=58.3
[Round 2] avg_loss=0.1342, proxy_fid=3.6626, total_samples=10240, round_sec=56.2
[Round 3] avg_loss=0.1069, proxy_fid=2.8430, total_samples=10240, round_sec=56.6
[Round 4] avg_loss=0.0925, proxy_fid=5.7640, total_samples=10240, round_sec=56.4
[Round 5] avg_loss=0.0838, proxy_fid=4.8486, total_samples=10240, round_sec=57.1, classifier_fid=670.81, conf=0.816
[Round 6] avg_loss=0.0783, proxy_fid=2.4639, total_samples=10240, round_sec=56.5
[Round 7] avg_loss=0.0742, proxy_fid=1.2152, total_samples=10240, round_sec=56.4
[Round 8] avg_loss=0.0716, proxy_fid=2.4413, total_samples=10240, round_sec=56.3
[Round 9] avg_loss=0.0672, proxy_fid=2.2056, total_samples=10240, round_sec=56.1
[Round 10] avg_loss=0.0654, proxy_fid=3.3884, total_samples=10240, round_sec=56.2, classifier_fid=402.45, conf=0.889
[Round 11] avg_loss=0.0641, proxy_fid=0.7628, total_samples=10240, round_sec=56.0
[Round 12] avg_loss=0.0624, proxy_fid=1.5920, total_samples=10240, round_sec=56.1
[Round 13] avg_loss=0.0608, proxy_fid=1.8271, total_samples=10240, round_sec=56.1
[Round 14] avg_loss=0.0619, proxy_fid=3.0565, total_samples=10240, round_sec=56.2
[Round 15] avg_loss=0.0598, proxy_fid=2.2512, total_samples=10240, round_sec=56.2, classifier_fid=214.82, conf=0.900
[Round 16] avg_loss=0.0584, proxy_fid=3.0422, total_samples=10240, round_sec=56.3
[Round 17] avg_loss=0.0577, proxy_fid=2.6079, total_samples=10240, round_sec=56.6
[Round 18] avg_loss=0.0565, proxy_fid=2.4425, total_samples=10240, round_sec=56.5
[Round 19] avg_loss=0.0559, proxy_fid=2.1858, total_samples=10240, round_sec=56.3
[Round 20] avg_loss=0.0562, proxy_fid=2.9860, total_samples=10240, round_sec=56.5, classifier_fid=352.93, conf=0.930
[Round 21] avg_loss=0.0552, proxy_fid=3.7760, total_samples=10240, round_sec=56.6
[Round 22] avg_loss=0.0555, proxy_fid=1.8442, total_samples=10240, round_sec=56.5
[Round 23] avg_loss=0.0533, proxy_fid=1.3631, total_samples=10240, round_sec=56.5
[Round 24] avg_loss=0.0531, proxy_fid=2.8647, total_samples=10240, round_sec=56.4
[Round 25] avg_loss=0.0530, proxy_fid=2.7317, total_samples=10240, round_sec=56.6, classifier_fid=338.94, conf=0.936
[Round 26] avg_loss=0.0535, proxy_fid=1.1870, total_samples=10240, round_sec=56.5
[Round 27] avg_loss=0.0529, proxy_fid=1.8005, total_samples=10240, round_sec=56.5
[Round 28] avg_loss=0.0523, proxy_fid=3.6078, total_samples=10240, round_sec=56.6
[Round 29] avg_loss=0.0521, proxy_fid=4.3055, total_samples=10240, round_sec=56.9
[Round 30] avg_loss=0.0514, proxy_fid=3.0133, total_samples=10240, round_sec=56.5, classifier_fid=331.36, conf=0.935
[Round 31] avg_loss=0.0520, proxy_fid=3.4136, total_samples=10240, round_sec=56.6
[Round 32] avg_loss=0.0515, proxy_fid=3.9852, total_samples=10240, round_sec=56.7
[Round 33] avg_loss=0.0516, proxy_fid=1.7822, total_samples=10240, round_sec=56.7
[Round 34] avg_loss=0.0517, proxy_fid=2.4179, total_samples=10240, round_sec=56.8
[Round 35] avg_loss=0.0511, proxy_fid=3.2231, total_samples=10240, round_sec=56.7, classifier_fid=296.15, conf=0.946
[Round 36] avg_loss=0.0508, proxy_fid=4.2932, total_samples=10240, round_sec=56.9
[Round 37] avg_loss=0.0502, proxy_fid=1.7360, total_samples=10240, round_sec=56.9
[Round 38] avg_loss=0.0500, proxy_fid=1.8703, total_samples=10240, round_sec=56.7
[Round 39] avg_loss=0.0504, proxy_fid=0.9990, total_samples=10240, round_sec=56.9
[Round 40] avg_loss=0.0494, proxy_fid=0.9193, total_samples=10240, round_sec=56.7, classifier_fid=187.47, conf=0.959
[Round 41] avg_loss=0.0499, proxy_fid=2.4730, total_samples=10240, round_sec=57.0
[Round 42] avg_loss=0.0496, proxy_fid=2.4300, total_samples=10240, round_sec=56.7
[Round 43] avg_loss=0.0489, proxy_fid=2.4358, total_samples=10240, round_sec=56.9
[Round 44] avg_loss=0.0488, proxy_fid=1.2644, total_samples=10240, round_sec=57.5
[Round 45] avg_loss=0.0493, proxy_fid=2.2805, total_samples=10240, round_sec=58.0, classifier_fid=299.77, conf=0.954
[Round 46] avg_loss=0.0490, proxy_fid=2.2624, total_samples=10240, round_sec=58.3
[Round 47] avg_loss=0.0491, proxy_fid=2.3608, total_samples=10240, round_sec=57.5
[Round 48] avg_loss=0.0490, proxy_fid=2.2872, total_samples=10240, round_sec=56.9
[Round 49] avg_loss=0.0493, proxy_fid=3.6769, total_samples=10240, round_sec=57.1
[Round 50] avg_loss=0.0482, proxy_fid=2.1981, total_samples=10240, round_sec=57.4, classifier_fid=261.90, conf=0.955
[Round 51] avg_loss=0.0487, proxy_fid=1.3904, total_samples=10240, round_sec=57.2
[Round 52] avg_loss=0.0491, proxy_fid=5.6415, total_samples=10240, round_sec=57.6
[Round 53] avg_loss=0.0482, proxy_fid=2.3612, total_samples=10240, round_sec=57.2
[Round 54] avg_loss=0.0491, proxy_fid=1.8401, total_samples=10240, round_sec=57.5
[Round 55] avg_loss=0.0481, proxy_fid=3.0355, total_samples=10240, round_sec=57.9, classifier_fid=351.85, conf=0.950
[Round 56] avg_loss=0.0483, proxy_fid=3.2209, total_samples=10240, round_sec=58.0
[Round 57] avg_loss=0.0486, proxy_fid=2.6210, total_samples=10240, round_sec=57.4
[Round 58] avg_loss=0.0478, proxy_fid=1.7464, total_samples=10240, round_sec=57.4
[Round 59] avg_loss=0.0477, proxy_fid=3.7022, total_samples=10240, round_sec=58.1
[Round 60] avg_loss=0.0473, proxy_fid=4.2603, total_samples=10240, round_sec=57.9, classifier_fid=368.70, conf=0.953
[Round 61] avg_loss=0.0476, proxy_fid=2.3752, total_samples=10240, round_sec=57.5
[Round 62] avg_loss=0.0474, proxy_fid=2.6903, total_samples=10240, round_sec=57.6
[Round 63] avg_loss=0.0469, proxy_fid=3.3395, total_samples=10240, round_sec=58.3
[Round 64] avg_loss=0.0475, proxy_fid=2.4501, total_samples=10240, round_sec=60.7
[Round 65] avg_loss=0.0473, proxy_fid=2.9099, total_samples=10240, round_sec=58.9, classifier_fid=249.34, conf=0.970
[Round 66] avg_loss=0.0475, proxy_fid=1.3488, total_samples=10240, round_sec=57.2
[Round 67] avg_loss=0.0471, proxy_fid=3.9853, total_samples=10240, round_sec=58.0
[Round 68] avg_loss=0.0472, proxy_fid=1.5217, total_samples=10240, round_sec=66.8
[Round 69] avg_loss=0.0467, proxy_fid=1.0223, total_samples=10240, round_sec=68.9
[Round 70] avg_loss=0.0464, proxy_fid=3.8587, total_samples=10240, round_sec=67.8, classifier_fid=233.45, conf=0.948
[Round 71] avg_loss=0.0466, proxy_fid=1.1195, total_samples=10240, round_sec=64.9
[Round 72] avg_loss=0.0466, proxy_fid=3.4664, total_samples=10240, round_sec=68.2
[Round 73] avg_loss=0.0469, proxy_fid=3.6127, total_samples=10240, round_sec=64.3
[Round 74] avg_loss=0.0466, proxy_fid=1.5400, total_samples=10240, round_sec=66.0
[Round 75] avg_loss=0.0463, proxy_fid=1.8484, total_samples=10240, round_sec=64.7, classifier_fid=289.50, conf=0.944
[Round 76] avg_loss=0.0469, proxy_fid=2.0414, total_samples=10240, round_sec=79.6
[Round 77] avg_loss=0.0472, proxy_fid=1.2405, total_samples=10240, round_sec=65.3
[Round 78] avg_loss=0.0464, proxy_fid=2.6394, total_samples=10240, round_sec=65.1
[Round 79] avg_loss=0.0474, proxy_fid=4.1319, total_samples=10240, round_sec=66.8
[Round 80] avg_loss=0.0458, proxy_fid=1.4636, total_samples=10240, round_sec=64.7, classifier_fid=321.69, conf=0.964
[Round 81] avg_loss=0.0459, proxy_fid=1.5274, total_samples=10240, round_sec=63.1
[Round 82] avg_loss=0.0462, proxy_fid=1.9531, total_samples=10240, round_sec=62.1
[Round 83] avg_loss=0.0466, proxy_fid=1.7217, total_samples=10240, round_sec=63.8
[Round 84] avg_loss=0.0468, proxy_fid=1.7723, total_samples=10240, round_sec=62.9
[Round 85] avg_loss=0.0453, proxy_fid=1.7439, total_samples=10240, round_sec=62.5, classifier_fid=268.07, conf=0.976
[Round 86] avg_loss=0.0459, proxy_fid=0.6504, total_samples=10240, round_sec=62.7
[Round 87] avg_loss=0.0461, proxy_fid=4.7433, total_samples=10240, round_sec=63.0
[Round 88] avg_loss=0.0460, proxy_fid=1.0975, total_samples=10240, round_sec=63.4
[Round 89] avg_loss=0.0458, proxy_fid=2.5882, total_samples=10240, round_sec=64.2
[Round 90] avg_loss=0.0459, proxy_fid=1.9213, total_samples=10240, round_sec=63.9, classifier_fid=287.65, conf=0.959
[Round 91] avg_loss=0.0460, proxy_fid=1.7569, total_samples=10240, round_sec=62.8
[Round 92] avg_loss=0.0464, proxy_fid=3.4605, total_samples=10240, round_sec=62.9
[Round 93] avg_loss=0.0460, proxy_fid=2.4394, total_samples=10240, round_sec=61.5
[Round 94] avg_loss=0.0460, proxy_fid=2.8346, total_samples=10240, round_sec=65.3
[Round 95] avg_loss=0.0457, proxy_fid=1.2610, total_samples=10240, round_sec=62.6, classifier_fid=266.18, conf=0.973
[Round 96] avg_loss=0.0457, proxy_fid=2.2213, total_samples=10240, round_sec=64.9
[Round 97] avg_loss=0.0458, proxy_fid=3.2780, total_samples=10240, round_sec=62.6
[Round 98] avg_loss=0.0457, proxy_fid=1.8177, total_samples=10240, round_sec=63.0
[Round 99] avg_loss=0.0454, proxy_fid=1.8508, total_samples=10240, round_sec=61.8
[Round 100] avg_loss=0.0456, proxy_fid=1.5136, total_samples=10240, round_sec=62.7, classifier_fid=398.45, conf=0.959
[Round 101] avg_loss=0.0462, proxy_fid=2.9583, total_samples=10240, round_sec=63.5
[Round 102] avg_loss=0.0460, proxy_fid=2.4525, total_samples=10240, round_sec=62.6
[Round 103] avg_loss=0.0457, proxy_fid=4.5525, total_samples=10240, round_sec=61.6
[Round 104] avg_loss=0.0454, proxy_fid=2.9340, total_samples=10240, round_sec=62.3
[Round 105] avg_loss=0.0453, proxy_fid=2.4162, total_samples=10240, round_sec=62.8, classifier_fid=292.16, conf=0.970
[Round 106] avg_loss=0.0452, proxy_fid=1.3944, total_samples=10240, round_sec=61.2
[Round 107] avg_loss=0.0447, proxy_fid=2.7067, total_samples=10240, round_sec=58.0
[Round 108] avg_loss=0.0449, proxy_fid=3.2523, total_samples=10240, round_sec=57.9
[Round 109] avg_loss=0.0458, proxy_fid=1.3577, total_samples=10240, round_sec=58.0
[Round 110] avg_loss=0.0451, proxy_fid=2.8856, total_samples=10240, round_sec=57.9, classifier_fid=303.54, conf=0.966
[Round 111] avg_loss=0.0454, proxy_fid=3.6789, total_samples=10240, round_sec=57.8
[Round 112] avg_loss=0.0452, proxy_fid=2.8850, total_samples=10240, round_sec=57.9
[Round 113] avg_loss=0.0450, proxy_fid=1.6804, total_samples=10240, round_sec=58.1
[Round 114] avg_loss=0.0445, proxy_fid=2.6902, total_samples=10240, round_sec=58.2
[Round 115] avg_loss=0.0452, proxy_fid=2.7143, total_samples=10240, round_sec=58.2, classifier_fid=236.68, conf=0.970
[Round 116] avg_loss=0.0447, proxy_fid=2.4571, total_samples=10240, round_sec=58.1
[Round 117] avg_loss=0.0452, proxy_fid=2.6712, total_samples=10240, round_sec=58.3
[Round 118] avg_loss=0.0450, proxy_fid=2.0543, total_samples=10240, round_sec=58.6
[Round 119] avg_loss=0.0452, proxy_fid=1.3716, total_samples=10240, round_sec=57.9
[Round 120] avg_loss=0.0453, proxy_fid=2.8778, total_samples=10240, round_sec=57.8, classifier_fid=268.84, conf=0.973
[Round 121] avg_loss=0.0449, proxy_fid=0.9004, total_samples=10240, round_sec=57.4
[Round 122] avg_loss=0.0448, proxy_fid=1.9865, total_samples=10240, round_sec=57.5
[Round 123] avg_loss=0.0453, proxy_fid=2.3808, total_samples=10240, round_sec=57.8
[Round 124] avg_loss=0.0445, proxy_fid=1.7219, total_samples=10240, round_sec=57.7
[Round 125] avg_loss=0.0453, proxy_fid=2.8663, total_samples=10240, round_sec=57.8, classifier_fid=372.25, conf=0.962
[Round 126] avg_loss=0.0452, proxy_fid=4.2817, total_samples=10240, round_sec=57.6
[Round 127] avg_loss=0.0448, proxy_fid=1.5783, total_samples=10240, round_sec=57.7
[Round 128] avg_loss=0.0450, proxy_fid=1.7594, total_samples=10240, round_sec=57.2
[Round 129] avg_loss=0.0444, proxy_fid=1.6959, total_samples=10240, round_sec=57.1
[Round 130] avg_loss=0.0448, proxy_fid=1.0363, total_samples=10240, round_sec=57.3, classifier_fid=199.88, conf=0.969
[Round 131] avg_loss=0.0447, proxy_fid=1.7637, total_samples=10240, round_sec=57.2
[Round 132] avg_loss=0.0449, proxy_fid=2.6449, total_samples=10240, round_sec=57.2
[Round 133] avg_loss=0.0444, proxy_fid=3.0151, total_samples=10240, round_sec=57.1
[Round 134] avg_loss=0.0443, proxy_fid=4.0751, total_samples=10240, round_sec=56.9
[Round 135] avg_loss=0.0444, proxy_fid=2.5682, total_samples=10240, round_sec=57.1, classifier_fid=206.48, conf=0.977
[Round 136] avg_loss=0.0443, proxy_fid=2.3614, total_samples=10240, round_sec=56.9
[Round 137] avg_loss=0.0442, proxy_fid=1.5427, total_samples=10240, round_sec=57.0
[Round 138] avg_loss=0.0441, proxy_fid=1.9237, total_samples=10240, round_sec=56.9
[Round 139] avg_loss=0.0446, proxy_fid=2.3701, total_samples=10240, round_sec=57.5
[Round 140] avg_loss=0.0442, proxy_fid=2.3379, total_samples=10240, round_sec=57.1, classifier_fid=340.09, conf=0.960
[Round 141] avg_loss=0.0443, proxy_fid=2.0253, total_samples=10240, round_sec=57.1
[Round 142] avg_loss=0.0444, proxy_fid=2.3713, total_samples=10240, round_sec=57.1
[Round 143] avg_loss=0.0448, proxy_fid=3.9812, total_samples=10240, round_sec=57.0
[Round 144] avg_loss=0.0444, proxy_fid=4.1336, total_samples=10240, round_sec=57.1
[Round 145] avg_loss=0.0445, proxy_fid=1.2549, total_samples=10240, round_sec=57.1, classifier_fid=233.25, conf=0.967
[Round 146] avg_loss=0.0446, proxy_fid=2.3512, total_samples=10240, round_sec=57.1
[Round 147] avg_loss=0.0440, proxy_fid=2.3545, total_samples=10240, round_sec=57.0
[Round 148] avg_loss=0.0447, proxy_fid=1.6682, total_samples=10240, round_sec=57.3
[Round 149] avg_loss=0.0441, proxy_fid=2.4094, total_samples=10240, round_sec=57.1
[Round 150] avg_loss=0.0448, proxy_fid=2.4386, total_samples=10240, round_sec=57.2, classifier_fid=242.84, conf=0.970

Done.
{
  "last_round": {
    "round": 150,
    "avg_client_loss": 0.044841,
    "proxy_fid": 2.438605,
    "total_samples": 10240,
    "aggregated_clients": 1,
    "round_duration_sec": 57.222,
    "classifier_fid": 242.84085083007812,
    "top1_confidence_mean": 0.9698281288146973,
    "top1_confident_ratio": 0.9114583134651184,
    "predicted_class_entropy": 2.2070114612579346,
    "predicted_unique_classes": 10,
    "evaluator_test_accuracy": 0.9904
  },
  "best_proxy_fid_round": {
    "round": 86,
    "avg_client_loss": 0.045884,
    "proxy_fid": 0.650412,
    "total_samples": 10240,
    "aggregated_clients": 1,
    "round_duration_sec": 62.695
  },
  "best_checkpoint_metric": "classifier_fid",
  "best_checkpoint_path": "C:\\Users\\shenc\\Desktop\\feddiffsecure_minimal\\outputs\\mnist_b40x5_decoder_x0_centralized_fulltrain150_v2_run\\global_model_best.pt",
  "best_proxy_checkpoint_path": "C:\\Users\\shenc\\Desktop\\feddiffsecure_minimal\\outputs\\mnist_b40x5_decoder_x0_centralized_fulltrain150_v2_run\\global_model_best_proxy.pt",
  "wall_clock_seconds": 8868.758,
  "avg_round_seconds": 59.059,
  "max_round_seconds": 79.592,
  "best_classifier_fid_round": {
    "round": 40,
    "avg_client_loss": 0.049447,
    "proxy_fid": 0.919327,
    "total_samples": 10240,
    "aggregated_clients": 1,
    "round_duration_sec": 56.733,
    "classifier_fid": 187.46527099609375,
    "top1_confidence_mean": 0.9590504765510559,
    "top1_confident_ratio": 0.8828125,
    "predicted_class_entropy": 2.1982741355895996,
    "predicted_unique_classes": 10,
    "evaluator_test_accuracy": 0.9904
  },
  "best_semantic_checkpoint_path": "C:\\Users\\shenc\\Desktop\\feddiffsecure_minimal\\outputs\\mnist_b40x5_decoder_x0_centralized_fulltrain150_v2_run\\global_model_best_semantic.pt",
  "ema_checkpoint_path": "C:\\Users\\shenc\\Desktop\\feddiffsecure_minimal\\outputs\\mnist_b40x5_decoder_x0_centralized_fulltrain150_v2_run\\global_model_ema.pt"
}
Artifacts saved to: outputs\mnist_b40x5_decoder_x0_centralized_fulltrain150_v2_run
