Traceback (most recent call last):
  File "C:\Users\shenc\Desktop\feddiffsecure_minimal\run_centralized.py", line 407, in <module>
    main()
  File "C:\Users\shenc\Desktop\feddiffsecure_minimal\run_centralized.py", line 270, in main
    semantic_metrics = compute_semantic_metrics(
  File "C:\Users\shenc\Desktop\feddiffsecure_minimal\feddiffsecure\semantic_metrics.py", line 281, in compute_semantic_metrics
    classifier_fid = frechet_distance(real_features, fake_features)
  File "C:\Users\shenc\Desktop\feddiffsecure_minimal\feddiffsecure\metrics.py", line 76, in frechet_distance
    middle_sqrt = _matrix_sqrt_psd(middle)
  File "C:\Users\shenc\Desktop\feddiffsecure_minimal\feddiffsecure\metrics.py", line 58, in _matrix_sqrt_psd
    eigvals, eigvecs = torch.linalg.eigh(sym)
torch._C._LinAlgError: linalg.eigh: The algorithm failed to converge because the input matrix is ill-conditioned or has too many repeated eigenvalues (error code: 12250).
Traceback (most recent call last):
  File "C:\Users\shenc\Desktop\feddiffsecure_minimal\run_centralized.py", line 407, in <module>
    main()
  File "C:\Users\shenc\Desktop\feddiffsecure_minimal\run_centralized.py", line 257, in main
    _update_ema_state(ema_state, model, decay=ema_decay)
  File "C:\Users\shenc\Desktop\feddiffsecure_minimal\run_centralized.py", line 69, in _update_ema_state
    ema_state[name].mul_(decay).add_(current, alpha=1.0 - decay)
RuntimeError: Expected all tensors to be on the same device, but found at least two devices, cuda:0 and cpu!
Traceback (most recent call last):
  File "C:\Users\shenc\Desktop\feddiffsecure_minimal\run_centralized.py", line 407, in <module>
    main()
  File "C:\Users\shenc\Desktop\feddiffsecure_minimal\run_centralized.py", line 257, in main
    _update_ema_state(ema_state, model, decay=ema_decay)
  File "C:\Users\shenc\Desktop\feddiffsecure_minimal\run_centralized.py", line 69, in _update_ema_state
    ema_state[name].mul_(decay).add_(current, alpha=1.0 - decay)
RuntimeError: Expected all tensors to be on the same device, but found at least two devices, cuda:0 and cpu!
Traceback (most recent call last):
  File "C:\Users\shenc\Desktop\feddiffsecure_minimal\run_centralized.py", line 407, in <module>
    main()
  File "C:\Users\shenc\Desktop\feddiffsecure_minimal\run_centralized.py", line 257, in main
    _update_ema_state(ema_state, model, decay=ema_decay)
  File "C:\Users\shenc\Desktop\feddiffsecure_minimal\run_centralized.py", line 69, in _update_ema_state
    ema_state[name].mul_(decay).add_(current, alpha=1.0 - decay)
RuntimeError: Expected all tensors to be on the same device, but found at least two devices, cuda:0 and cpu!
Traceback (most recent call last):
  File "C:\Users\shenc\Desktop\feddiffsecure_minimal\run_centralized.py", line 407, in <module>
    main()
  File "C:\Users\shenc\Desktop\feddiffsecure_minimal\run_centralized.py", line 257, in main
    _update_ema_state(ema_state, model, decay=ema_decay)
  File "C:\Users\shenc\Desktop\feddiffsecure_minimal\run_centralized.py", line 69, in _update_ema_state
    ema_state[name].mul_(decay).add_(current, alpha=1.0 - decay)
RuntimeError: Expected all tensors to be on the same device, but found at least two devices, cuda:0 and cpu!
Traceback (most recent call last):
  File "C:\Users\shenc\Desktop\feddiffsecure_minimal\run_centralized.py", line 407, in <module>
    main()
  File "C:\Users\shenc\Desktop\feddiffsecure_minimal\run_centralized.py", line 257, in main
    _update_ema_state(ema_state, model, decay=ema_decay)
  File "C:\Users\shenc\Desktop\feddiffsecure_minimal\run_centralized.py", line 69, in _update_ema_state
    ema_state[name].mul_(decay).add_(current, alpha=1.0 - decay)
RuntimeError: Expected all tensors to be on the same device, but found at least two devices, cuda:0 and cpu!
Traceback (most recent call last):
  File "C:\Users\shenc\Desktop\feddiffsecure_minimal\run_centralized.py", line 407, in <module>
    main()
  File "C:\Users\shenc\Desktop\feddiffsecure_minimal\run_centralized.py", line 257, in main
    _update_ema_state(ema_state, model, decay=ema_decay)
  File "C:\Users\shenc\Desktop\feddiffsecure_minimal\run_centralized.py", line 69, in _update_ema_state
    ema_state[name].mul_(decay).add_(current, alpha=1.0 - decay)
RuntimeError: Expected all tensors to be on the same device, but found at least two devices, cuda:0 and cpu!
Traceback (most recent call last):
  File "C:\Users\shenc\Desktop\feddiffsecure_minimal\run_centralized.py", line 407, in <module>
    main()
  File "C:\Users\shenc\Desktop\feddiffsecure_minimal\run_centralized.py", line 257, in main
    _update_ema_state(ema_state, model, decay=ema_decay)
  File "C:\Users\shenc\Desktop\feddiffsecure_minimal\run_centralized.py", line 69, in _update_ema_state
    ema_state[name].mul_(decay).add_(current, alpha=1.0 - decay)
RuntimeError: Expected all tensors to be on the same device, but found at least two devices, cuda:0 and cpu!
Traceback (most recent call last):
  File "C:\Users\shenc\Desktop\feddiffsecure_minimal\run_centralized.py", line 407, in <module>
    main()
  File "C:\Users\shenc\Desktop\feddiffsecure_minimal\run_centralized.py", line 257, in main
    _update_ema_state(ema_state, model, decay=ema_decay)
  File "C:\Users\shenc\Desktop\feddiffsecure_minimal\run_centralized.py", line 69, in _update_ema_state
    ema_state[name].mul_(decay).add_(current, alpha=1.0 - decay)
RuntimeError: Expected all tensors to be on the same device, but found at least two devices, cuda:0 and cpu!
Traceback (most recent call last):
  File "C:\Users\shenc\Desktop\feddiffsecure_minimal\run_centralized.py", line 407, in <module>
    main()
  File "C:\Users\shenc\Desktop\feddiffsecure_minimal\run_centralized.py", line 257, in main
    _update_ema_state(ema_state, model, decay=ema_decay)
  File "C:\Users\shenc\Desktop\feddiffsecure_minimal\run_centralized.py", line 69, in _update_ema_state
    ema_state[name].mul_(decay).add_(current, alpha=1.0 - decay)
RuntimeError: Expected all tensors to be on the same device, but found at least two devices, cuda:0 and cpu!
Traceback (most recent call last):
  File "C:\Users\shenc\Desktop\feddiffsecure_minimal\run_centralized.py", line 407, in <module>
    main()
  File "C:\Users\shenc\Desktop\feddiffsecure_minimal\run_centralized.py", line 257, in main
    _update_ema_state(ema_state, model, decay=ema_decay)
  File "C:\Users\shenc\Desktop\feddiffsecure_minimal\run_centralized.py", line 69, in _update_ema_state
    ema_state[name].mul_(decay).add_(current, alpha=1.0 - decay)
RuntimeError: Expected all tensors to be on the same device, but found at least two devices, cuda:0 and cpu!
Traceback (most recent call last):
  File "C:\Users\shenc\Desktop\feddiffsecure_minimal\run_centralized.py", line 407, in <module>
    main()
  File "C:\Users\shenc\Desktop\feddiffsecure_minimal\run_centralized.py", line 257, in main
    _update_ema_state(ema_state, model, decay=ema_decay)
  File "C:\Users\shenc\Desktop\feddiffsecure_minimal\run_centralized.py", line 69, in _update_ema_state
    ema_state[name].mul_(decay).add_(current, alpha=1.0 - decay)
RuntimeError: Expected all tensors to be on the same device, but found at least two devices, cuda:0 and cpu!
Traceback (most recent call last):
  File "C:\Users\shenc\Desktop\feddiffsecure_minimal\run_centralized.py", line 407, in <module>
    main()
  File "C:\Users\shenc\Desktop\feddiffsecure_minimal\run_centralized.py", line 257, in main
    _update_ema_state(ema_state, model, decay=ema_decay)
  File "C:\Users\shenc\Desktop\feddiffsecure_minimal\run_centralized.py", line 69, in _update_ema_state
    ema_state[name].mul_(decay).add_(current, alpha=1.0 - decay)
RuntimeError: Expected all tensors to be on the same device, but found at least two devices, cuda:0 and cpu!
Traceback (most recent call last):
  File "C:\Users\shenc\Desktop\feddiffsecure_minimal\run_centralized.py", line 407, in <module>
    main()
  File "C:\Users\shenc\Desktop\feddiffsecure_minimal\run_centralized.py", line 257, in main
    _update_ema_state(ema_state, model, decay=ema_decay)
  File "C:\Users\shenc\Desktop\feddiffsecure_minimal\run_centralized.py", line 69, in _update_ema_state
    ema_state[name].mul_(decay).add_(current, alpha=1.0 - decay)
RuntimeError: Expected all tensors to be on the same device, but found at least two devices, cuda:0 and cpu!
Traceback (most recent call last):
  File "C:\Users\shenc\Desktop\feddiffsecure_minimal\run_centralized.py", line 407, in <module>
    main()
  File "C:\Users\shenc\Desktop\feddiffsecure_minimal\run_centralized.py", line 257, in main
    _update_ema_state(ema_state, model, decay=ema_decay)
  File "C:\Users\shenc\Desktop\feddiffsecure_minimal\run_centralized.py", line 69, in _update_ema_state
    ema_state[name].mul_(decay).add_(current, alpha=1.0 - decay)
RuntimeError: Expected all tensors to be on the same device, but found at least two devices, cuda:0 and cpu!
Traceback (most recent call last):
  File "C:\Users\shenc\Desktop\feddiffsecure_minimal\run_centralized.py", line 407, in <module>
    main()
  File "C:\Users\shenc\Desktop\feddiffsecure_minimal\run_centralized.py", line 257, in main
    _update_ema_state(ema_state, model, decay=ema_decay)
  File "C:\Users\shenc\Desktop\feddiffsecure_minimal\run_centralized.py", line 69, in _update_ema_state
    ema_state[name].mul_(decay).add_(current, alpha=1.0 - decay)
RuntimeError: Expected all tensors to be on the same device, but found at least two devices, cuda:0 and cpu!
Traceback (most recent call last):
  File "C:\Users\shenc\Desktop\feddiffsecure_minimal\run_centralized.py", line 407, in <module>
    main()
  File "C:\Users\shenc\Desktop\feddiffsecure_minimal\run_centralized.py", line 257, in main
    _update_ema_state(ema_state, model, decay=ema_decay)
  File "C:\Users\shenc\Desktop\feddiffsecure_minimal\run_centralized.py", line 69, in _update_ema_state
    ema_state[name].mul_(decay).add_(current, alpha=1.0 - decay)
RuntimeError: Expected all tensors to be on the same device, but found at least two devices, cuda:0 and cpu!
Traceback (most recent call last):
  File "C:\Users\shenc\Desktop\feddiffsecure_minimal\run_centralized.py", line 407, in <module>
    main()
  File "C:\Users\shenc\Desktop\feddiffsecure_minimal\run_centralized.py", line 257, in main
    _update_ema_state(ema_state, model, decay=ema_decay)
  File "C:\Users\shenc\Desktop\feddiffsecure_minimal\run_centralized.py", line 69, in _update_ema_state
    ema_state[name].mul_(decay).add_(current, alpha=1.0 - decay)
RuntimeError: Expected all tensors to be on the same device, but found at least two devices, cuda:0 and cpu!
Traceback (most recent call last):
  File "C:\Users\shenc\Desktop\feddiffsecure_minimal\run_centralized.py", line 407, in <module>
    main()
  File "C:\Users\shenc\Desktop\feddiffsecure_minimal\run_centralized.py", line 257, in main
    _update_ema_state(ema_state, model, decay=ema_decay)
  File "C:\Users\shenc\Desktop\feddiffsecure_minimal\run_centralized.py", line 69, in _update_ema_state
    ema_state[name].mul_(decay).add_(current, alpha=1.0 - decay)
RuntimeError: Expected all tensors to be on the same device, but found at least two devices, cuda:0 and cpu!
Traceback (most recent call last):
  File "C:\Users\shenc\Desktop\feddiffsecure_minimal\run_centralized.py", line 407, in <module>
    main()
  File "C:\Users\shenc\Desktop\feddiffsecure_minimal\run_centralized.py", line 257, in main
    _update_ema_state(ema_state, model, decay=ema_decay)
  File "C:\Users\shenc\Desktop\feddiffsecure_minimal\run_centralized.py", line 69, in _update_ema_state
    ema_state[name].mul_(decay).add_(current, alpha=1.0 - decay)
RuntimeError: Expected all tensors to be on the same device, but found at least two devices, cuda:0 and cpu!
Traceback (most recent call last):
  File "C:\Users\shenc\Desktop\feddiffsecure_minimal\run_centralized.py", line 407, in <module>
    main()
  File "C:\Users\shenc\Desktop\feddiffsecure_minimal\run_centralized.py", line 257, in main
    _update_ema_state(ema_state, model, decay=ema_decay)
  File "C:\Users\shenc\Desktop\feddiffsecure_minimal\run_centralized.py", line 69, in _update_ema_state
    ema_state[name].mul_(decay).add_(current, alpha=1.0 - decay)
RuntimeError: Expected all tensors to be on the same device, but found at least two devices, cuda:0 and cpu!
Traceback (most recent call last):
  File "C:\Users\shenc\Desktop\feddiffsecure_minimal\run_centralized.py", line 407, in <module>
    main()
  File "C:\Users\shenc\Desktop\feddiffsecure_minimal\run_centralized.py", line 257, in main
    _update_ema_state(ema_state, model, decay=ema_decay)
  File "C:\Users\shenc\Desktop\feddiffsecure_minimal\run_centralized.py", line 69, in _update_ema_state
    ema_state[name].mul_(decay).add_(current, alpha=1.0 - decay)
RuntimeError: Expected all tensors to be on the same device, but found at least two devices, cuda:0 and cpu!
Traceback (most recent call last):
  File "C:\Users\shenc\Desktop\feddiffsecure_minimal\run_centralized.py", line 407, in <module>
    main()
  File "C:\Users\shenc\Desktop\feddiffsecure_minimal\run_centralized.py", line 257, in main
    _update_ema_state(ema_state, model, decay=ema_decay)
  File "C:\Users\shenc\Desktop\feddiffsecure_minimal\run_centralized.py", line 69, in _update_ema_state
    ema_state[name].mul_(decay).add_(current, alpha=1.0 - decay)
RuntimeError: Expected all tensors to be on the same device, but found at least two devices, cuda:0 and cpu!
Traceback (most recent call last):
  File "C:\Users\shenc\Desktop\feddiffsecure_minimal\run_centralized.py", line 407, in <module>
    main()
  File "C:\Users\shenc\Desktop\feddiffsecure_minimal\run_centralized.py", line 257, in main
    _update_ema_state(ema_state, model, decay=ema_decay)
  File "C:\Users\shenc\Desktop\feddiffsecure_minimal\run_centralized.py", line 69, in _update_ema_state
    ema_state[name].mul_(decay).add_(current, alpha=1.0 - decay)
RuntimeError: Expected all tensors to be on the same device, but found at least two devices, cuda:0 and cpu!
Traceback (most recent call last):
  File "C:\Users\shenc\Desktop\feddiffsecure_minimal\run_centralized.py", line 407, in <module>
    main()
  File "C:\Users\shenc\Desktop\feddiffsecure_minimal\run_centralized.py", line 257, in main
    _update_ema_state(ema_state, model, decay=ema_decay)
  File "C:\Users\shenc\Desktop\feddiffsecure_minimal\run_centralized.py", line 69, in _update_ema_state
    ema_state[name].mul_(decay).add_(current, alpha=1.0 - decay)
RuntimeError: Expected all tensors to be on the same device, but found at least two devices, cuda:0 and cpu!
Traceback (most recent call last):
  File "C:\Users\shenc\Desktop\feddiffsecure_minimal\run_centralized.py", line 407, in <module>
    main()
  File "C:\Users\shenc\Desktop\feddiffsecure_minimal\run_centralized.py", line 257, in main
    _update_ema_state(ema_state, model, decay=ema_decay)
  File "C:\Users\shenc\Desktop\feddiffsecure_minimal\run_centralized.py", line 69, in _update_ema_state
    ema_state[name].mul_(decay).add_(current, alpha=1.0 - decay)
RuntimeError: Expected all tensors to be on the same device, but found at least two devices, cuda:0 and cpu!
Traceback (most recent call last):
  File "C:\Users\shenc\Desktop\feddiffsecure_minimal\run_centralized.py", line 407, in <module>
    main()
  File "C:\Users\shenc\Desktop\feddiffsecure_minimal\run_centralized.py", line 257, in main
    _update_ema_state(ema_state, model, decay=ema_decay)
  File "C:\Users\shenc\Desktop\feddiffsecure_minimal\run_centralized.py", line 69, in _update_ema_state
    ema_state[name].mul_(decay).add_(current, alpha=1.0 - decay)
RuntimeError: Expected all tensors to be on the same device, but found at least two devices, cuda:0 and cpu!
Traceback (most recent call last):
  File "C:\Users\shenc\Desktop\feddiffsecure_minimal\run_centralized.py", line 407, in <module>
    main()
  File "C:\Users\shenc\Desktop\feddiffsecure_minimal\run_centralized.py", line 257, in main
    _update_ema_state(ema_state, model, decay=ema_decay)
  File "C:\Users\shenc\Desktop\feddiffsecure_minimal\run_centralized.py", line 69, in _update_ema_state
    ema_state[name].mul_(decay).add_(current, alpha=1.0 - decay)
RuntimeError: Expected all tensors to be on the same device, but found at least two devices, cuda:0 and cpu!
Traceback (most recent call last):
  File "C:\Users\shenc\Desktop\feddiffsecure_minimal\run_centralized.py", line 407, in <module>
    main()
  File "C:\Users\shenc\Desktop\feddiffsecure_minimal\run_centralized.py", line 257, in main
    _update_ema_state(ema_state, model, decay=ema_decay)
  File "C:\Users\shenc\Desktop\feddiffsecure_minimal\run_centralized.py", line 69, in _update_ema_state
    ema_state[name].mul_(decay).add_(current, alpha=1.0 - decay)
RuntimeError: Expected all tensors to be on the same device, but found at least two devices, cuda:0 and cpu!
Traceback (most recent call last):
  File "C:\Users\shenc\Desktop\feddiffsecure_minimal\run_centralized.py", line 407, in <module>
    main()
  File "C:\Users\shenc\Desktop\feddiffsecure_minimal\run_centralized.py", line 257, in main
    _update_ema_state(ema_state, model, decay=ema_decay)
  File "C:\Users\shenc\Desktop\feddiffsecure_minimal\run_centralized.py", line 69, in _update_ema_state
    ema_state[name].mul_(decay).add_(current, alpha=1.0 - decay)
RuntimeError: Expected all tensors to be on the same device, but found at least two devices, cuda:0 and cpu!
Traceback (most recent call last):
  File "C:\Users\shenc\Desktop\feddiffsecure_minimal\run_centralized.py", line 407, in <module>
    main()
  File "C:\Users\shenc\Desktop\feddiffsecure_minimal\run_centralized.py", line 257, in main
    _update_ema_state(ema_state, model, decay=ema_decay)
  File "C:\Users\shenc\Desktop\feddiffsecure_minimal\run_centralized.py", line 69, in _update_ema_state
    ema_state[name].mul_(decay).add_(current, alpha=1.0 - decay)
RuntimeError: Expected all tensors to be on the same device, but found at least two devices, cuda:0 and cpu!
Traceback (most recent call last):
  File "C:\Users\shenc\Desktop\feddiffsecure_minimal\run_centralized.py", line 407, in <module>
    main()
  File "C:\Users\shenc\Desktop\feddiffsecure_minimal\run_centralized.py", line 257, in main
    _update_ema_state(ema_state, model, decay=ema_decay)
  File "C:\Users\shenc\Desktop\feddiffsecure_minimal\run_centralized.py", line 69, in _update_ema_state
    ema_state[name].mul_(decay).add_(current, alpha=1.0 - decay)
RuntimeError: Expected all tensors to be on the same device, but found at least two devices, cuda:0 and cpu!
Traceback (most recent call last):
  File "C:\Users\shenc\Desktop\feddiffsecure_minimal\run_centralized.py", line 407, in <module>
    main()
  File "C:\Users\shenc\Desktop\feddiffsecure_minimal\run_centralized.py", line 257, in main
    _update_ema_state(ema_state, model, decay=ema_decay)
  File "C:\Users\shenc\Desktop\feddiffsecure_minimal\run_centralized.py", line 69, in _update_ema_state
    ema_state[name].mul_(decay).add_(current, alpha=1.0 - decay)
RuntimeError: Expected all tensors to be on the same device, but found at least two devices, cuda:0 and cpu!
Traceback (most recent call last):
  File "C:\Users\shenc\Desktop\feddiffsecure_minimal\run_centralized.py", line 407, in <module>
    main()
  File "C:\Users\shenc\Desktop\feddiffsecure_minimal\run_centralized.py", line 257, in main
    _update_ema_state(ema_state, model, decay=ema_decay)
  File "C:\Users\shenc\Desktop\feddiffsecure_minimal\run_centralized.py", line 69, in _update_ema_state
    ema_state[name].mul_(decay).add_(current, alpha=1.0 - decay)
RuntimeError: Expected all tensors to be on the same device, but found at least two devices, cuda:0 and cpu!
Traceback (most recent call last):
  File "C:\Users\shenc\Desktop\feddiffsecure_minimal\run_centralized.py", line 407, in <module>
    main()
  File "C:\Users\shenc\Desktop\feddiffsecure_minimal\run_centralized.py", line 257, in main
    _update_ema_state(ema_state, model, decay=ema_decay)
  File "C:\Users\shenc\Desktop\feddiffsecure_minimal\run_centralized.py", line 69, in _update_ema_state
    ema_state[name].mul_(decay).add_(current, alpha=1.0 - decay)
RuntimeError: Expected all tensors to be on the same device, but found at least two devices, cuda:0 and cpu!
Traceback (most recent call last):
  File "C:\Users\shenc\Desktop\feddiffsecure_minimal\run_centralized.py", line 407, in <module>
    main()
  File "C:\Users\shenc\Desktop\feddiffsecure_minimal\run_centralized.py", line 257, in main
    _update_ema_state(ema_state, model, decay=ema_decay)
  File "C:\Users\shenc\Desktop\feddiffsecure_minimal\run_centralized.py", line 69, in _update_ema_state
    ema_state[name].mul_(decay).add_(current, alpha=1.0 - decay)
RuntimeError: Expected all tensors to be on the same device, but found at least two devices, cuda:0 and cpu!
Traceback (most recent call last):
  File "C:\Users\shenc\Desktop\feddiffsecure_minimal\run_centralized.py", line 407, in <module>
    main()
  File "C:\Users\shenc\Desktop\feddiffsecure_minimal\run_centralized.py", line 257, in main
    _update_ema_state(ema_state, model, decay=ema_decay)
  File "C:\Users\shenc\Desktop\feddiffsecure_minimal\run_centralized.py", line 69, in _update_ema_state
    ema_state[name].mul_(decay).add_(current, alpha=1.0 - decay)
RuntimeError: Expected all tensors to be on the same device, but found at least two devices, cuda:0 and cpu!
Traceback (most recent call last):
  File "C:\Users\shenc\Desktop\feddiffsecure_minimal\run_centralized.py", line 407, in <module>
    main()
  File "C:\Users\shenc\Desktop\feddiffsecure_minimal\run_centralized.py", line 257, in main
    _update_ema_state(ema_state, model, decay=ema_decay)
  File "C:\Users\shenc\Desktop\feddiffsecure_minimal\run_centralized.py", line 69, in _update_ema_state
    ema_state[name].mul_(decay).add_(current, alpha=1.0 - decay)
RuntimeError: Expected all tensors to be on the same device, but found at least two devices, cuda:0 and cpu!
Traceback (most recent call last):
  File "C:\Users\shenc\Desktop\feddiffsecure_minimal\run_centralized.py", line 407, in <module>
    main()
  File "C:\Users\shenc\Desktop\feddiffsecure_minimal\run_centralized.py", line 257, in main
    _update_ema_state(ema_state, model, decay=ema_decay)
  File "C:\Users\shenc\Desktop\feddiffsecure_minimal\run_centralized.py", line 69, in _update_ema_state
    ema_state[name].mul_(decay).add_(current, alpha=1.0 - decay)
RuntimeError: Expected all tensors to be on the same device, but found at least two devices, cuda:0 and cpu!
Traceback (most recent call last):
  File "C:\Users\shenc\Desktop\feddiffsecure_minimal\run_centralized.py", line 407, in <module>
    main()
  File "C:\Users\shenc\Desktop\feddiffsecure_minimal\run_centralized.py", line 257, in main
    _update_ema_state(ema_state, model, decay=ema_decay)
  File "C:\Users\shenc\Desktop\feddiffsecure_minimal\run_centralized.py", line 69, in _update_ema_state
    ema_state[name].mul_(decay).add_(current, alpha=1.0 - decay)
RuntimeError: Expected all tensors to be on the same device, but found at least two devices, cuda:0 and cpu!
Traceback (most recent call last):
  File "C:\Users\shenc\Desktop\feddiffsecure_minimal\run_centralized.py", line 407, in <module>
    main()
  File "C:\Users\shenc\Desktop\feddiffsecure_minimal\run_centralized.py", line 257, in main
    _update_ema_state(ema_state, model, decay=ema_decay)
  File "C:\Users\shenc\Desktop\feddiffsecure_minimal\run_centralized.py", line 69, in _update_ema_state
    ema_state[name].mul_(decay).add_(current, alpha=1.0 - decay)
RuntimeError: Expected all tensors to be on the same device, but found at least two devices, cuda:0 and cpu!
Traceback (most recent call last):
  File "C:\Users\shenc\Desktop\feddiffsecure_minimal\run_centralized.py", line 407, in <module>
    main()
  File "C:\Users\shenc\Desktop\feddiffsecure_minimal\run_centralized.py", line 257, in main
    _update_ema_state(ema_state, model, decay=ema_decay)
  File "C:\Users\shenc\Desktop\feddiffsecure_minimal\run_centralized.py", line 69, in _update_ema_state
    ema_state[name].mul_(decay).add_(current, alpha=1.0 - decay)
RuntimeError: Expected all tensors to be on the same device, but found at least two devices, cuda:0 and cpu!
Traceback (most recent call last):
  File "C:\Users\shenc\Desktop\feddiffsecure_minimal\run_centralized.py", line 407, in <module>
    main()
  File "C:\Users\shenc\Desktop\feddiffsecure_minimal\run_centralized.py", line 257, in main
    _update_ema_state(ema_state, model, decay=ema_decay)
  File "C:\Users\shenc\Desktop\feddiffsecure_minimal\run_centralized.py", line 69, in _update_ema_state
    ema_state[name].mul_(decay).add_(current, alpha=1.0 - decay)
RuntimeError: Expected all tensors to be on the same device, but found at least two devices, cuda:0 and cpu!
Traceback (most recent call last):
  File "C:\Users\shenc\Desktop\feddiffsecure_minimal\run_centralized.py", line 407, in <module>
    main()
  File "C:\Users\shenc\Desktop\feddiffsecure_minimal\run_centralized.py", line 257, in main
    _update_ema_state(ema_state, model, decay=ema_decay)
  File "C:\Users\shenc\Desktop\feddiffsecure_minimal\run_centralized.py", line 69, in _update_ema_state
    ema_state[name].mul_(decay).add_(current, alpha=1.0 - decay)
RuntimeError: Expected all tensors to be on the same device, but found at least two devices, cuda:0 and cpu!
Traceback (most recent call last):
  File "C:\Users\shenc\Desktop\feddiffsecure_minimal\run_centralized.py", line 407, in <module>
    main()
  File "C:\Users\shenc\Desktop\feddiffsecure_minimal\run_centralized.py", line 257, in main
    _update_ema_state(ema_state, model, decay=ema_decay)
  File "C:\Users\shenc\Desktop\feddiffsecure_minimal\run_centralized.py", line 69, in _update_ema_state
    ema_state[name].mul_(decay).add_(current, alpha=1.0 - decay)
RuntimeError: Expected all tensors to be on the same device, but found at least two devices, cuda:0 and cpu!
Traceback (most recent call last):
  File "C:\Users\shenc\Desktop\feddiffsecure_minimal\run_centralized.py", line 407, in <module>
    main()
  File "C:\Users\shenc\Desktop\feddiffsecure_minimal\run_centralized.py", line 257, in main
    _update_ema_state(ema_state, model, decay=ema_decay)
  File "C:\Users\shenc\Desktop\feddiffsecure_minimal\run_centralized.py", line 69, in _update_ema_state
    ema_state[name].mul_(decay).add_(current, alpha=1.0 - decay)
RuntimeError: Expected all tensors to be on the same device, but found at least two devices, cuda:0 and cpu!
Traceback (most recent call last):
  File "C:\Users\shenc\Desktop\feddiffsecure_minimal\run_centralized.py", line 407, in <module>
    print("\nDone.")
  File "C:\Users\shenc\Desktop\feddiffsecure_minimal\run_centralized.py", line 257, in main
    raise RuntimeError("No training steps were executed. Check max_steps_per_round and DataLoader settings.")
  File "C:\Users\shenc\Desktop\feddiffsecure_minimal\run_centralized.py", line 69, in _update_ema_state
    ema_state[name].mul_(decay).add_(current, alpha=1.0 - decay)
RuntimeError: Expected all tensors to be on the same device, but found at least two devices, cuda:0 and cpu!
