[Round 1] avg_loss=0.2216, selected_clients=[0, 3], total_samples=1937, skipped_steps=0, audit=2/2
[Round 2] avg_loss=0.2142, selected_clients=[2, 0], total_samples=3270, skipped_steps=0, audit=2/2
[Round 3] avg_loss=0.2669, selected_clients=[1, 0], total_samples=2379, skipped_steps=0, audit=2/2
[Round 4] avg_loss=0.2236, selected_clients=[0, 2], total_samples=3270, skipped_steps=0, audit=2/2
[Round 5] avg_loss=0.2013, selected_clients=[0, 2], total_samples=3270, skipped_steps=0, audit=2/2
[Round 6] avg_loss=0.2028, selected_clients=[3, 0], total_samples=1937, skipped_steps=0, audit=2/2
[Round 7] avg_loss=0.2018, selected_clients=[0, 3], total_samples=1937, skipped_steps=0, audit=2/2
[Round 8] avg_loss=0.1727, selected_clients=[1, 0], total_samples=2379, skipped_steps=0, audit=2/2
[Round 9] avg_loss=0.1952, selected_clients=[0, 2], total_samples=3270, skipped_steps=0, audit=2/2
[Round 10] avg_loss=0.1033, selected_clients=[1, 2], total_samples=3063, skipped_steps=0, audit=2/2
[Round 11] avg_loss=0.2135, selected_clients=[3, 0], total_samples=1937, skipped_steps=0, audit=2/2
[Round 12] avg_loss=0.1805, selected_clients=[3, 2], total_samples=2621, skipped_steps=0, audit=2/2
[Round 13] avg_loss=0.1374, selected_clients=[2, 0], total_samples=3270, skipped_steps=0, audit=2/2
[Round 14] avg_loss=0.2173, selected_clients=[1, 2], total_samples=3063, skipped_steps=0, audit=2/2
[Round 15] avg_loss=0.1255, selected_clients=[3, 1], total_samples=1730, skipped_steps=0, audit=2/2
[Round 16] avg_loss=0.2327, selected_clients=[2, 0], total_samples=3270, skipped_steps=0, audit=2/2
[Round 17] avg_loss=0.0840, selected_clients=[1, 3], total_samples=1730, skipped_steps=0, audit=2/2
[Round 18] avg_loss=0.1917, selected_clients=[0, 3], total_samples=1937, skipped_steps=0, audit=2/2
[Round 19] avg_loss=0.1232, selected_clients=[3, 0], total_samples=1937, skipped_steps=0, audit=2/2
[Round 20] avg_loss=0.1946, selected_clients=[2, 1], total_samples=3063, skipped_steps=0, audit=2/2
[Round 21] avg_loss=0.1342, selected_clients=[2, 0], total_samples=3270, skipped_steps=0, audit=2/2
[Round 22] avg_loss=0.1916, selected_clients=[3, 2], total_samples=2621, skipped_steps=0, audit=2/2
[Round 23] avg_loss=0.2197, selected_clients=[0, 1], total_samples=2379, skipped_steps=0, audit=2/2
[Round 24] avg_loss=0.1849, selected_clients=[0, 2], total_samples=3270, skipped_steps=0, audit=2/2
[Round 25] avg_loss=0.2043, selected_clients=[2, 3], total_samples=2621, skipped_steps=0, audit=2/2
[Round 26] avg_loss=0.1192, selected_clients=[2, 3], total_samples=2621, skipped_steps=0, audit=2/2
[Round 27] avg_loss=0.1972, selected_clients=[1, 2], total_samples=3063, skipped_steps=0, audit=2/2
[Round 28] avg_loss=0.1718, selected_clients=[0, 3], total_samples=1937, skipped_steps=0, audit=2/2
[Round 29] avg_loss=0.1541, selected_clients=[1, 3], total_samples=1730, skipped_steps=0, audit=2/2
[Round 30] avg_loss=0.1791, selected_clients=[0, 3], total_samples=1937, skipped_steps=0, audit=2/2
[Round 31] avg_loss=0.1502, selected_clients=[0, 1], total_samples=2379, skipped_steps=0, audit=2/2
[Round 32] avg_loss=0.2254, selected_clients=[2, 1], total_samples=3063, skipped_steps=0, audit=2/2
[Round 33] avg_loss=0.1819, selected_clients=[2, 0], total_samples=3270, skipped_steps=0, audit=2/2
[Round 34] avg_loss=0.1405, selected_clients=[2, 1], total_samples=3063, skipped_steps=0, audit=2/2
[Round 35] avg_loss=0.2171, selected_clients=[1, 2], total_samples=3063, skipped_steps=0, audit=2/2
[Round 36] avg_loss=0.2067, selected_clients=[2, 3], total_samples=2621, skipped_steps=0, audit=2/2
[Round 37] avg_loss=0.1802, selected_clients=[0, 2], total_samples=3270, skipped_steps=0, audit=2/2
[Round 38] avg_loss=0.1729, selected_clients=[1, 2], total_samples=3063, skipped_steps=0, audit=2/2
[Round 39] avg_loss=0.1662, selected_clients=[1, 0], total_samples=2379, skipped_steps=0, audit=2/2
[Round 40] avg_loss=0.1989, selected_clients=[3, 1], total_samples=1730, skipped_steps=0, audit=2/2
[Round 41] avg_loss=0.2134, selected_clients=[2, 3], total_samples=2621, skipped_steps=0, audit=2/2
[Round 42] avg_loss=0.1836, selected_clients=[1, 2], total_samples=3063, skipped_steps=0, audit=2/2
[Round 43] avg_loss=0.2048, selected_clients=[2, 0], total_samples=3270, skipped_steps=0, audit=2/2
[Round 44] avg_loss=0.2554, selected_clients=[1, 0], total_samples=2379, skipped_steps=0, audit=2/2
[Round 45] avg_loss=0.1732, selected_clients=[2, 1], total_samples=3063, skipped_steps=0, audit=2/2
[Round 46] avg_loss=0.1212, selected_clients=[2, 0], total_samples=3270, skipped_steps=0, audit=2/2
[Round 47] avg_loss=0.2648, selected_clients=[1, 2], total_samples=3063, skipped_steps=0, audit=2/2
[Round 48] avg_loss=0.1612, selected_clients=[2, 0], total_samples=3270, skipped_steps=0, audit=2/2
[Round 49] avg_loss=0.2355, selected_clients=[3, 1], total_samples=1730, skipped_steps=0, audit=2/2
[Round 50] avg_loss=0.1799, selected_clients=[3, 0], total_samples=1937, skipped_steps=0, audit=2/2
[Round 51] avg_loss=0.1654, selected_clients=[2, 0], total_samples=3270, skipped_steps=0, audit=2/2
[Round 52] avg_loss=0.1517, selected_clients=[1, 2], total_samples=3063, skipped_steps=0, audit=2/2
[Round 53] avg_loss=0.2457, selected_clients=[2, 3], total_samples=2621, skipped_steps=0, audit=2/2
[Round 54] avg_loss=0.1785, selected_clients=[3, 2], total_samples=2621, skipped_steps=0, audit=2/2
[Round 55] avg_loss=0.1175, selected_clients=[3, 1], total_samples=1730, skipped_steps=0, audit=2/2
[Round 56] avg_loss=0.2082, selected_clients=[1, 0], total_samples=2379, skipped_steps=0, audit=2/2
[Round 57] avg_loss=0.2073, selected_clients=[3, 0], total_samples=1937, skipped_steps=0, audit=2/2
[Round 58] avg_loss=0.1393, selected_clients=[0, 3], total_samples=1937, skipped_steps=0, audit=2/2
[Round 59] avg_loss=0.2198, selected_clients=[1, 2], total_samples=3063, skipped_steps=0, audit=2/2
[Round 60] avg_loss=0.1843, selected_clients=[1, 2], total_samples=3063, skipped_steps=0, audit=2/2
[Round 61] avg_loss=0.1742, selected_clients=[3, 2], total_samples=2621, skipped_steps=0, audit=2/2
[Round 62] avg_loss=0.1142, selected_clients=[0, 1], total_samples=2379, skipped_steps=0, audit=2/2
[Round 63] avg_loss=0.1897, selected_clients=[3, 2], total_samples=2621, skipped_steps=0, audit=2/2
[Round 64] avg_loss=0.1716, selected_clients=[3, 2], total_samples=2621, skipped_steps=0, audit=2/2
[Round 65] avg_loss=0.1539, selected_clients=[2, 3], total_samples=2621, skipped_steps=0, audit=2/2
[Round 66] avg_loss=0.1868, selected_clients=[0, 2], total_samples=3270, skipped_steps=0, audit=2/2
[Round 67] avg_loss=0.2096, selected_clients=[0, 2], total_samples=3270, skipped_steps=0, audit=2/2
[Round 68] avg_loss=0.1994, selected_clients=[2, 3], total_samples=2621, skipped_steps=0, audit=2/2
[Round 69] avg_loss=0.2039, selected_clients=[2, 0], total_samples=3270, skipped_steps=0, audit=2/2
[Round 70] avg_loss=0.1212, selected_clients=[2, 1], total_samples=3063, skipped_steps=0, audit=2/2
[Round 71] avg_loss=0.1431, selected_clients=[1, 3], total_samples=1730, skipped_steps=0, audit=2/2
[Round 72] avg_loss=0.1666, selected_clients=[0, 2], total_samples=3270, skipped_steps=0, audit=2/2
[Round 73] avg_loss=0.2072, selected_clients=[2, 3], total_samples=2621, skipped_steps=0, audit=2/2
[Round 74] avg_loss=0.1604, selected_clients=[1, 2], total_samples=3063, skipped_steps=0, audit=2/2
[Round 75] avg_loss=0.1387, selected_clients=[0, 2], total_samples=3270, skipped_steps=0, audit=2/2
[Round 76] avg_loss=0.1451, selected_clients=[2, 3], total_samples=2621, skipped_steps=0, audit=2/2
[Round 77] avg_loss=0.1653, selected_clients=[1, 0], total_samples=2379, skipped_steps=0, audit=2/2
[Round 78] avg_loss=0.1805, selected_clients=[2, 0], total_samples=3270, skipped_steps=0, audit=2/2
[Round 79] avg_loss=0.1503, selected_clients=[0, 2], total_samples=3270, skipped_steps=0, audit=2/2
[Round 80] avg_loss=0.1407, selected_clients=[2, 1], total_samples=3063, skipped_steps=0, audit=2/2
[Round 81] avg_loss=0.1223, selected_clients=[0, 3], total_samples=1937, skipped_steps=0, audit=2/2
[Round 82] avg_loss=0.1969, selected_clients=[2, 1], total_samples=3063, skipped_steps=0, audit=2/2
[Round 83] avg_loss=0.1610, selected_clients=[1, 0], total_samples=2379, skipped_steps=0, audit=2/2
[Round 84] avg_loss=0.1596, selected_clients=[1, 2], total_samples=3063, skipped_steps=0, audit=2/2
[Round 85] avg_loss=0.1903, selected_clients=[0, 3], total_samples=1937, skipped_steps=0, audit=2/2
[Round 86] avg_loss=0.1793, selected_clients=[3, 0], total_samples=1937, skipped_steps=0, audit=2/2
[Round 87] avg_loss=0.2364, selected_clients=[1, 0], total_samples=2379, skipped_steps=0, audit=2/2
[Round 88] avg_loss=0.2039, selected_clients=[3, 2], total_samples=2621, skipped_steps=0, audit=2/2
[Round 89] avg_loss=0.1963, selected_clients=[1, 3], total_samples=1730, skipped_steps=0, audit=2/2
[Round 90] avg_loss=0.1455, selected_clients=[3, 0], total_samples=1937, skipped_steps=0, audit=2/2
[Round 91] avg_loss=0.2156, selected_clients=[1, 2], total_samples=3063, skipped_steps=0, audit=2/2
[Round 92] avg_loss=0.1323, selected_clients=[2, 1], total_samples=3063, skipped_steps=0, audit=2/2
[Round 93] avg_loss=0.0992, selected_clients=[2, 1], total_samples=3063, skipped_steps=0, audit=2/2
[Round 94] avg_loss=0.3339, selected_clients=[3, 0], total_samples=1937, skipped_steps=0, audit=2/2
[Round 95] avg_loss=0.2050, selected_clients=[1, 0], total_samples=2379, skipped_steps=0, audit=2/2
[Round 96] avg_loss=0.2237, selected_clients=[0, 1], total_samples=2379, skipped_steps=0, audit=2/2
[Round 97] avg_loss=0.1464, selected_clients=[0, 2], total_samples=3270, skipped_steps=0, audit=2/2
[Round 98] avg_loss=0.1670, selected_clients=[1, 2], total_samples=3063, skipped_steps=0, audit=2/2
[Round 99] avg_loss=0.1560, selected_clients=[1, 0], total_samples=2379, skipped_steps=0, audit=2/2
[Round 100] avg_loss=0.1501, selected_clients=[0, 2], total_samples=3270, skipped_steps=0, audit=2/2
{
  "last_round": {
    "round": 100,
    "avg_client_loss": 0.150093,
    "selected_clients": [
      0,
      2
    ],
    "total_samples": 3270,
    "skipped_steps": 0,
    "mean_client_update_l2": 0.137322,
    "max_client_update_l2": 0.150574,
    "aggregation_delta_l2": 0.095568,
    "global_lora_l2": 19.982315,
    "payload_bytes_raw_sum": 13912126,
    "payload_bytes_compressed_sum": 13916388,
    "payload_bytes_raw_mean": 6956063.0,
    "payload_bytes_compressed_mean": 6958194.0,
    "audit_verified": 2,
    "audit_records": 2,
    "round_duration_sec": 35.214
  },
  "best_loss_round": {
    "round": 17,
    "avg_client_loss": 0.084043,
    "selected_clients": [
      1,
      3
    ],
    "total_samples": 1730,
    "skipped_steps": 0,
    "mean_client_update_l2": 0.139767,
    "max_client_update_l2": 0.143144,
    "aggregation_delta_l2": 0.105745,
    "global_lora_l2": 19.7833,
    "payload_bytes_raw_sum": 13912126,
    "payload_bytes_compressed_sum": 13916388,
    "payload_bytes_raw_mean": 6956063.0,
    "payload_bytes_compressed_mean": 6958194.0,
    "audit_verified": 2,
    "audit_records": 2,
    "round_duration_sec": 14.803
  },
  "best_loss": 0.084043,
  "global_lora_final_path": "C:\\Users\\shenc\\Desktop\\feddiffsecure_minimal\\outputs\\tiny_sd_stl10_lora_fed_audit_long100_run\\global_lora_final.pt",
  "global_lora_best_loss_path": "C:\\Users\\shenc\\Desktop\\feddiffsecure_minimal\\outputs\\tiny_sd_stl10_lora_fed_audit_long100_run\\global_lora_best_loss.pt"
}
{
  "records": 200,
  "verified": 200,
  "failed": 0
}
Artifacts saved to: outputs\tiny_sd_stl10_lora_fed_audit_long100_run
