[Round 1] avg_loss=0.2407, selected_clients=[0, 3], total_samples=39337, skipped_steps=0, audit=2/2
[Round 2] avg_loss=0.1982, selected_clients=[2, 0], total_samples=34617, skipped_steps=0, audit=2/2
[Round 3] avg_loss=0.1853, selected_clients=[1, 0], total_samples=24248, skipped_steps=0, audit=2/2
[Round 4] avg_loss=0.2310, selected_clients=[0, 2], total_samples=34617, skipped_steps=0, audit=2/2
[Round 5] avg_loss=0.1816, selected_clients=[0, 2], total_samples=34617, skipped_steps=0, audit=2/2
[Round 6] avg_loss=0.1468, selected_clients=[3, 0], total_samples=39337, skipped_steps=0, audit=2/2
[Round 7] avg_loss=0.1740, selected_clients=[0, 3], total_samples=39337, skipped_steps=0, audit=2/2
[Round 8] avg_loss=0.1488, selected_clients=[1, 0], total_samples=24248, skipped_steps=0, audit=2/2
[Round 9] avg_loss=0.1280, selected_clients=[0, 2], total_samples=34617, skipped_steps=0, audit=2/2
[Round 10] avg_loss=0.1237, selected_clients=[1, 2], total_samples=20663, skipped_steps=0, audit=2/2
[Round 11] avg_loss=0.1391, selected_clients=[3, 0], total_samples=39337, skipped_steps=0, audit=2/2
[Round 12] avg_loss=0.1469, selected_clients=[3, 2], total_samples=35752, skipped_steps=0, audit=2/2
[Round 13] avg_loss=0.0692, selected_clients=[2, 0], total_samples=34617, skipped_steps=0, audit=2/2
[Round 14] avg_loss=0.1427, selected_clients=[1, 2], total_samples=20663, skipped_steps=0, audit=2/2
[Round 15] avg_loss=0.0931, selected_clients=[3, 1], total_samples=25383, skipped_steps=0, audit=2/2
[Round 16] avg_loss=0.1563, selected_clients=[2, 0], total_samples=34617, skipped_steps=0, audit=2/2
[Round 17] avg_loss=0.0897, selected_clients=[1, 3], total_samples=25383, skipped_steps=0, audit=2/2
[Round 18] avg_loss=0.1341, selected_clients=[0, 3], total_samples=39337, skipped_steps=0, audit=2/2
[Round 19] avg_loss=0.1137, selected_clients=[3, 0], total_samples=39337, skipped_steps=0, audit=2/2
[Round 20] avg_loss=0.0828, selected_clients=[2, 1], total_samples=20663, skipped_steps=0, audit=2/2
[Round 21] avg_loss=0.1735, selected_clients=[2, 0], total_samples=34617, skipped_steps=0, audit=2/2
[Round 22] avg_loss=0.0756, selected_clients=[3, 2], total_samples=35752, skipped_steps=0, audit=2/2
[Round 23] avg_loss=0.0953, selected_clients=[0, 1], total_samples=24248, skipped_steps=0, audit=2/2
[Round 24] avg_loss=0.1125, selected_clients=[0, 2], total_samples=34617, skipped_steps=0, audit=2/2
[Round 25] avg_loss=0.0795, selected_clients=[2, 3], total_samples=35752, skipped_steps=0, audit=2/2
[Round 26] avg_loss=0.1138, selected_clients=[2, 3], total_samples=35752, skipped_steps=0, audit=2/2
[Round 27] avg_loss=0.1255, selected_clients=[1, 2], total_samples=20663, skipped_steps=0, audit=2/2
[Round 28] avg_loss=0.0919, selected_clients=[0, 3], total_samples=39337, skipped_steps=0, audit=2/2
[Round 29] avg_loss=0.1148, selected_clients=[1, 3], total_samples=25383, skipped_steps=0, audit=2/2
[Round 30] avg_loss=0.1365, selected_clients=[0, 3], total_samples=39337, skipped_steps=0, audit=2/2
[Round 31] avg_loss=0.1498, selected_clients=[0, 1], total_samples=24248, skipped_steps=0, audit=2/2
[Round 32] avg_loss=0.1344, selected_clients=[2, 1], total_samples=20663, skipped_steps=0, audit=2/2
[Round 33] avg_loss=0.1342, selected_clients=[2, 0], total_samples=34617, skipped_steps=0, audit=2/2
[Round 34] avg_loss=0.0769, selected_clients=[2, 1], total_samples=20663, skipped_steps=0, audit=2/2
[Round 35] avg_loss=0.0963, selected_clients=[1, 2], total_samples=20663, skipped_steps=0, audit=2/2
[Round 36] avg_loss=0.1166, selected_clients=[2, 3], total_samples=35752, skipped_steps=0, audit=2/2
[Round 37] avg_loss=0.1096, selected_clients=[0, 2], total_samples=34617, skipped_steps=0, audit=2/2
[Round 38] avg_loss=0.0940, selected_clients=[1, 2], total_samples=20663, skipped_steps=0, audit=2/2
[Round 39] avg_loss=0.1159, selected_clients=[1, 0], total_samples=24248, skipped_steps=0, audit=2/2
[Round 40] avg_loss=0.0975, selected_clients=[3, 1], total_samples=25383, skipped_steps=0, audit=2/2
[Round 41] avg_loss=0.1089, selected_clients=[2, 3], total_samples=35752, skipped_steps=0, audit=2/2
[Round 42] avg_loss=0.1195, selected_clients=[1, 2], total_samples=20663, skipped_steps=0, audit=2/2
[Round 43] avg_loss=0.1466, selected_clients=[2, 0], total_samples=34617, skipped_steps=0, audit=2/2
[Round 44] avg_loss=0.1161, selected_clients=[1, 0], total_samples=24248, skipped_steps=0, audit=2/2
[Round 45] avg_loss=0.0840, selected_clients=[2, 1], total_samples=20663, skipped_steps=0, audit=2/2
[Round 46] avg_loss=0.1243, selected_clients=[2, 0], total_samples=34617, skipped_steps=0, audit=2/2
[Round 47] avg_loss=0.1083, selected_clients=[1, 2], total_samples=20663, skipped_steps=0, audit=2/2
[Round 48] avg_loss=0.1092, selected_clients=[2, 0], total_samples=34617, skipped_steps=0, audit=2/2
[Round 49] avg_loss=0.1402, selected_clients=[3, 1], total_samples=25383, skipped_steps=0, audit=2/2
[Round 50] avg_loss=0.1365, selected_clients=[3, 0], total_samples=39337, skipped_steps=0, audit=2/2
[Round 51] avg_loss=0.0866, selected_clients=[2, 0], total_samples=34617, skipped_steps=0, audit=2/2
[Round 52] avg_loss=0.0940, selected_clients=[1, 2], total_samples=20663, skipped_steps=0, audit=2/2
[Round 53] avg_loss=0.1344, selected_clients=[2, 3], total_samples=35752, skipped_steps=0, audit=2/2
[Round 54] avg_loss=0.1411, selected_clients=[3, 2], total_samples=35752, skipped_steps=0, audit=2/2
[Round 55] avg_loss=0.1334, selected_clients=[3, 1], total_samples=25383, skipped_steps=0, audit=2/2
[Round 56] avg_loss=0.0941, selected_clients=[1, 0], total_samples=24248, skipped_steps=0, audit=2/2
[Round 57] avg_loss=0.1302, selected_clients=[3, 0], total_samples=39337, skipped_steps=0, audit=2/2
[Round 58] avg_loss=0.1799, selected_clients=[0, 3], total_samples=39337, skipped_steps=0, audit=2/2
[Round 59] avg_loss=0.1390, selected_clients=[1, 2], total_samples=20663, skipped_steps=0, audit=2/2
[Round 60] avg_loss=0.0945, selected_clients=[1, 2], total_samples=20663, skipped_steps=0, audit=2/2
[Round 61] avg_loss=0.0916, selected_clients=[3, 2], total_samples=35752, skipped_steps=0, audit=2/2
[Round 62] avg_loss=0.1546, selected_clients=[0, 1], total_samples=24248, skipped_steps=0, audit=2/2
[Round 63] avg_loss=0.1367, selected_clients=[3, 2], total_samples=35752, skipped_steps=0, audit=2/2
[Round 64] avg_loss=0.1063, selected_clients=[3, 2], total_samples=35752, skipped_steps=0, audit=2/2
[Round 65] avg_loss=0.1658, selected_clients=[2, 3], total_samples=35752, skipped_steps=0, audit=2/2
[Round 66] avg_loss=0.1194, selected_clients=[0, 2], total_samples=34617, skipped_steps=0, audit=2/2
[Round 67] avg_loss=0.0553, selected_clients=[0, 2], total_samples=34617, skipped_steps=0, audit=2/2
[Round 68] avg_loss=0.1241, selected_clients=[2, 3], total_samples=35752, skipped_steps=0, audit=2/2
[Round 69] avg_loss=0.1075, selected_clients=[2, 0], total_samples=34617, skipped_steps=0, audit=2/2
[Round 70] avg_loss=0.1479, selected_clients=[2, 1], total_samples=20663, skipped_steps=0, audit=2/2
[Round 71] avg_loss=0.1389, selected_clients=[1, 3], total_samples=25383, skipped_steps=0, audit=2/2
[Round 72] avg_loss=0.1122, selected_clients=[0, 2], total_samples=34617, skipped_steps=0, audit=2/2
[Round 73] avg_loss=0.0671, selected_clients=[2, 3], total_samples=35752, skipped_steps=0, audit=2/2
[Round 74] avg_loss=0.0801, selected_clients=[1, 2], total_samples=20663, skipped_steps=0, audit=2/2
[Round 75] avg_loss=0.1483, selected_clients=[0, 2], total_samples=34617, skipped_steps=0, audit=2/2
[Round 76] avg_loss=0.1567, selected_clients=[2, 3], total_samples=35752, skipped_steps=0, audit=2/2
[Round 77] avg_loss=0.0896, selected_clients=[1, 0], total_samples=24248, skipped_steps=0, audit=2/2
[Round 78] avg_loss=0.1468, selected_clients=[2, 0], total_samples=34617, skipped_steps=0, audit=2/2
[Round 79] avg_loss=0.0910, selected_clients=[0, 2], total_samples=34617, skipped_steps=0, audit=2/2
[Round 80] avg_loss=0.1432, selected_clients=[2, 1], total_samples=20663, skipped_steps=0, audit=2/2
[Round 81] avg_loss=0.0921, selected_clients=[0, 3], total_samples=39337, skipped_steps=0, audit=2/2
[Round 82] avg_loss=0.0926, selected_clients=[2, 1], total_samples=20663, skipped_steps=0, audit=2/2
[Round 83] avg_loss=0.0795, selected_clients=[1, 0], total_samples=24248, skipped_steps=0, audit=2/2
[Round 84] avg_loss=0.1089, selected_clients=[1, 2], total_samples=20663, skipped_steps=0, audit=2/2
[Round 85] avg_loss=0.0990, selected_clients=[0, 3], total_samples=39337, skipped_steps=0, audit=2/2
[Round 86] avg_loss=0.0968, selected_clients=[3, 0], total_samples=39337, skipped_steps=0, audit=2/2
[Round 87] avg_loss=0.0830, selected_clients=[1, 0], total_samples=24248, skipped_steps=0, audit=2/2
[Round 88] avg_loss=0.1070, selected_clients=[3, 2], total_samples=35752, skipped_steps=0, audit=2/2
[Round 89] avg_loss=0.1297, selected_clients=[1, 3], total_samples=25383, skipped_steps=0, audit=2/2
[Round 90] avg_loss=0.1071, selected_clients=[3, 0], total_samples=39337, skipped_steps=0, audit=2/2
[Round 91] avg_loss=0.0953, selected_clients=[1, 2], total_samples=20663, skipped_steps=0, audit=2/2
[Round 92] avg_loss=0.1521, selected_clients=[2, 1], total_samples=20663, skipped_steps=0, audit=2/2
[Round 93] avg_loss=0.0653, selected_clients=[2, 1], total_samples=20663, skipped_steps=0, audit=2/2
[Round 94] avg_loss=0.1007, selected_clients=[3, 0], total_samples=39337, skipped_steps=0, audit=2/2
[Round 95] avg_loss=0.0945, selected_clients=[1, 0], total_samples=24248, skipped_steps=0, audit=2/2
[Round 96] avg_loss=0.1283, selected_clients=[0, 1], total_samples=24248, skipped_steps=0, audit=2/2
[Round 97] avg_loss=0.1317, selected_clients=[0, 2], total_samples=34617, skipped_steps=0, audit=2/2
[Round 98] avg_loss=0.0909, selected_clients=[1, 2], total_samples=20663, skipped_steps=0, audit=2/2
[Round 99] avg_loss=0.0888, selected_clients=[1, 0], total_samples=24248, skipped_steps=0, audit=2/2
[Round 100] avg_loss=0.0878, selected_clients=[0, 2], total_samples=34617, skipped_steps=0, audit=2/2
{
  "last_round": {
    "round": 100,
    "avg_client_loss": 0.087827,
    "selected_clients": [
      0,
      2
    ],
    "total_samples": 34617,
    "skipped_steps": 0,
    "mean_client_update_l2": 0.126247,
    "max_client_update_l2": 0.127674,
    "aggregation_delta_l2": 0.088598,
    "global_lora_l2": 20.206933,
    "payload_bytes_raw_sum": 13912126,
    "payload_bytes_compressed_sum": 13916388,
    "payload_bytes_raw_mean": 6956063.0,
    "payload_bytes_compressed_mean": 6958194.0,
    "audit_verified": 2,
    "audit_records": 2,
    "round_duration_sec": 27.659
  },
  "best_loss_round": {
    "round": 67,
    "avg_client_loss": 0.055327,
    "selected_clients": [
      0,
      2
    ],
    "total_samples": 34617,
    "skipped_steps": 0,
    "mean_client_update_l2": 0.136314,
    "max_client_update_l2": 0.136925,
    "aggregation_delta_l2": 0.092905,
    "global_lora_l2": 20.069464,
    "payload_bytes_raw_sum": 13912126,
    "payload_bytes_compressed_sum": 13916388,
    "payload_bytes_raw_mean": 6956063.0,
    "payload_bytes_compressed_mean": 6958194.0,
    "audit_verified": 2,
    "audit_records": 2,
    "round_duration_sec": 28.232
  },
  "best_loss": 0.055327,
  "global_lora_final_path": "C:\\Users\\shenc\\Desktop\\feddiffsecure_minimal\\outputs\\tiny_sd_fashion_lora_fed_long100_run\\global_lora_final.pt",
  "global_lora_best_loss_path": "C:\\Users\\shenc\\Desktop\\feddiffsecure_minimal\\outputs\\tiny_sd_fashion_lora_fed_long100_run\\global_lora_best_loss.pt"
}
{
  "records": 200,
  "verified": 200,
  "failed": 0
}
Artifacts saved to: outputs\tiny_sd_fashion_lora_fed_long100_run
