[Round 1] avg_loss=0.1610, selected_clients=[0, 3], total_samples=30944, skipped_steps=0, audit=2/2
[Round 2] avg_loss=0.1374, selected_clients=[2, 0], total_samples=23237, skipped_steps=0, audit=2/2
[Round 3] avg_loss=0.1306, selected_clients=[1, 0], total_samples=26089, skipped_steps=0, audit=2/2
[Round 4] avg_loss=0.1679, selected_clients=[0, 2], total_samples=23237, skipped_steps=0, audit=2/2
[Round 5] avg_loss=0.1218, selected_clients=[0, 2], total_samples=23237, skipped_steps=0, audit=2/2
[Round 6] avg_loss=0.1034, selected_clients=[3, 0], total_samples=30944, skipped_steps=0, audit=2/2
[Round 7] avg_loss=0.1080, selected_clients=[0, 3], total_samples=30944, skipped_steps=0, audit=2/2
[Round 8] avg_loss=0.0990, selected_clients=[1, 0], total_samples=26089, skipped_steps=0, audit=2/2
[Round 9] avg_loss=0.0771, selected_clients=[0, 2], total_samples=23237, skipped_steps=0, audit=2/2
[Round 10] avg_loss=0.0758, selected_clients=[1, 2], total_samples=29056, skipped_steps=0, audit=2/2
[Round 11] avg_loss=0.0842, selected_clients=[3, 0], total_samples=30944, skipped_steps=0, audit=2/2
[Round 12] avg_loss=0.0847, selected_clients=[3, 2], total_samples=33911, skipped_steps=0, audit=2/2
[Round 13] avg_loss=0.0485, selected_clients=[2, 0], total_samples=23237, skipped_steps=0, audit=2/2
[Round 14] avg_loss=0.0901, selected_clients=[1, 2], total_samples=29056, skipped_steps=0, audit=2/2
[Round 15] avg_loss=0.0610, selected_clients=[3, 1], total_samples=36763, skipped_steps=0, audit=2/2
[Round 16] avg_loss=0.0881, selected_clients=[2, 0], total_samples=23237, skipped_steps=0, audit=2/2
[Round 17] avg_loss=0.0592, selected_clients=[1, 3], total_samples=36763, skipped_steps=0, audit=2/2
[Round 18] avg_loss=0.0763, selected_clients=[0, 3], total_samples=30944, skipped_steps=0, audit=2/2
[Round 19] avg_loss=0.0730, selected_clients=[3, 0], total_samples=30944, skipped_steps=0, audit=2/2
[Round 20] avg_loss=0.0461, selected_clients=[2, 1], total_samples=29056, skipped_steps=0, audit=2/2
[Round 21] avg_loss=0.1065, selected_clients=[2, 0], total_samples=23237, skipped_steps=0, audit=2/2
[Round 22] avg_loss=0.0420, selected_clients=[3, 2], total_samples=33911, skipped_steps=0, audit=2/2
[Round 23] avg_loss=0.0674, selected_clients=[0, 1], total_samples=26089, skipped_steps=0, audit=2/2
[Round 24] avg_loss=0.0649, selected_clients=[0, 2], total_samples=23237, skipped_steps=0, audit=2/2
[Round 25] avg_loss=0.0425, selected_clients=[2, 3], total_samples=33911, skipped_steps=0, audit=2/2
[Round 26] avg_loss=0.0674, selected_clients=[2, 3], total_samples=33911, skipped_steps=0, audit=2/2
[Round 27] avg_loss=0.0645, selected_clients=[1, 2], total_samples=29056, skipped_steps=0, audit=2/2
[Round 28] avg_loss=0.0545, selected_clients=[0, 3], total_samples=30944, skipped_steps=0, audit=2/2
[Round 29] avg_loss=0.0679, selected_clients=[1, 3], total_samples=36763, skipped_steps=0, audit=2/2
[Round 30] avg_loss=0.0770, selected_clients=[0, 3], total_samples=30944, skipped_steps=0, audit=2/2
[Round 31] avg_loss=0.0928, selected_clients=[0, 1], total_samples=26089, skipped_steps=0, audit=2/2
[Round 32] avg_loss=0.0785, selected_clients=[2, 1], total_samples=29056, skipped_steps=0, audit=2/2
[Round 33] avg_loss=0.0751, selected_clients=[2, 0], total_samples=23237, skipped_steps=0, audit=2/2
[Round 34] avg_loss=0.0569, selected_clients=[2, 1], total_samples=29056, skipped_steps=0, audit=2/2
[Round 35] avg_loss=0.0502, selected_clients=[1, 2], total_samples=29056, skipped_steps=0, audit=2/2
[Round 36] avg_loss=0.0657, selected_clients=[2, 3], total_samples=33911, skipped_steps=0, audit=2/2
[Round 37] avg_loss=0.0588, selected_clients=[0, 2], total_samples=23237, skipped_steps=0, audit=2/2
[Round 38] avg_loss=0.0538, selected_clients=[1, 2], total_samples=29056, skipped_steps=0, audit=2/2
[Round 39] avg_loss=0.0648, selected_clients=[1, 0], total_samples=26089, skipped_steps=0, audit=2/2
[Round 40] avg_loss=0.0702, selected_clients=[3, 1], total_samples=36763, skipped_steps=0, audit=2/2
[Round 41] avg_loss=0.0710, selected_clients=[2, 3], total_samples=33911, skipped_steps=0, audit=2/2
[Round 42] avg_loss=0.0768, selected_clients=[1, 2], total_samples=29056, skipped_steps=0, audit=2/2
[Round 43] avg_loss=0.0906, selected_clients=[2, 0], total_samples=23237, skipped_steps=0, audit=2/2
[Round 44] avg_loss=0.0646, selected_clients=[1, 0], total_samples=26089, skipped_steps=0, audit=2/2
[Round 45] avg_loss=0.0615, selected_clients=[2, 1], total_samples=29056, skipped_steps=0, audit=2/2
[Round 46] avg_loss=0.0688, selected_clients=[2, 0], total_samples=23237, skipped_steps=0, audit=2/2
[Round 47] avg_loss=0.0712, selected_clients=[1, 2], total_samples=29056, skipped_steps=0, audit=2/2
[Round 48] avg_loss=0.0712, selected_clients=[2, 0], total_samples=23237, skipped_steps=0, audit=2/2
[Round 49] avg_loss=0.0737, selected_clients=[3, 1], total_samples=36763, skipped_steps=0, audit=2/2
[Round 50] avg_loss=0.0714, selected_clients=[3, 0], total_samples=30944, skipped_steps=0, audit=2/2
[Round 51] avg_loss=0.0511, selected_clients=[2, 0], total_samples=23237, skipped_steps=0, audit=2/2
[Round 52] avg_loss=0.0600, selected_clients=[1, 2], total_samples=29056, skipped_steps=0, audit=2/2
[Round 53] avg_loss=0.0702, selected_clients=[2, 3], total_samples=33911, skipped_steps=0, audit=2/2
[Round 54] avg_loss=0.0844, selected_clients=[3, 2], total_samples=33911, skipped_steps=0, audit=2/2
[Round 55] avg_loss=0.0890, selected_clients=[3, 1], total_samples=36763, skipped_steps=0, audit=2/2
[Round 56] avg_loss=0.0568, selected_clients=[1, 0], total_samples=26089, skipped_steps=0, audit=2/2
[Round 57] avg_loss=0.0820, selected_clients=[3, 0], total_samples=30944, skipped_steps=0, audit=2/2
[Round 58] avg_loss=0.1052, selected_clients=[0, 3], total_samples=30944, skipped_steps=0, audit=2/2
[Round 59] avg_loss=0.0812, selected_clients=[1, 2], total_samples=29056, skipped_steps=0, audit=2/2
[Round 60] avg_loss=0.0604, selected_clients=[1, 2], total_samples=29056, skipped_steps=0, audit=2/2
[Round 61] avg_loss=0.0483, selected_clients=[3, 2], total_samples=33911, skipped_steps=0, audit=2/2
[Round 62] avg_loss=0.0906, selected_clients=[0, 1], total_samples=26089, skipped_steps=0, audit=2/2
[Round 63] avg_loss=0.0832, selected_clients=[3, 2], total_samples=33911, skipped_steps=0, audit=2/2
[Round 64] avg_loss=0.0604, selected_clients=[3, 2], total_samples=33911, skipped_steps=0, audit=2/2
[Round 65] avg_loss=0.0912, selected_clients=[2, 3], total_samples=33911, skipped_steps=0, audit=2/2
[Round 66] avg_loss=0.0756, selected_clients=[0, 2], total_samples=23237, skipped_steps=0, audit=2/2
[Round 67] avg_loss=0.0350, selected_clients=[0, 2], total_samples=23237, skipped_steps=0, audit=2/2
[Round 68] avg_loss=0.0739, selected_clients=[2, 3], total_samples=33911, skipped_steps=0, audit=2/2
[Round 69] avg_loss=0.0627, selected_clients=[2, 0], total_samples=23237, skipped_steps=0, audit=2/2
[Round 70] avg_loss=0.0865, selected_clients=[2, 1], total_samples=29056, skipped_steps=0, audit=2/2
[Round 71] avg_loss=0.0810, selected_clients=[1, 3], total_samples=36763, skipped_steps=0, audit=2/2
[Round 72] avg_loss=0.0608, selected_clients=[0, 2], total_samples=23237, skipped_steps=0, audit=2/2
[Round 73] avg_loss=0.0366, selected_clients=[2, 3], total_samples=33911, skipped_steps=0, audit=2/2
[Round 74] avg_loss=0.0570, selected_clients=[1, 2], total_samples=29056, skipped_steps=0, audit=2/2
[Round 75] avg_loss=0.0810, selected_clients=[0, 2], total_samples=23237, skipped_steps=0, audit=2/2
[Round 76] avg_loss=0.0813, selected_clients=[2, 3], total_samples=33911, skipped_steps=0, audit=2/2
[Round 77] avg_loss=0.0467, selected_clients=[1, 0], total_samples=26089, skipped_steps=0, audit=2/2
[Round 78] avg_loss=0.0808, selected_clients=[2, 0], total_samples=23237, skipped_steps=0, audit=2/2
[Round 79] avg_loss=0.0557, selected_clients=[0, 2], total_samples=23237, skipped_steps=0, audit=2/2
[Round 80] avg_loss=0.0840, selected_clients=[2, 1], total_samples=29056, skipped_steps=0, audit=2/2
[Round 81] avg_loss=0.0508, selected_clients=[0, 3], total_samples=30944, skipped_steps=0, audit=2/2
[Round 82] avg_loss=0.0571, selected_clients=[2, 1], total_samples=29056, skipped_steps=0, audit=2/2
[Round 83] avg_loss=0.0474, selected_clients=[1, 0], total_samples=26089, skipped_steps=0, audit=2/2
[Round 84] avg_loss=0.0676, selected_clients=[1, 2], total_samples=29056, skipped_steps=0, audit=2/2
[Round 85] avg_loss=0.0564, selected_clients=[0, 3], total_samples=30944, skipped_steps=0, audit=2/2
[Round 86] avg_loss=0.0522, selected_clients=[3, 0], total_samples=30944, skipped_steps=0, audit=2/2
[Round 87] avg_loss=0.0504, selected_clients=[1, 0], total_samples=26089, skipped_steps=0, audit=2/2
[Round 88] avg_loss=0.0729, selected_clients=[3, 2], total_samples=33911, skipped_steps=0, audit=2/2
[Round 89] avg_loss=0.0806, selected_clients=[1, 3], total_samples=36763, skipped_steps=0, audit=2/2
[Round 90] avg_loss=0.0531, selected_clients=[3, 0], total_samples=30944, skipped_steps=0, audit=2/2
[Round 91] avg_loss=0.0574, selected_clients=[1, 2], total_samples=29056, skipped_steps=0, audit=2/2
[Round 92] avg_loss=0.0941, selected_clients=[2, 1], total_samples=29056, skipped_steps=0, audit=2/2
[Round 93] avg_loss=0.0370, selected_clients=[2, 1], total_samples=29056, skipped_steps=0, audit=2/2
[Round 94] avg_loss=0.0560, selected_clients=[3, 0], total_samples=30944, skipped_steps=0, audit=2/2
[Round 95] avg_loss=0.0459, selected_clients=[1, 0], total_samples=26089, skipped_steps=0, audit=2/2
[Round 96] avg_loss=0.0733, selected_clients=[0, 1], total_samples=26089, skipped_steps=0, audit=2/2
[Round 97] avg_loss=0.0865, selected_clients=[0, 2], total_samples=23237, skipped_steps=0, audit=2/2
[Round 98] avg_loss=0.0601, selected_clients=[1, 2], total_samples=29056, skipped_steps=0, audit=2/2
[Round 99] avg_loss=0.0502, selected_clients=[1, 0], total_samples=26089, skipped_steps=0, audit=2/2
[Round 100] avg_loss=0.0580, selected_clients=[0, 2], total_samples=23237, skipped_steps=0, audit=2/2
{
  "last_round": {
    "round": 100,
    "avg_client_loss": 0.057987,
    "selected_clients": [
      0,
      2
    ],
    "total_samples": 23237,
    "skipped_steps": 0,
    "mean_client_update_l2": 0.134396,
    "max_client_update_l2": 0.136303,
    "aggregation_delta_l2": 0.105924,
    "global_lora_l2": 20.24484,
    "payload_bytes_raw_sum": 13912126,
    "payload_bytes_compressed_sum": 13916388,
    "payload_bytes_raw_mean": 6956063.0,
    "payload_bytes_compressed_mean": 6958194.0,
    "audit_verified": 2,
    "audit_records": 2,
    "round_duration_sec": 30.367
  },
  "best_loss_round": {
    "round": 67,
    "avg_client_loss": 0.03498,
    "selected_clients": [
      0,
      2
    ],
    "total_samples": 23237,
    "skipped_steps": 0,
    "mean_client_update_l2": 0.134941,
    "max_client_update_l2": 0.143686,
    "aggregation_delta_l2": 0.10835,
    "global_lora_l2": 20.117941,
    "payload_bytes_raw_sum": 13912126,
    "payload_bytes_compressed_sum": 13916388,
    "payload_bytes_raw_mean": 6956063.0,
    "payload_bytes_compressed_mean": 6958194.0,
    "audit_verified": 2,
    "audit_records": 2,
    "round_duration_sec": 34.46
  },
  "best_loss": 0.03498,
  "global_lora_final_path": "C:\\Users\\shenc\\Desktop\\feddiffsecure_minimal\\outputs\\tiny_sd_mnist_lora_fed_long100_run\\global_lora_final.pt",
  "global_lora_best_loss_path": "C:\\Users\\shenc\\Desktop\\feddiffsecure_minimal\\outputs\\tiny_sd_mnist_lora_fed_long100_run\\global_lora_best_loss.pt"
}
{
  "records": 200,
  "verified": 200,
  "failed": 0
}
Artifacts saved to: outputs\tiny_sd_mnist_lora_fed_long100_run
