[Round 1] avg_loss=0.2179, selected_clients=[0, 3, 1, 2], total_samples=5000, skipped_steps=0, audit=4/4
[Round 2] avg_loss=0.2499, selected_clients=[1, 0, 2, 3], total_samples=5000, skipped_steps=0, audit=4/4
[Round 3] avg_loss=0.2069, selected_clients=[3, 0, 2, 1], total_samples=5000, skipped_steps=0, audit=4/4
[Round 4] avg_loss=0.2044, selected_clients=[1, 0, 2, 3], total_samples=5000, skipped_steps=0, audit=4/4
[Round 5] avg_loss=0.1583, selected_clients=[3, 0, 1, 2], total_samples=5000, skipped_steps=0, audit=4/4
[Round 6] avg_loss=0.2127, selected_clients=[0, 3, 1, 2], total_samples=5000, skipped_steps=0, audit=4/4
[Round 7] avg_loss=0.1864, selected_clients=[2, 0, 3, 1], total_samples=5000, skipped_steps=0, audit=4/4
[Round 8] avg_loss=0.1788, selected_clients=[0, 3, 1, 2], total_samples=5000, skipped_steps=0, audit=4/4
[Round 9] avg_loss=0.1489, selected_clients=[2, 1, 3, 0], total_samples=5000, skipped_steps=0, audit=4/4
[Round 10] avg_loss=0.1687, selected_clients=[3, 2, 0, 1], total_samples=5000, skipped_steps=0, audit=4/4
[Round 11] avg_loss=0.1630, selected_clients=[0, 2, 1, 3], total_samples=5000, skipped_steps=0, audit=4/4
[Round 12] avg_loss=0.2041, selected_clients=[1, 2, 0, 3], total_samples=5000, skipped_steps=0, audit=4/4
[Round 13] avg_loss=0.1668, selected_clients=[1, 3, 0, 2], total_samples=5000, skipped_steps=0, audit=4/4
[Round 14] avg_loss=0.1794, selected_clients=[0, 1, 2, 3], total_samples=5000, skipped_steps=0, audit=4/4
[Round 15] avg_loss=0.1671, selected_clients=[2, 0, 1, 3], total_samples=5000, skipped_steps=0, audit=4/4
[Round 16] avg_loss=0.1994, selected_clients=[1, 2, 3, 0], total_samples=5000, skipped_steps=0, audit=4/4
[Round 17] avg_loss=0.1507, selected_clients=[1, 2, 0, 3], total_samples=5000, skipped_steps=0, audit=4/4
[Round 18] avg_loss=0.2101, selected_clients=[3, 1, 2, 0], total_samples=5000, skipped_steps=0, audit=4/4
[Round 19] avg_loss=0.1753, selected_clients=[2, 0, 3, 1], total_samples=5000, skipped_steps=0, audit=4/4
[Round 20] avg_loss=0.1791, selected_clients=[2, 1, 3, 0], total_samples=5000, skipped_steps=0, audit=4/4
[Round 21] avg_loss=0.2022, selected_clients=[1, 2, 3, 0], total_samples=5000, skipped_steps=0, audit=4/4
[Round 22] avg_loss=0.2425, selected_clients=[3, 1, 2, 0], total_samples=5000, skipped_steps=0, audit=4/4
[Round 23] avg_loss=0.1470, selected_clients=[2, 0, 3, 1], total_samples=5000, skipped_steps=0, audit=4/4
[Round 24] avg_loss=0.2155, selected_clients=[3, 2, 1, 0], total_samples=5000, skipped_steps=0, audit=4/4
[Round 25] avg_loss=0.1956, selected_clients=[1, 0, 3, 2], total_samples=5000, skipped_steps=0, audit=4/4
[Round 26] avg_loss=0.1595, selected_clients=[0, 3, 2, 1], total_samples=5000, skipped_steps=0, audit=4/4
[Round 27] avg_loss=0.2046, selected_clients=[3, 2, 0, 1], total_samples=5000, skipped_steps=0, audit=4/4
[Round 28] avg_loss=0.1640, selected_clients=[3, 2, 1, 0], total_samples=5000, skipped_steps=0, audit=4/4
[Round 29] avg_loss=0.1773, selected_clients=[0, 2, 3, 1], total_samples=5000, skipped_steps=0, audit=4/4
[Round 30] avg_loss=0.1826, selected_clients=[2, 0, 1, 3], total_samples=5000, skipped_steps=0, audit=4/4
[Round 31] avg_loss=0.1446, selected_clients=[1, 3, 0, 2], total_samples=5000, skipped_steps=0, audit=4/4
[Round 32] avg_loss=0.1722, selected_clients=[1, 2, 0, 3], total_samples=5000, skipped_steps=0, audit=4/4
[Round 33] avg_loss=0.1710, selected_clients=[1, 0, 3, 2], total_samples=5000, skipped_steps=0, audit=4/4
[Round 34] avg_loss=0.2036, selected_clients=[0, 2, 1, 3], total_samples=5000, skipped_steps=0, audit=4/4
[Round 35] avg_loss=0.1780, selected_clients=[0, 3, 1, 2], total_samples=5000, skipped_steps=0, audit=4/4
[Round 36] avg_loss=0.1593, selected_clients=[1, 0, 2, 3], total_samples=5000, skipped_steps=0, audit=4/4
[Round 37] avg_loss=0.1761, selected_clients=[0, 2, 1, 3], total_samples=5000, skipped_steps=0, audit=4/4
[Round 38] avg_loss=0.1507, selected_clients=[1, 0, 3, 2], total_samples=5000, skipped_steps=0, audit=4/4
[Round 39] avg_loss=0.1819, selected_clients=[2, 3, 1, 0], total_samples=5000, skipped_steps=0, audit=4/4
[Round 40] avg_loss=0.1419, selected_clients=[1, 2, 3, 0], total_samples=5000, skipped_steps=0, audit=4/4
[Round 41] avg_loss=0.1510, selected_clients=[2, 1, 3, 0], total_samples=5000, skipped_steps=0, audit=4/4
[Round 42] avg_loss=0.1651, selected_clients=[1, 0, 2, 3], total_samples=5000, skipped_steps=0, audit=4/4
[Round 43] avg_loss=0.1714, selected_clients=[0, 2, 3, 1], total_samples=5000, skipped_steps=0, audit=4/4
[Round 44] avg_loss=0.2014, selected_clients=[0, 3, 2, 1], total_samples=5000, skipped_steps=0, audit=4/4
[Round 45] avg_loss=0.1589, selected_clients=[0, 3, 1, 2], total_samples=5000, skipped_steps=0, audit=4/4
[Round 46] avg_loss=0.1723, selected_clients=[1, 3, 2, 0], total_samples=5000, skipped_steps=0, audit=4/4
[Round 47] avg_loss=0.2172, selected_clients=[1, 2, 3, 0], total_samples=5000, skipped_steps=0, audit=4/4
[Round 48] avg_loss=0.2047, selected_clients=[3, 1, 0, 2], total_samples=5000, skipped_steps=0, audit=4/4
[Round 49] avg_loss=0.1582, selected_clients=[0, 2, 1, 3], total_samples=5000, skipped_steps=0, audit=4/4
[Round 50] avg_loss=0.1487, selected_clients=[3, 1, 2, 0], total_samples=5000, skipped_steps=0, audit=4/4
[Round 51] avg_loss=0.1928, selected_clients=[0, 3, 1, 2], total_samples=5000, skipped_steps=0, audit=4/4
[Round 52] avg_loss=0.1486, selected_clients=[0, 3, 2, 1], total_samples=5000, skipped_steps=0, audit=4/4
[Round 53] avg_loss=0.1791, selected_clients=[3, 0, 1, 2], total_samples=5000, skipped_steps=0, audit=4/4
[Round 54] avg_loss=0.1807, selected_clients=[2, 1, 0, 3], total_samples=5000, skipped_steps=0, audit=4/4
[Round 55] avg_loss=0.1686, selected_clients=[3, 2, 0, 1], total_samples=5000, skipped_steps=0, audit=4/4
[Round 56] avg_loss=0.1903, selected_clients=[0, 3, 2, 1], total_samples=5000, skipped_steps=0, audit=4/4
[Round 57] avg_loss=0.1848, selected_clients=[3, 1, 2, 0], total_samples=5000, skipped_steps=0, audit=4/4
[Round 58] avg_loss=0.1583, selected_clients=[3, 0, 2, 1], total_samples=5000, skipped_steps=0, audit=4/4
[Round 59] avg_loss=0.1710, selected_clients=[0, 1, 2, 3], total_samples=5000, skipped_steps=0, audit=4/4
[Round 60] avg_loss=0.1582, selected_clients=[2, 1, 3, 0], total_samples=5000, skipped_steps=0, audit=4/4
[Round 61] avg_loss=0.1554, selected_clients=[1, 3, 0, 2], total_samples=5000, skipped_steps=0, audit=4/4
[Round 62] avg_loss=0.1653, selected_clients=[0, 2, 1, 3], total_samples=5000, skipped_steps=0, audit=4/4
[Round 63] avg_loss=0.1761, selected_clients=[0, 2, 1, 3], total_samples=5000, skipped_steps=0, audit=4/4
[Round 64] avg_loss=0.2013, selected_clients=[0, 2, 3, 1], total_samples=5000, skipped_steps=0, audit=4/4
[Round 65] avg_loss=0.1590, selected_clients=[0, 2, 3, 1], total_samples=5000, skipped_steps=0, audit=4/4
[Round 66] avg_loss=0.1665, selected_clients=[3, 0, 2, 1], total_samples=5000, skipped_steps=0, audit=4/4
[Round 67] avg_loss=0.1331, selected_clients=[0, 1, 2, 3], total_samples=5000, skipped_steps=0, audit=4/4
[Round 68] avg_loss=0.1613, selected_clients=[1, 2, 3, 0], total_samples=5000, skipped_steps=0, audit=4/4
[Round 69] avg_loss=0.1985, selected_clients=[2, 1, 0, 3], total_samples=5000, skipped_steps=0, audit=4/4
[Round 70] avg_loss=0.1493, selected_clients=[3, 1, 0, 2], total_samples=5000, skipped_steps=0, audit=4/4
[Round 71] avg_loss=0.1527, selected_clients=[3, 2, 0, 1], total_samples=5000, skipped_steps=0, audit=4/4
[Round 72] avg_loss=0.1529, selected_clients=[1, 2, 3, 0], total_samples=5000, skipped_steps=0, audit=4/4
[Round 73] avg_loss=0.1372, selected_clients=[2, 0, 3, 1], total_samples=5000, skipped_steps=0, audit=4/4
[Round 74] avg_loss=0.2005, selected_clients=[2, 0, 1, 3], total_samples=5000, skipped_steps=0, audit=4/4
[Round 75] avg_loss=0.1916, selected_clients=[0, 2, 1, 3], total_samples=5000, skipped_steps=0, audit=4/4
[Round 76] avg_loss=0.1984, selected_clients=[1, 3, 0, 2], total_samples=5000, skipped_steps=0, audit=4/4
[Round 77] avg_loss=0.1248, selected_clients=[1, 3, 2, 0], total_samples=5000, skipped_steps=0, audit=4/4
[Round 78] avg_loss=0.1833, selected_clients=[2, 0, 1, 3], total_samples=5000, skipped_steps=0, audit=4/4
[Round 79] avg_loss=0.1430, selected_clients=[2, 0, 3, 1], total_samples=5000, skipped_steps=0, audit=4/4
[Round 80] avg_loss=0.1656, selected_clients=[2, 0, 3, 1], total_samples=5000, skipped_steps=0, audit=4/4
[Round 81] avg_loss=0.1619, selected_clients=[1, 2, 3, 0], total_samples=5000, skipped_steps=0, audit=4/4
[Round 82] avg_loss=0.1768, selected_clients=[3, 2, 1, 0], total_samples=5000, skipped_steps=0, audit=4/4
[Round 83] avg_loss=0.2029, selected_clients=[0, 3, 2, 1], total_samples=5000, skipped_steps=0, audit=4/4
[Round 84] avg_loss=0.1837, selected_clients=[2, 3, 0, 1], total_samples=5000, skipped_steps=0, audit=4/4
[Round 85] avg_loss=0.2117, selected_clients=[1, 0, 3, 2], total_samples=5000, skipped_steps=0, audit=4/4
[Round 86] avg_loss=0.1564, selected_clients=[0, 1, 3, 2], total_samples=5000, skipped_steps=0, audit=4/4
[Round 87] avg_loss=0.1884, selected_clients=[0, 1, 2, 3], total_samples=5000, skipped_steps=0, audit=4/4
[Round 88] avg_loss=0.1777, selected_clients=[1, 0, 2, 3], total_samples=5000, skipped_steps=0, audit=4/4
[Round 89] avg_loss=0.1504, selected_clients=[0, 3, 1, 2], total_samples=5000, skipped_steps=0, audit=4/4
[Round 90] avg_loss=0.2097, selected_clients=[1, 3, 0, 2], total_samples=5000, skipped_steps=0, audit=4/4
[Round 91] avg_loss=0.1870, selected_clients=[3, 0, 1, 2], total_samples=5000, skipped_steps=0, audit=4/4
[Round 92] avg_loss=0.1928, selected_clients=[1, 3, 2, 0], total_samples=5000, skipped_steps=0, audit=4/4
[Round 93] avg_loss=0.1766, selected_clients=[1, 0, 2, 3], total_samples=5000, skipped_steps=0, audit=4/4
[Round 94] avg_loss=0.1887, selected_clients=[3, 1, 2, 0], total_samples=5000, skipped_steps=0, audit=4/4
[Round 95] avg_loss=0.1595, selected_clients=[2, 1, 3, 0], total_samples=5000, skipped_steps=0, audit=4/4
[Round 96] avg_loss=0.1490, selected_clients=[0, 3, 1, 2], total_samples=5000, skipped_steps=0, audit=4/4
[Round 97] avg_loss=0.2237, selected_clients=[2, 0, 3, 1], total_samples=5000, skipped_steps=0, audit=4/4
[Round 98] avg_loss=0.1499, selected_clients=[2, 3, 1, 0], total_samples=5000, skipped_steps=0, audit=4/4
[Round 99] avg_loss=0.2003, selected_clients=[0, 1, 3, 2], total_samples=5000, skipped_steps=0, audit=4/4
[Round 100] avg_loss=0.1774, selected_clients=[0, 2, 1, 3], total_samples=5000, skipped_steps=0, audit=4/4
{
  "last_round": {
    "round": 100,
    "avg_client_loss": 0.177429,
    "selected_clients": [
      0,
      2,
      1,
      3
    ],
    "total_samples": 5000,
    "skipped_steps": 0,
    "mean_client_update_l2": 0.143544,
    "max_client_update_l2": 0.149384,
    "aggregation_delta_l2": 0.076276,
    "global_lora_l2": 19.986784,
    "payload_bytes_raw_sum": 27824252,
    "payload_bytes_compressed_sum": 27832776,
    "payload_bytes_raw_mean": 6956063.0,
    "payload_bytes_compressed_mean": 6958194.0,
    "audit_verified": 4,
    "audit_records": 4,
    "round_duration_sec": 65.111
  },
  "best_loss_round": {
    "round": 77,
    "avg_client_loss": 0.124816,
    "selected_clients": [
      1,
      3,
      2,
      0
    ],
    "total_samples": 5000,
    "skipped_steps": 0,
    "mean_client_update_l2": 0.135861,
    "max_client_update_l2": 0.146083,
    "aggregation_delta_l2": 0.076382,
    "global_lora_l2": 19.943466,
    "payload_bytes_raw_sum": 27824252,
    "payload_bytes_compressed_sum": 27832776,
    "payload_bytes_raw_mean": 6956063.0,
    "payload_bytes_compressed_mean": 6958194.0,
    "audit_verified": 4,
    "audit_records": 4,
    "round_duration_sec": 66.806
  },
  "best_loss": 0.124816,
  "global_lora_final_path": "C:\\Users\\shenc\\Desktop\\feddiffsecure_minimal\\outputs\\tiny_sd_stl10_lora_fullclients_long100_run\\global_lora_final.pt",
  "global_lora_best_loss_path": "C:\\Users\\shenc\\Desktop\\feddiffsecure_minimal\\outputs\\tiny_sd_stl10_lora_fullclients_long100_run\\global_lora_best_loss.pt"
}
{
  "records": 400,
  "verified": 400,
  "failed": 0
}
Artifacts saved to: outputs\tiny_sd_stl10_lora_fullclients_long100_run
