[Round 1] avg_loss=0.2524, selected_clients=[0, 3], total_samples=1937, skipped_steps=0, audit=2/2
[Round 2] avg_loss=0.1929, selected_clients=[2, 0], total_samples=3270, skipped_steps=0, audit=2/2
[Round 3] avg_loss=0.2986, selected_clients=[1, 0], total_samples=2379, skipped_steps=0, audit=2/2
[Round 4] avg_loss=0.2379, selected_clients=[0, 2], total_samples=3270, skipped_steps=0, audit=2/2
[Round 5] avg_loss=0.2177, selected_clients=[0, 2], total_samples=3270, skipped_steps=0, audit=2/2
[Round 6] avg_loss=0.2237, selected_clients=[3, 0], total_samples=1937, skipped_steps=0, audit=2/2
[Round 7] avg_loss=0.2277, selected_clients=[0, 3], total_samples=1937, skipped_steps=0, audit=2/2
[Round 8] avg_loss=0.1958, selected_clients=[1, 0], total_samples=2379, skipped_steps=0, audit=2/2
[Round 9] avg_loss=0.2272, selected_clients=[0, 2], total_samples=3270, skipped_steps=0, audit=2/2
[Round 10] avg_loss=0.1266, selected_clients=[1, 2], total_samples=3063, skipped_steps=0, audit=2/2
[Round 11] avg_loss=0.2410, selected_clients=[3, 0], total_samples=1937, skipped_steps=0, audit=2/2
[Round 12] avg_loss=0.1780, selected_clients=[3, 2], total_samples=2621, skipped_steps=0, audit=2/2
[Round 13] avg_loss=0.1406, selected_clients=[2, 0], total_samples=3270, skipped_steps=0, audit=2/2
[Round 14] avg_loss=0.2100, selected_clients=[1, 2], total_samples=3063, skipped_steps=0, audit=2/2
[Round 15] avg_loss=0.1435, selected_clients=[3, 1], total_samples=1730, skipped_steps=0, audit=2/2
[Round 16] avg_loss=0.2043, selected_clients=[2, 0], total_samples=3270, skipped_steps=0, audit=2/2
[Round 17] avg_loss=0.0922, selected_clients=[1, 3], total_samples=1730, skipped_steps=0, audit=2/2
[Round 18] avg_loss=0.2118, selected_clients=[0, 3], total_samples=1937, skipped_steps=0, audit=2/2
[Round 19] avg_loss=0.1344, selected_clients=[3, 0], total_samples=1937, skipped_steps=0, audit=2/2
[Round 20] avg_loss=0.2266, selected_clients=[2, 1], total_samples=3063, skipped_steps=0, audit=2/2
[Round 21] avg_loss=0.1400, selected_clients=[2, 0], total_samples=3270, skipped_steps=0, audit=2/2
[Round 22] avg_loss=0.1891, selected_clients=[3, 2], total_samples=2621, skipped_steps=0, audit=2/2
[Round 23] avg_loss=0.2221, selected_clients=[0, 1], total_samples=2379, skipped_steps=0, audit=2/2
[Round 24] avg_loss=0.1951, selected_clients=[0, 2], total_samples=3270, skipped_steps=0, audit=2/2
[Round 25] avg_loss=0.2173, selected_clients=[2, 3], total_samples=2621, skipped_steps=0, audit=2/2
[Round 26] avg_loss=0.1102, selected_clients=[2, 3], total_samples=2621, skipped_steps=0, audit=2/2
[Round 27] avg_loss=0.1922, selected_clients=[1, 2], total_samples=3063, skipped_steps=0, audit=2/2
[Round 28] avg_loss=0.1716, selected_clients=[0, 3], total_samples=1937, skipped_steps=0, audit=2/2
[Round 29] avg_loss=0.1404, selected_clients=[1, 3], total_samples=1730, skipped_steps=0, audit=2/2
[Round 30] avg_loss=0.1902, selected_clients=[0, 3], total_samples=1937, skipped_steps=0, audit=2/2
[Round 31] avg_loss=0.1434, selected_clients=[0, 1], total_samples=2379, skipped_steps=0, audit=2/2
[Round 32] avg_loss=0.2396, selected_clients=[2, 1], total_samples=3063, skipped_steps=0, audit=2/2
[Round 33] avg_loss=0.1750, selected_clients=[2, 0], total_samples=3270, skipped_steps=0, audit=2/2
[Round 34] avg_loss=0.1520, selected_clients=[2, 1], total_samples=3063, skipped_steps=0, audit=2/2
[Round 35] avg_loss=0.1920, selected_clients=[1, 2], total_samples=3063, skipped_steps=0, audit=2/2
[Round 36] avg_loss=0.1992, selected_clients=[2, 3], total_samples=2621, skipped_steps=0, audit=2/2
[Round 37] avg_loss=0.1687, selected_clients=[0, 2], total_samples=3270, skipped_steps=0, audit=2/2
[Round 38] avg_loss=0.1610, selected_clients=[1, 2], total_samples=3063, skipped_steps=0, audit=2/2
[Round 39] avg_loss=0.1738, selected_clients=[1, 0], total_samples=2379, skipped_steps=0, audit=2/2
[Round 40] avg_loss=0.1978, selected_clients=[3, 1], total_samples=1730, skipped_steps=0, audit=2/2
[Round 41] avg_loss=0.2011, selected_clients=[2, 3], total_samples=2621, skipped_steps=0, audit=2/2
[Round 42] avg_loss=0.1923, selected_clients=[1, 2], total_samples=3063, skipped_steps=0, audit=2/2
[Round 43] avg_loss=0.1969, selected_clients=[2, 0], total_samples=3270, skipped_steps=0, audit=2/2
[Round 44] avg_loss=0.2658, selected_clients=[1, 0], total_samples=2379, skipped_steps=0, audit=2/2
[Round 45] avg_loss=0.1734, selected_clients=[2, 1], total_samples=3063, skipped_steps=0, audit=2/2
[Round 46] avg_loss=0.1118, selected_clients=[2, 0], total_samples=3270, skipped_steps=0, audit=2/2
[Round 47] avg_loss=0.2580, selected_clients=[1, 2], total_samples=3063, skipped_steps=0, audit=2/2
[Round 48] avg_loss=0.1668, selected_clients=[2, 0], total_samples=3270, skipped_steps=0, audit=2/2
[Round 49] avg_loss=0.2238, selected_clients=[3, 1], total_samples=1730, skipped_steps=0, audit=2/2
[Round 50] avg_loss=0.1871, selected_clients=[3, 0], total_samples=1937, skipped_steps=0, audit=2/2
[Round 51] avg_loss=0.1747, selected_clients=[2, 0], total_samples=3270, skipped_steps=0, audit=2/2
[Round 52] avg_loss=0.1444, selected_clients=[1, 2], total_samples=3063, skipped_steps=0, audit=2/2
[Round 53] avg_loss=0.2572, selected_clients=[2, 3], total_samples=2621, skipped_steps=0, audit=2/2
[Round 54] avg_loss=0.1792, selected_clients=[3, 2], total_samples=2621, skipped_steps=0, audit=2/2
[Round 55] avg_loss=0.1287, selected_clients=[3, 1], total_samples=1730, skipped_steps=0, audit=2/2
[Round 56] avg_loss=0.1943, selected_clients=[1, 0], total_samples=2379, skipped_steps=0, audit=2/2
[Round 57] avg_loss=0.2197, selected_clients=[3, 0], total_samples=1937, skipped_steps=0, audit=2/2
[Round 58] avg_loss=0.1346, selected_clients=[0, 3], total_samples=1937, skipped_steps=0, audit=2/2
[Round 59] avg_loss=0.1843, selected_clients=[1, 2], total_samples=3063, skipped_steps=0, audit=2/2
[Round 60] avg_loss=0.1921, selected_clients=[1, 2], total_samples=3063, skipped_steps=0, audit=2/2
[Round 61] avg_loss=0.1882, selected_clients=[3, 2], total_samples=2621, skipped_steps=0, audit=2/2
[Round 62] avg_loss=0.1095, selected_clients=[0, 1], total_samples=2379, skipped_steps=0, audit=2/2
[Round 63] avg_loss=0.1993, selected_clients=[3, 2], total_samples=2621, skipped_steps=0, audit=2/2
[Round 64] avg_loss=0.1775, selected_clients=[3, 2], total_samples=2621, skipped_steps=0, audit=2/2
[Round 65] avg_loss=0.1596, selected_clients=[2, 3], total_samples=2621, skipped_steps=0, audit=2/2
[Round 66] avg_loss=0.1867, selected_clients=[0, 2], total_samples=3270, skipped_steps=0, audit=2/2
[Round 67] avg_loss=0.2056, selected_clients=[0, 2], total_samples=3270, skipped_steps=0, audit=2/2
[Round 68] avg_loss=0.1907, selected_clients=[2, 3], total_samples=2621, skipped_steps=0, audit=2/2
[Round 69] avg_loss=0.2128, selected_clients=[2, 0], total_samples=3270, skipped_steps=0, audit=2/2
[Round 70] avg_loss=0.1298, selected_clients=[2, 1], total_samples=3063, skipped_steps=0, audit=2/2
[Round 71] avg_loss=0.1343, selected_clients=[1, 3], total_samples=1730, skipped_steps=0, audit=2/2
[Round 72] avg_loss=0.1886, selected_clients=[0, 2], total_samples=3270, skipped_steps=0, audit=2/2
[Round 73] avg_loss=0.2106, selected_clients=[2, 3], total_samples=2621, skipped_steps=0, audit=2/2
[Round 74] avg_loss=0.1665, selected_clients=[1, 2], total_samples=3063, skipped_steps=0, audit=2/2
[Round 75] avg_loss=0.1404, selected_clients=[0, 2], total_samples=3270, skipped_steps=0, audit=2/2
[Round 76] avg_loss=0.1497, selected_clients=[2, 3], total_samples=2621, skipped_steps=0, audit=2/2
[Round 77] avg_loss=0.1621, selected_clients=[1, 0], total_samples=2379, skipped_steps=0, audit=2/2
[Round 78] avg_loss=0.2120, selected_clients=[2, 0], total_samples=3270, skipped_steps=0, audit=2/2
[Round 79] avg_loss=0.1509, selected_clients=[0, 2], total_samples=3270, skipped_steps=0, audit=2/2
[Round 80] avg_loss=0.1441, selected_clients=[2, 1], total_samples=3063, skipped_steps=0, audit=2/2
[Round 81] avg_loss=0.1251, selected_clients=[0, 3], total_samples=1937, skipped_steps=0, audit=2/2
[Round 82] avg_loss=0.1949, selected_clients=[2, 1], total_samples=3063, skipped_steps=0, audit=2/2
[Round 83] avg_loss=0.1542, selected_clients=[1, 0], total_samples=2379, skipped_steps=0, audit=2/2
[Round 84] avg_loss=0.1769, selected_clients=[1, 2], total_samples=3063, skipped_steps=0, audit=2/2
[Round 85] avg_loss=0.1931, selected_clients=[0, 3], total_samples=1937, skipped_steps=0, audit=2/2
[Round 86] avg_loss=0.1930, selected_clients=[3, 0], total_samples=1937, skipped_steps=0, audit=2/2
[Round 87] avg_loss=0.1990, selected_clients=[1, 0], total_samples=2379, skipped_steps=0, audit=2/2
[Round 88] avg_loss=0.2115, selected_clients=[3, 2], total_samples=2621, skipped_steps=0, audit=2/2
[Round 89] avg_loss=0.1767, selected_clients=[1, 3], total_samples=1730, skipped_steps=0, audit=2/2
[Round 90] avg_loss=0.1486, selected_clients=[3, 0], total_samples=1937, skipped_steps=0, audit=2/2
[Round 91] avg_loss=0.2187, selected_clients=[1, 2], total_samples=3063, skipped_steps=0, audit=2/2
[Round 92] avg_loss=0.1304, selected_clients=[2, 1], total_samples=3063, skipped_steps=0, audit=2/2
[Round 93] avg_loss=0.0995, selected_clients=[2, 1], total_samples=3063, skipped_steps=0, audit=2/2
[Round 94] avg_loss=0.3142, selected_clients=[3, 0], total_samples=1937, skipped_steps=0, audit=2/2
[Round 95] avg_loss=0.2008, selected_clients=[1, 0], total_samples=2379, skipped_steps=0, audit=2/2
[Round 96] avg_loss=0.2270, selected_clients=[0, 1], total_samples=2379, skipped_steps=0, audit=2/2
[Round 97] avg_loss=0.1463, selected_clients=[0, 2], total_samples=3270, skipped_steps=0, audit=2/2
[Round 98] avg_loss=0.1699, selected_clients=[1, 2], total_samples=3063, skipped_steps=0, audit=2/2
[Round 99] avg_loss=0.1507, selected_clients=[1, 0], total_samples=2379, skipped_steps=0, audit=2/2
[Round 100] avg_loss=0.1672, selected_clients=[0, 2], total_samples=3270, skipped_steps=0, audit=2/2
{
  "last_round": {
    "round": 100,
    "avg_client_loss": 0.167239,
    "selected_clients": [
      0,
      2
    ],
    "total_samples": 3270,
    "skipped_steps": 0,
    "mean_client_update_l2": 0.076195,
    "max_client_update_l2": 0.08406,
    "aggregation_delta_l2": 0.052484,
    "global_lora_l2": 10.459932,
    "payload_bytes_raw_sum": 3553342,
    "payload_bytes_compressed_sum": 3554444,
    "payload_bytes_raw_mean": 1776671.0,
    "payload_bytes_compressed_mean": 1777222.0,
    "audit_verified": 2,
    "audit_records": 2,
    "round_duration_sec": 20.253
  },
  "best_loss_round": {
    "round": 17,
    "avg_client_loss": 0.09223,
    "selected_clients": [
      1,
      3
    ],
    "total_samples": 1730,
    "skipped_steps": 0,
    "mean_client_update_l2": 0.105307,
    "max_client_update_l2": 0.107127,
    "aggregation_delta_l2": 0.092697,
    "global_lora_l2": 10.013609,
    "payload_bytes_raw_sum": 3553342,
    "payload_bytes_compressed_sum": 3554444,
    "payload_bytes_raw_mean": 1776671.0,
    "payload_bytes_compressed_mean": 1777222.0,
    "audit_verified": 2,
    "audit_records": 2,
    "round_duration_sec": 20.505
  },
  "best_loss": 0.09223,
  "global_lora_final_path": "C:\\Users\\shenc\\Desktop\\feddiffsecure_minimal\\outputs\\tiny_sd_stl10_lora_rank4_long100_run\\global_lora_final.pt",
  "global_lora_best_loss_path": "C:\\Users\\shenc\\Desktop\\feddiffsecure_minimal\\outputs\\tiny_sd_stl10_lora_rank4_long100_run\\global_lora_best_loss.pt"
}
{
  "records": 200,
  "verified": 200,
  "failed": 0
}
Artifacts saved to: outputs\tiny_sd_stl10_lora_rank4_long100_run
